{
  "stats": {
    "suites": 12,
    "tests": 44,
    "passes": 37,
    "pending": 0,
    "failures": 7,
    "start": "2022-08-13T00:31:11.388Z",
    "end": "2022-08-13T00:31:21.136Z",
    "duration": 9748,
    "testsRegistered": 44,
    "passPercent": 84.0909090909091,
    "pendingPercent": 0,
    "other": 0,
    "hasOther": false,
    "skipped": 0,
    "hasSkipped": false
  },
  "results": [
    {
      "uuid": "51a80688-505f-41b3-8f24-2a29106731f0",
      "title": "",
      "fullFile": "cypress/integration/resolver_spec.js",
      "file": "cypress/integration/resolver_spec.js",
      "beforeHooks": [],
      "afterHooks": [],
      "tests": [],
      "suites": [
        {
          "uuid": "1b6d5e75-0da1-4285-b076-cc8b4e6a8471",
          "title": "Test Scenario 1: DID Resolution Result overview: https://dev.uniresolver.io/1.0/identifiers/",
          "fullFile": "",
          "file": "",
          "beforeHooks": [],
          "afterHooks": [],
          "tests": [
            {
              "title": "MUST return HTTP code 200",
              "fullTitle": "Test Scenario 1: DID Resolution Result overview: https://dev.uniresolver.io/1.0/identifiers/ MUST return HTTP code 200",
              "timedOut": null,
              "duration": 1069,
              "state": "passed",
              "speed": "fast",
              "pass": true,
              "fail": false,
              "pending": false,
              "context": null,
              "code": "cy.get(\"@request\").then(response => {\n  expect(response.status).to.eq(200);\n});",
              "err": {},
              "uuid": "cf7f7ca3-dd71-4b88-81f6-227933474a25",
              "parentUUID": "1b6d5e75-0da1-4285-b076-cc8b4e6a8471",
              "isHook": false,
              "skipped": false
            },
            {
              "title": "MUST return a JSON object",
              "fullTitle": "Test Scenario 1: DID Resolution Result overview: https://dev.uniresolver.io/1.0/identifiers/ MUST return a JSON object",
              "timedOut": null,
              "duration": 304,
              "state": "passed",
              "speed": "fast",
              "pass": true,
              "fail": false,
              "pending": false,
              "context": null,
              "code": "cy.get(\"@request\").then(response => {\n  expect(response).to.be.a(\"object\");\n});",
              "err": {},
              "uuid": "a7fb7a95-57f6-41b5-89a8-7aaa54b5e861",
              "parentUUID": "1b6d5e75-0da1-4285-b076-cc8b4e6a8471",
              "isHook": false,
              "skipped": false
            },
            {
              "title": "Should have header with Content-Type with value application/ld+json;profile=\"https://w3id.org/did-resolution\" ",
              "fullTitle": "Test Scenario 1: DID Resolution Result overview: https://dev.uniresolver.io/1.0/identifiers/ Should have header with Content-Type with value application/ld+json;profile=\"https://w3id.org/did-resolution\" ",
              "timedOut": null,
              "duration": 571,
              "state": "passed",
              "speed": "fast",
              "pass": true,
              "fail": false,
              "pending": false,
              "context": null,
              "code": "cy.get(\"@request\").then(response => {\n  expect(response.headers[\"content-type\"].replace(/\\s+/g, \"\")).contains('application/ld+json;profile=\"https://w3id.org/did-resolution');\n});",
              "err": {},
              "uuid": "0880c235-c8d9-467b-b393-7c8985941e38",
              "parentUUID": "1b6d5e75-0da1-4285-b076-cc8b4e6a8471",
              "isHook": false,
              "skipped": false
            },
            {
              "title": "Must contain property didDocument",
              "fullTitle": "Test Scenario 1: DID Resolution Result overview: https://dev.uniresolver.io/1.0/identifiers/ Must contain property didDocument",
              "timedOut": null,
              "duration": 202,
              "state": "passed",
              "speed": "fast",
              "pass": true,
              "fail": false,
              "pending": false,
              "context": null,
              "code": "cy.get(\"@request\").then(response => {\n  expect(response.body).to.have.property(\"didDocument\");\n});",
              "err": {},
              "uuid": "9234aa7d-5099-4d13-9280-da98453ab0cf",
              "parentUUID": "1b6d5e75-0da1-4285-b076-cc8b4e6a8471",
              "isHook": false,
              "skipped": false
            },
            {
              "title": "Must contain property didResolutionMetadata",
              "fullTitle": "Test Scenario 1: DID Resolution Result overview: https://dev.uniresolver.io/1.0/identifiers/ Must contain property didResolutionMetadata",
              "timedOut": null,
              "duration": 200,
              "state": "passed",
              "speed": "fast",
              "pass": true,
              "fail": false,
              "pending": false,
              "context": null,
              "code": "cy.get(\"@request\").then(response => {\n  expect(response.body).to.have.property(\"didResolutionMetadata\");\n});",
              "err": {},
              "uuid": "0e6e8f49-c00c-426e-aa53-412f9796d3ab",
              "parentUUID": "1b6d5e75-0da1-4285-b076-cc8b4e6a8471",
              "isHook": false,
              "skipped": false
            },
            {
              "title": "Must contain property didDocumentMetadata",
              "fullTitle": "Test Scenario 1: DID Resolution Result overview: https://dev.uniresolver.io/1.0/identifiers/ Must contain property didDocumentMetadata",
              "timedOut": null,
              "duration": 791,
              "state": "passed",
              "speed": "fast",
              "pass": true,
              "fail": false,
              "pending": false,
              "context": null,
              "code": "cy.get(\"@request\").then(response => {\n  expect(response.body).to.have.property(\"didDocumentMetadata\");\n});",
              "err": {},
              "uuid": "2870d056-2b67-40e4-b78c-a940bda88ca1",
              "parentUUID": "1b6d5e75-0da1-4285-b076-cc8b4e6a8471",
              "isHook": false,
              "skipped": false
            }
          ],
          "suites": [],
          "passes": [
            "cf7f7ca3-dd71-4b88-81f6-227933474a25",
            "a7fb7a95-57f6-41b5-89a8-7aaa54b5e861",
            "0880c235-c8d9-467b-b393-7c8985941e38",
            "9234aa7d-5099-4d13-9280-da98453ab0cf",
            "0e6e8f49-c00c-426e-aa53-412f9796d3ab",
            "2870d056-2b67-40e4-b78c-a940bda88ca1"
          ],
          "failures": [],
          "pending": [],
          "skipped": [],
          "duration": 3137,
          "root": false,
          "rootEmpty": false,
          "_timeout": 2000
        },
        {
          "uuid": "3683885b-d0c8-467c-b446-bfb75a62d326",
          "title": "Test Scenario 2: JSON-LD DID document",
          "fullFile": "",
          "file": "",
          "beforeHooks": [],
          "afterHooks": [],
          "tests": [
            {
              "title": "Should have response status 200",
              "fullTitle": "Test Scenario 2: JSON-LD DID document Should have response status 200",
              "timedOut": null,
              "duration": 295,
              "state": "passed",
              "speed": "fast",
              "pass": true,
              "fail": false,
              "pending": false,
              "context": null,
              "code": "cy.get(\"@request\").then(response => {\n  expect(response.status).to.eq(200);\n});",
              "err": {},
              "uuid": "87b5b838-3b6f-40b8-be69-edf8d658dbbe",
              "parentUUID": "3683885b-d0c8-467c-b446-bfb75a62d326",
              "isHook": false,
              "skipped": false
            },
            {
              "title": "MUST return a JSON object",
              "fullTitle": "Test Scenario 2: JSON-LD DID document MUST return a JSON object",
              "timedOut": null,
              "duration": 859,
              "state": "passed",
              "speed": "fast",
              "pass": true,
              "fail": false,
              "pending": false,
              "context": null,
              "code": "cy.get(\"@request\").then(response => {\n  expect(response).to.be.a(\"object\");\n});",
              "err": {},
              "uuid": "6f126959-75fa-4fb4-bff1-87712b1c8ce5",
              "parentUUID": "3683885b-d0c8-467c-b446-bfb75a62d326",
              "isHook": false,
              "skipped": false
            },
            {
              "title": "Should have header with content type",
              "fullTitle": "Test Scenario 2: JSON-LD DID document Should have header with content type",
              "timedOut": null,
              "duration": 324,
              "state": "passed",
              "speed": "fast",
              "pass": true,
              "fail": false,
              "pending": false,
              "context": null,
              "code": "cy.get(\"@request\").then(response => {\n  expect(response.headers[\"content-type\"]).to.contain(\"application/did+ld+json\");\n});",
              "err": {},
              "uuid": "befead08-22b8-4e26-8a01-578c103ea2c1",
              "parentUUID": "3683885b-d0c8-467c-b446-bfb75a62d326",
              "isHook": false,
              "skipped": false
            },
            {
              "title": "Should not have property didDocument",
              "fullTitle": "Test Scenario 2: JSON-LD DID document Should not have property didDocument",
              "timedOut": null,
              "duration": 294,
              "state": "passed",
              "speed": "fast",
              "pass": true,
              "fail": false,
              "pending": false,
              "context": null,
              "code": "cy.get(\"@request\").then(response => {\n  expect(response.body).not.to.have.property(\"didDocument\");\n});",
              "err": {},
              "uuid": "a0fca10e-d9e8-480b-ae1a-f74d642e7be0",
              "parentUUID": "3683885b-d0c8-467c-b446-bfb75a62d326",
              "isHook": false,
              "skipped": false
            },
            {
              "title": "Should have property @context",
              "fullTitle": "Test Scenario 2: JSON-LD DID document Should have property @context",
              "timedOut": null,
              "duration": 457,
              "state": "passed",
              "speed": "fast",
              "pass": true,
              "fail": false,
              "pending": false,
              "context": null,
              "code": "cy.get(\"@request\").then(response => {\n  expect(response.body).to.have.property(\"@context\");\n});",
              "err": {},
              "uuid": "61743401-8836-45ee-b399-43d7530c64ea",
              "parentUUID": "3683885b-d0c8-467c-b446-bfb75a62d326",
              "isHook": false,
              "skipped": false
            }
          ],
          "suites": [],
          "passes": [
            "87b5b838-3b6f-40b8-be69-edf8d658dbbe",
            "6f126959-75fa-4fb4-bff1-87712b1c8ce5",
            "befead08-22b8-4e26-8a01-578c103ea2c1",
            "a0fca10e-d9e8-480b-ae1a-f74d642e7be0",
            "61743401-8836-45ee-b399-43d7530c64ea"
          ],
          "failures": [],
          "pending": [],
          "skipped": [],
          "duration": 2229,
          "root": false,
          "rootEmpty": false,
          "_timeout": 2000
        },
        {
          "uuid": "bddb6281-d6b0-41f8-93aa-3352e9b87257",
          "title": "Test Scenario 2b: CBOR DID document: https://dev.uniresolver.io/1.0/identifiers/",
          "fullFile": "",
          "file": "",
          "beforeHooks": [],
          "afterHooks": [],
          "tests": [
            {
              "title": "MUST return HTTP response status 200",
              "fullTitle": "Test Scenario 2b: CBOR DID document: https://dev.uniresolver.io/1.0/identifiers/ MUST return HTTP response status 200",
              "timedOut": null,
              "duration": 221,
              "state": "passed",
              "speed": "fast",
              "pass": true,
              "fail": false,
              "pending": false,
              "context": null,
              "code": "cy.request({\n  method: \"GET\",\n  url: endpoint + \"did:sov:WRfXPg8dantKVubE3HX8pw\",\n  headers: {\n    Accept: \"application/did+cbor\"\n  },\n  failOnStatusCode: false\n}).then(response => {\n  expect(response.status).to.eq(200);\n});",
              "err": {},
              "uuid": "e604930b-e990-44f6-a7dc-a7ba3418adb3",
              "parentUUID": "bddb6281-d6b0-41f8-93aa-3352e9b87257",
              "isHook": false,
              "skipped": false
            }
          ],
          "suites": [],
          "passes": [
            "e604930b-e990-44f6-a7dc-a7ba3418adb3"
          ],
          "failures": [],
          "pending": [],
          "skipped": [],
          "duration": 221,
          "root": false,
          "rootEmpty": false,
          "_timeout": 2000
        },
        {
          "uuid": "1076bfae-335a-4377-9713-aee6fadb603d",
          "title": "Test Scenario 3: Representation not supported",
          "fullFile": "",
          "file": "",
          "beforeHooks": [],
          "afterHooks": [],
          "tests": [
            {
              "title": "MUST return HTTP code 406",
              "fullTitle": "Test Scenario 3: Representation not supported MUST return HTTP code 406",
              "timedOut": null,
              "duration": 438,
              "state": "passed",
              "speed": "fast",
              "pass": true,
              "fail": false,
              "pending": false,
              "context": null,
              "code": "cy.request({\n  method: \"GET\",\n  url: endpoint + \"did:sov:WRfXPg8dantKVubE3HX8pw\",\n  failOnStatusCode: false,\n  headers: {\n    Accept: \"image/png\"\n  }\n}).then(response => {\n  expect(response.status).to.eq(406);\n});",
              "err": {},
              "uuid": "814f6f5e-7787-42fa-bdf0-1f2680067874",
              "parentUUID": "1076bfae-335a-4377-9713-aee6fadb603d",
              "isHook": false,
              "skipped": false
            }
          ],
          "suites": [],
          "passes": [
            "814f6f5e-7787-42fa-bdf0-1f2680067874"
          ],
          "failures": [],
          "pending": [],
          "skipped": [],
          "duration": 438,
          "root": false,
          "rootEmpty": false,
          "_timeout": 2000
        },
        {
          "uuid": "724bba63-8746-4618-89bd-4a6eaae5d8c9",
          "title": "Test Scenario 4: Deactivated",
          "fullFile": "",
          "file": "",
          "beforeHooks": [],
          "afterHooks": [],
          "tests": [
            {
              "title": "MUST return HTTP code 410",
              "fullTitle": "Test Scenario 4: Deactivated MUST return HTTP code 410",
              "timedOut": null,
              "duration": 262,
              "state": "passed",
              "speed": "fast",
              "pass": true,
              "fail": false,
              "pending": false,
              "context": null,
              "code": "cy.request({\n  method: \"GET\",\n  url: endpoint + \"did:kilt:4r6RdVMNes2eEobxyxH7aVsesUqR2X175sUAXJfo7dEWxHUS\",\n  failOnStatusCode: false\n}).then(response => {\n  expect(response.status).to.eq(410);\n});",
              "err": {},
              "uuid": "b2999836-e321-4973-9bf4-1634db7ddb56",
              "parentUUID": "724bba63-8746-4618-89bd-4a6eaae5d8c9",
              "isHook": false,
              "skipped": false
            },
            {
              "title": "MUST return a JSON object",
              "fullTitle": "Test Scenario 4: Deactivated MUST return a JSON object",
              "timedOut": null,
              "duration": 252,
              "state": "passed",
              "speed": "fast",
              "pass": true,
              "fail": false,
              "pending": false,
              "context": null,
              "code": "cy.request({\n  method: \"GET\",\n  url: endpoint + \"did:kilt:4r6RdVMNes2eEobxyxH7aVsesUqR2X175sUAXJfo7dEWxHUS\",\n  failOnStatusCode: false\n}).then(response => {\n  expect(response).to.be.a(\"object\");\n});",
              "err": {},
              "uuid": "1146a2f5-dd6f-493d-94fd-10208d0d9397",
              "parentUUID": "724bba63-8746-4618-89bd-4a6eaae5d8c9",
              "isHook": false,
              "skipped": false
            },
            {
              "title": "MUST return HTTP header Content-Type",
              "fullTitle": "Test Scenario 4: Deactivated MUST return HTTP header Content-Type",
              "timedOut": null,
              "duration": 254,
              "state": "passed",
              "speed": "fast",
              "pass": true,
              "fail": false,
              "pending": false,
              "context": null,
              "code": "cy.request({\n  method: \"GET\",\n  url: endpoint + \"did:kilt:4r6RdVMNes2eEobxyxH7aVsesUqR2X175sUAXJfo7dEWxHUS\",\n  failOnStatusCode: false\n}).then(response => {\n  expect(response.headers[\"content-type\"]).to.contain('application/ld+json;profile=\"https://w3id.org/did-resolution\"');\n});",
              "err": {},
              "uuid": "b4fcab32-b17e-4379-9770-690473e42ebe",
              "parentUUID": "724bba63-8746-4618-89bd-4a6eaae5d8c9",
              "isHook": false,
              "skipped": false
            },
            {
              "title": "JSON object MUST contain property didDocumentMetadata.deactivated = true",
              "fullTitle": "Test Scenario 4: Deactivated JSON object MUST contain property didDocumentMetadata.deactivated = true",
              "timedOut": null,
              "duration": 257,
              "state": "passed",
              "speed": "fast",
              "pass": true,
              "fail": false,
              "pending": false,
              "context": null,
              "code": "cy.request({\n  method: \"GET\",\n  url: endpoint + \"did:kilt:4r6RdVMNes2eEobxyxH7aVsesUqR2X175sUAXJfo7dEWxHUS\",\n  failOnStatusCode: false\n}).then(response => {\n  expect(response.body.didDocumentMetadata.deactivated).to.eq(true);\n});",
              "err": {},
              "uuid": "5f87ac03-f8fb-4b27-bc73-67ffacaf4456",
              "parentUUID": "724bba63-8746-4618-89bd-4a6eaae5d8c9",
              "isHook": false,
              "skipped": false
            }
          ],
          "suites": [],
          "passes": [
            "b2999836-e321-4973-9bf4-1634db7ddb56",
            "1146a2f5-dd6f-493d-94fd-10208d0d9397",
            "b4fcab32-b17e-4379-9770-690473e42ebe",
            "5f87ac03-f8fb-4b27-bc73-67ffacaf4456"
          ],
          "failures": [],
          "pending": [],
          "skipped": [],
          "duration": 1025,
          "root": false,
          "rootEmpty": false,
          "_timeout": 2000
        },
        {
          "uuid": "9d7062a6-a105-4c9e-b215-cc01a066d7cd",
          "title": "Test Scenario 5: Not found",
          "fullFile": "",
          "file": "",
          "beforeHooks": [],
          "afterHooks": [],
          "tests": [
            {
              "title": "MUST return HTTP code 404",
              "fullTitle": "Test Scenario 5: Not found MUST return HTTP code 404",
              "timedOut": null,
              "duration": 58,
              "state": "passed",
              "speed": "fast",
              "pass": true,
              "fail": false,
              "pending": false,
              "context": null,
              "code": "cy.request({\n  method: \"GET\",\n  url: endpoint + \"did:sov:0000000000000000000000\",\n  failOnStatusCode: false\n}).then(response => {\n  expect(response.status).to.eq(404);\n});",
              "err": {},
              "uuid": "b9f6d380-e130-4cd9-b14b-c0481fc313bf",
              "parentUUID": "9d7062a6-a105-4c9e-b215-cc01a066d7cd",
              "isHook": false,
              "skipped": false
            },
            {
              "title": "MUST return HTTP header Content-Type with value application/ld+json;profile=\"https://w3id.org/did-resolution\"",
              "fullTitle": "Test Scenario 5: Not found MUST return HTTP header Content-Type with value application/ld+json;profile=\"https://w3id.org/did-resolution\"",
              "timedOut": null,
              "duration": 40,
              "state": "passed",
              "speed": "fast",
              "pass": true,
              "fail": false,
              "pending": false,
              "context": null,
              "code": "cy.request({\n  method: \"GET\",\n  url: endpoint + \"did:sov:0000000000000000000000\",\n  failOnStatusCode: false\n}).then(response => {\n  expect(response.headers[\"content-type\"]).to.contain('application/ld+json;profile=\"https://w3id.org/did-resolution\"');\n});",
              "err": {},
              "uuid": "4fa185bf-6f09-4dc5-a722-4a49c8f10c08",
              "parentUUID": "9d7062a6-a105-4c9e-b215-cc01a066d7cd",
              "isHook": false,
              "skipped": false
            },
            {
              "title": "MUST return a JSON object",
              "fullTitle": "Test Scenario 5: Not found MUST return a JSON object",
              "timedOut": null,
              "duration": 48,
              "state": "passed",
              "speed": "fast",
              "pass": true,
              "fail": false,
              "pending": false,
              "context": null,
              "code": "cy.request({\n  method: \"GET\",\n  url: endpoint + \"did:sov:0000000000000000000000\",\n  failOnStatusCode: false\n}).then(response => {\n  expect(response).to.be.a(\"object\");\n});",
              "err": {},
              "uuid": "2f5087a7-615e-4b61-9a7c-e6b32c91a2b1",
              "parentUUID": "9d7062a6-a105-4c9e-b215-cc01a066d7cd",
              "isHook": false,
              "skipped": false
            },
            {
              "title": "JSON object MUST contain property didResolutionMetadata.error = \"notFound\"",
              "fullTitle": "Test Scenario 5: Not found JSON object MUST contain property didResolutionMetadata.error = \"notFound\"",
              "timedOut": null,
              "duration": 50,
              "state": "passed",
              "speed": "fast",
              "pass": true,
              "fail": false,
              "pending": false,
              "context": null,
              "code": "cy.request({\n  method: \"GET\",\n  url: \"https://dev.uniresolver.io/1.0/identifiers/did:sov:0000000000000000000000\",\n  failOnStatusCode: false\n}).then(response => {\n  expect(response.body.didResolutionMetadata.error).to.eq(\"notFound\");\n});",
              "err": {},
              "uuid": "4d4a804f-faec-4fe0-9f19-439007bb9516",
              "parentUUID": "9d7062a6-a105-4c9e-b215-cc01a066d7cd",
              "isHook": false,
              "skipped": false
            }
          ],
          "suites": [],
          "passes": [
            "b9f6d380-e130-4cd9-b14b-c0481fc313bf",
            "4fa185bf-6f09-4dc5-a722-4a49c8f10c08",
            "2f5087a7-615e-4b61-9a7c-e6b32c91a2b1",
            "4d4a804f-faec-4fe0-9f19-439007bb9516"
          ],
          "failures": [],
          "pending": [],
          "skipped": [],
          "duration": 196,
          "root": false,
          "rootEmpty": false,
          "_timeout": 2000
        },
        {
          "uuid": "974eb1ef-89dd-4bce-a987-03f47700c9b4",
          "title": "Test Scenario 6: Invalid DID",
          "fullFile": "",
          "file": "",
          "beforeHooks": [],
          "afterHooks": [],
          "tests": [
            {
              "title": "MUST return HTTP code 400",
              "fullTitle": "Test Scenario 6: Invalid DID MUST return HTTP code 400",
              "timedOut": null,
              "duration": 35,
              "state": "passed",
              "speed": "fast",
              "pass": true,
              "fail": false,
              "pending": false,
              "context": null,
              "code": "cy.request({\n  method: \"GET\",\n  url: endpoint + \"did:example_222\",\n  failOnStatusCode: false\n}).then(response => {\n  expect(response.status).to.eq(400);\n});",
              "err": {},
              "uuid": "0233c618-ff05-4174-839f-1a54011e44fe",
              "parentUUID": "974eb1ef-89dd-4bce-a987-03f47700c9b4",
              "isHook": false,
              "skipped": false
            },
            {
              "title": "MUST return HTTP header Content-Type with value application/ld+json;profile=\"https://w3id.org/did-resolution\"",
              "fullTitle": "Test Scenario 6: Invalid DID MUST return HTTP header Content-Type with value application/ld+json;profile=\"https://w3id.org/did-resolution\"",
              "timedOut": null,
              "duration": 34,
              "state": "passed",
              "speed": "fast",
              "pass": true,
              "fail": false,
              "pending": false,
              "context": null,
              "code": "cy.request({\n  method: \"GET\",\n  url: endpoint + \"did:example_222\",\n  failOnStatusCode: false\n}).then(response => {\n  expect(response.headers[\"content-type\"]).to.contain('application/ld+json;profile=\"https://w3id.org/did-resolution\"');\n});",
              "err": {},
              "uuid": "e96a4d76-0777-4f22-a32e-4f3be0dfae20",
              "parentUUID": "974eb1ef-89dd-4bce-a987-03f47700c9b4",
              "isHook": false,
              "skipped": false
            },
            {
              "title": "MUST return a JSON object",
              "fullTitle": "Test Scenario 6: Invalid DID MUST return a JSON object",
              "timedOut": null,
              "duration": 35,
              "state": "passed",
              "speed": "fast",
              "pass": true,
              "fail": false,
              "pending": false,
              "context": null,
              "code": "cy.request({\n  method: \"GET\",\n  url: endpoint + \"did:example_222\",\n  failOnStatusCode: false\n}).then(response => {\n  expect(response).to.be.a(\"object\");\n});",
              "err": {},
              "uuid": "903bc670-6948-4b66-a4f0-e0846b436cfa",
              "parentUUID": "974eb1ef-89dd-4bce-a987-03f47700c9b4",
              "isHook": false,
              "skipped": false
            },
            {
              "title": "JSON object MUST contain property didResolutionMetadata.error = \"invalidDid\"",
              "fullTitle": "Test Scenario 6: Invalid DID JSON object MUST contain property didResolutionMetadata.error = \"invalidDid\"",
              "timedOut": null,
              "duration": 34,
              "state": "passed",
              "speed": "fast",
              "pass": true,
              "fail": false,
              "pending": false,
              "context": null,
              "code": "cy.request({\n  method: \"GET\",\n  url: endpoint + \"did:example_222\",\n  failOnStatusCode: false\n}).then(response => {\n  expect(response.body.didResolutionMetadata.error).to.contain(\"invalidDid\");\n});",
              "err": {},
              "uuid": "b8a507f0-61cf-4a09-b66e-2433548c37f2",
              "parentUUID": "974eb1ef-89dd-4bce-a987-03f47700c9b4",
              "isHook": false,
              "skipped": false
            }
          ],
          "suites": [],
          "passes": [
            "0233c618-ff05-4174-839f-1a54011e44fe",
            "e96a4d76-0777-4f22-a32e-4f3be0dfae20",
            "903bc670-6948-4b66-a4f0-e0846b436cfa",
            "b8a507f0-61cf-4a09-b66e-2433548c37f2"
          ],
          "failures": [],
          "pending": [],
          "skipped": [],
          "duration": 138,
          "root": false,
          "rootEmpty": false,
          "_timeout": 2000
        },
        {
          "uuid": "c12afb3a-5409-4823-bb0e-61b5a8e61f7b",
          "title": "Test Scenario 7: DID URLs with fragments",
          "fullFile": "",
          "file": "",
          "beforeHooks": [],
          "afterHooks": [],
          "tests": [
            {
              "title": "Must return HTTP code 200",
              "fullTitle": "Test Scenario 7: DID URLs with fragments Must return HTTP code 200",
              "timedOut": null,
              "duration": 52,
              "state": "failed",
              "speed": null,
              "pass": false,
              "fail": true,
              "pending": false,
              "context": null,
              "code": "cy.get(\"@request\").then(response => {\n  expect(response.status).to.eq(200);\n});",
              "err": {
                "message": "AssertionError: expected 400 to equal 200",
                "estack": "AssertionError: expected 400 to equal 200\n    at Context.eval (http://localhost:40065/__cypress/tests?p=cypress/integration/resolver_spec.js:356:36)",
                "diff": "- 400\n+ 200\n"
              },
              "uuid": "66466ad6-6411-4dc1-b990-e23fa953bc0a",
              "parentUUID": "c12afb3a-5409-4823-bb0e-61b5a8e61f7b",
              "isHook": false,
              "skipped": false
            },
            {
              "title": "MUST return a JSON object",
              "fullTitle": "Test Scenario 7: DID URLs with fragments MUST return a JSON object",
              "timedOut": null,
              "duration": 56,
              "state": "passed",
              "speed": "fast",
              "pass": true,
              "fail": false,
              "pending": false,
              "context": null,
              "code": "cy.get(\"@request\").then(response => {\n  expect(response).to.be.a(\"object\");\n});",
              "err": {},
              "uuid": "2f66ab97-5a2e-4cfa-970d-15c87ebfc993",
              "parentUUID": "c12afb3a-5409-4823-bb0e-61b5a8e61f7b",
              "isHook": false,
              "skipped": false
            },
            {
              "title": "MUST return HTTP header Content-Type with value application/did+ld+json",
              "fullTitle": "Test Scenario 7: DID URLs with fragments MUST return HTTP header Content-Type with value application/did+ld+json",
              "timedOut": null,
              "duration": 46,
              "state": "passed",
              "speed": "fast",
              "pass": true,
              "fail": false,
              "pending": false,
              "context": null,
              "code": "cy.get(\"@request\").then(response => {\n  expect(response.headers[\"content-type\"]).to.contain(\"application/did+ld+json\");\n});",
              "err": {},
              "uuid": "a072c8ca-080e-4858-aa1c-a494d3d5983e",
              "parentUUID": "c12afb3a-5409-4823-bb0e-61b5a8e61f7b",
              "isHook": false,
              "skipped": false
            },
            {
              "title": "JSON object MUST NOT contain property didDocument",
              "fullTitle": "Test Scenario 7: DID URLs with fragments JSON object MUST NOT contain property didDocument",
              "timedOut": null,
              "duration": 42,
              "state": "passed",
              "speed": "fast",
              "pass": true,
              "fail": false,
              "pending": false,
              "context": null,
              "code": "cy.get(\"@request\").then(response => {\n  expect(response.body).not.to.have.property(\"didDocument\");\n});",
              "err": {},
              "uuid": "68717994-e6be-4da0-a5b8-9451034a17ad",
              "parentUUID": "c12afb3a-5409-4823-bb0e-61b5a8e61f7b",
              "isHook": false,
              "skipped": false
            },
            {
              "title": "JSON object MUST contain property @context",
              "fullTitle": "Test Scenario 7: DID URLs with fragments JSON object MUST contain property @context",
              "timedOut": null,
              "duration": 41,
              "state": "failed",
              "speed": null,
              "pass": false,
              "fail": true,
              "pending": false,
              "context": null,
              "code": "cy.get(\"@request\").then(response => {\n  expect(response.body).to.have.property(\"@context\");\n});",
              "err": {
                "message": "AssertionError: expected '' to have property '@context'",
                "estack": "AssertionError: expected '' to have property '@context'\n    at Context.eval (http://localhost:40065/__cypress/tests?p=cypress/integration/resolver_spec.js:376:39)",
                "diff": null
              },
              "uuid": "e04dbef7-b2b1-48a9-a44b-3fbf19a152ff",
              "parentUUID": "c12afb3a-5409-4823-bb0e-61b5a8e61f7b",
              "isHook": false,
              "skipped": false
            },
            {
              "title": "JSON object MUST contain property type",
              "fullTitle": "Test Scenario 7: DID URLs with fragments JSON object MUST contain property type",
              "timedOut": null,
              "duration": 53,
              "state": "failed",
              "speed": null,
              "pass": false,
              "fail": true,
              "pending": false,
              "context": null,
              "code": "cy.get(\"@request\").then(response => {\n  expect(response.body).to.have.property(\"type\");\n});",
              "err": {
                "message": "AssertionError: expected '' to have property 'type'",
                "estack": "AssertionError: expected '' to have property 'type'\n    at Context.eval (http://localhost:40065/__cypress/tests?p=cypress/integration/resolver_spec.js:381:39)",
                "diff": null
              },
              "uuid": "e0ed1c1a-af20-4b15-b93d-86afc2a11b7f",
              "parentUUID": "c12afb3a-5409-4823-bb0e-61b5a8e61f7b",
              "isHook": false,
              "skipped": false
            },
            {
              "title": "JSON object MUST contain property id with value application/did+ld+json",
              "fullTitle": "Test Scenario 7: DID URLs with fragments JSON object MUST contain property id with value application/did+ld+json",
              "timedOut": null,
              "duration": 56,
              "state": "failed",
              "speed": null,
              "pass": false,
              "fail": true,
              "pending": false,
              "context": null,
              "code": "cy.get(\"@request\").then(response => {\n  expect(response.body).to.have.property(\"id\");\n  expect(response.body[\"id\"]).to.contain(\"did:sov:WRfXPg8dantKVubE3HX8pw#key-1\");\n});",
              "err": {
                "message": "AssertionError: expected '' to have property 'id'",
                "estack": "AssertionError: expected '' to have property 'id'\n    at Context.eval (http://localhost:40065/__cypress/tests?p=cypress/integration/resolver_spec.js:386:39)",
                "diff": null
              },
              "uuid": "a91a6c3d-ed0a-4f44-9435-e91f18793835",
              "parentUUID": "c12afb3a-5409-4823-bb0e-61b5a8e61f7b",
              "isHook": false,
              "skipped": false
            }
          ],
          "suites": [],
          "passes": [
            "2f66ab97-5a2e-4cfa-970d-15c87ebfc993",
            "a072c8ca-080e-4858-aa1c-a494d3d5983e",
            "68717994-e6be-4da0-a5b8-9451034a17ad"
          ],
          "failures": [
            "66466ad6-6411-4dc1-b990-e23fa953bc0a",
            "e04dbef7-b2b1-48a9-a44b-3fbf19a152ff",
            "e0ed1c1a-af20-4b15-b93d-86afc2a11b7f",
            "a91a6c3d-ed0a-4f44-9435-e91f18793835"
          ],
          "pending": [],
          "skipped": [],
          "duration": 346,
          "root": false,
          "rootEmpty": false,
          "_timeout": 2000
        },
        {
          "uuid": "8957a955-2e9a-4e82-ad20-502475f10134",
          "title": "Test Scenario 8: Service and relativeRef parameters",
          "fullFile": "",
          "file": "",
          "beforeHooks": [],
          "afterHooks": [],
          "tests": [
            {
              "title": "Fetches DID",
              "fullTitle": "Test Scenario 8: Service and relativeRef parameters Fetches DID",
              "timedOut": null,
              "duration": 41,
              "state": "passed",
              "speed": "fast",
              "pass": true,
              "fail": false,
              "pending": false,
              "context": null,
              "code": "cy.request({\n  method: \"GET\",\n  url: endpoint + \"did:web:danubetech.com?service=github&relativeRef=did-method-dns\",\n  headers: {\n    Accept: \"text/uri-list\"\n  },\n  failOnStatusCode: false\n}).as(\"response\");\nit(\"MUST return HTTP response status equals 303\", () => {\n  cy.get(\"@response\").then(response => {\n    expect(response.status).to.eq(303);\n  });\n});\nit(\"MUST return a JSON object\", () => {\n  cy.get(\"@request\").then(response => {\n    expect(response).to.be.a(\"object\");\n  });\n});",
              "err": {},
              "uuid": "1060f855-b025-47cf-a390-cb1ec4570354",
              "parentUUID": "8957a955-2e9a-4e82-ad20-502475f10134",
              "isHook": false,
              "skipped": false
            }
          ],
          "suites": [],
          "passes": [
            "1060f855-b025-47cf-a390-cb1ec4570354"
          ],
          "failures": [],
          "pending": [],
          "skipped": [],
          "duration": 41,
          "root": false,
          "rootEmpty": false,
          "_timeout": 2000
        },
        {
          "uuid": "0e537fd0-c83c-4231-aef8-7891e86b1904",
          "title": "Test Scenario 9: DID URLs with transformKeys",
          "fullFile": "",
          "file": "",
          "beforeHooks": [],
          "afterHooks": [],
          "tests": [
            {
              "title": "MUST return HTTP response status 200",
              "fullTitle": "Test Scenario 9: DID URLs with transformKeys MUST return HTTP response status 200",
              "timedOut": null,
              "duration": 34,
              "state": "failed",
              "speed": null,
              "pass": false,
              "fail": true,
              "pending": false,
              "context": null,
              "code": "cy.request({\n  method: \"GET\",\n  url: endpoint + \"did:sov:WRfXPg8dantKVubE3HX8pw?transformKeys=JsonWebKey2020\",\n  headers: {\n    Accept: \"application/did+ld+json\",\n    Authorization: \"Bearer b082c420-df67-4b06-899c-b7c51d75fba0\"\n  },\n  failOnStatusCode: false\n}).then(response => {\n  expect(response.status).to.eq(200);\n});",
              "err": {
                "message": "AssertionError: expected 400 to equal 200",
                "estack": "AssertionError: expected 400 to equal 200\n    at Context.eval (http://localhost:40065/__cypress/tests?p=cypress/integration/resolver_spec.js:431:36)",
                "diff": "- 400\n+ 200\n"
              },
              "uuid": "c9720baa-05af-4bc0-82ee-ae603171544a",
              "parentUUID": "0e537fd0-c83c-4231-aef8-7891e86b1904",
              "isHook": false,
              "skipped": false
            },
            {
              "title": "MUST return a JSON object",
              "fullTitle": "Test Scenario 9: DID URLs with transformKeys MUST return a JSON object",
              "timedOut": null,
              "duration": 59,
              "state": "passed",
              "speed": "fast",
              "pass": true,
              "fail": false,
              "pending": false,
              "context": null,
              "code": "cy.request({\n  method: \"GET\",\n  url: endpoint + \"did:sov:WRfXPg8dantKVubE3HX8pw?transformKeys=JsonWebKey2020\",\n  headers: {\n    Accept: \"application/did+ld+json\",\n    Authorization: \"Bearer b082c420-df67-4b06-899c-b7c51d75fba0\"\n  },\n  failOnStatusCode: false\n}).then(response => {\n  expect(response).to.be.a(\"object\");\n});",
              "err": {},
              "uuid": "7519616a-68c9-4471-9f75-68bffac147c1",
              "parentUUID": "0e537fd0-c83c-4231-aef8-7891e86b1904",
              "isHook": false,
              "skipped": false
            },
            {
              "title": "MUST return property verificationMethod of type JsonWebKey2020",
              "fullTitle": "Test Scenario 9: DID URLs with transformKeys MUST return property verificationMethod of type JsonWebKey2020",
              "timedOut": null,
              "duration": 36,
              "state": "failed",
              "speed": null,
              "pass": false,
              "fail": true,
              "pending": false,
              "context": null,
              "code": "cy.request({\n  method: \"GET\",\n  url: endpoint + \"did:sov:WRfXPg8dantKVubE3HX8pw?transformKeys=JsonWebKey2020\",\n  headers: {\n    Accept: \"application/did+ld+json\",\n    Authorization: \"Bearer b082c420-df67-4b06-899c-b7c51d75fba0\"\n  },\n  failOnStatusCode: false\n}).then(response => {\n  response.body.verificationMethod.forEach(out => {\n    expect(out).has.property(\"type\", \"JsonWebKey2020\");\n  });\n});",
              "err": {
                "message": "TypeError: Cannot read properties of undefined (reading 'forEach')",
                "estack": "TypeError: Cannot read properties of undefined (reading 'forEach')\n    at Context.eval (http://localhost:40065/__cypress/tests?p=cypress/integration/resolver_spec.js:457:42)",
                "diff": null
              },
              "uuid": "e0ddc3db-022a-4ac4-b306-94dc080307bf",
              "parentUUID": "0e537fd0-c83c-4231-aef8-7891e86b1904",
              "isHook": false,
              "skipped": false
            },
            {
              "title": "MUST return HTTP header with Content-Type",
              "fullTitle": "Test Scenario 9: DID URLs with transformKeys MUST return HTTP header with Content-Type",
              "timedOut": null,
              "duration": 75,
              "state": "passed",
              "speed": "fast",
              "pass": true,
              "fail": false,
              "pending": false,
              "context": null,
              "code": "cy.request({\n  method: \"GET\",\n  url: endpoint + \"did:sov:WRfXPg8dantKVubE3HX8pw?transformKeys=JsonWebKey2020\",\n  headers: {\n    Accept: \"application/did+ld+json\",\n    Authorization: \"Bearer b082c420-df67-4b06-899c-b7c51d75fba0\"\n  },\n  failOnStatusCode: false\n}).then(response => {\n  expect(response.headers[\"content-type\"]).contains(\"application/did+ld+json\");\n});",
              "err": {},
              "uuid": "f690698d-5b22-4440-a6ff-21c19a759194",
              "parentUUID": "0e537fd0-c83c-4231-aef8-7891e86b1904",
              "isHook": false,
              "skipped": false
            },
            {
              "title": "MUST return property id with value did:sov:WRfXPg8dantKVubE3HX8pw",
              "fullTitle": "Test Scenario 9: DID URLs with transformKeys MUST return property id with value did:sov:WRfXPg8dantKVubE3HX8pw",
              "timedOut": null,
              "duration": 54,
              "state": "failed",
              "speed": null,
              "pass": false,
              "fail": true,
              "pending": false,
              "context": null,
              "code": "cy.request({\n  method: \"GET\",\n  url: endpoint + \"did:sov:WRfXPg8dantKVubE3HX8pw?transformKeys=JsonWebKey2020\",\n  headers: {\n    Accept: \"application/did+ld+json\",\n    Authorization: \"Bearer b082c420-df67-4b06-899c-b7c51d75fba0\"\n  },\n  failOnStatusCode: false\n}).then(response => {\n  expect(response.body).has.property(\"id\", \"did:sov:WRfXPg8dantKVubE3HX8pw\");\n});",
              "err": {
                "message": "AssertionError: expected '' to have property 'id'",
                "estack": "AssertionError: expected '' to have property 'id'\n    at Context.eval (http://localhost:40065/__cypress/tests?p=cypress/integration/resolver_spec.js:485:35)",
                "diff": null
              },
              "uuid": "13592d4d-eff5-4c1d-89d0-73aa4cbd08bc",
              "parentUUID": "0e537fd0-c83c-4231-aef8-7891e86b1904",
              "isHook": false,
              "skipped": false
            }
          ],
          "suites": [],
          "passes": [
            "7519616a-68c9-4471-9f75-68bffac147c1",
            "f690698d-5b22-4440-a6ff-21c19a759194"
          ],
          "failures": [
            "c9720baa-05af-4bc0-82ee-ae603171544a",
            "e0ddc3db-022a-4ac4-b306-94dc080307bf",
            "13592d4d-eff5-4c1d-89d0-73aa4cbd08bc"
          ],
          "pending": [],
          "skipped": [],
          "duration": 258,
          "root": false,
          "rootEmpty": false,
          "_timeout": 2000
        },
        {
          "uuid": "6c44bdb3-b2c0-4c5e-bb99-21ceda5e0a34",
          "title": "Test Scenario 12: Resolve a DID / dereference a DID URL",
          "fullFile": "",
          "file": "",
          "beforeHooks": [],
          "afterHooks": [],
          "tests": [
            {
              "title": "MUST return HTTP response status 200",
              "fullTitle": "Test Scenario 12: Resolve a DID / dereference a DID URL MUST return HTTP response status 200",
              "timedOut": null,
              "duration": 195,
              "state": "passed",
              "speed": "fast",
              "pass": true,
              "fail": false,
              "pending": false,
              "context": null,
              "code": "cy.request({\n  method: \"GET\",\n  url: endpoint + \"did:sov:builder:VbPQNHsvoLZdaNU7fTBeFx\",\n  headers: {\n    Accept: \"application/json\"\n  },\n  failOnStatusCode: false\n}).then(response => {\n  expect(response.status).to.eq(200);\n});",
              "err": {},
              "uuid": "c4d66ced-4905-42af-8f31-a5d0cd8d4614",
              "parentUUID": "6c44bdb3-b2c0-4c5e-bb99-21ceda5e0a34",
              "isHook": false,
              "skipped": false
            },
            {
              "title": "MUST return HTTP header with Content-Type",
              "fullTitle": "Test Scenario 12: Resolve a DID / dereference a DID URL MUST return HTTP header with Content-Type",
              "timedOut": null,
              "duration": 98,
              "state": "passed",
              "speed": "fast",
              "pass": true,
              "fail": false,
              "pending": false,
              "context": null,
              "code": "cy.request({\n  method: \"GET\",\n  url: endpoint + \"did:sov:builder:VbPQNHsvoLZdaNU7fTBeFx\",\n  headers: {\n    Accept: \"application/json\"\n  },\n  failOnStatusCode: false\n}).then(response => {\n  expect(response.headers[\"content-type\"]).contains(\"application/did+json;charset=utf-8\");\n});",
              "err": {},
              "uuid": "805e1b36-091c-4fc1-8965-46ec52534d29",
              "parentUUID": "6c44bdb3-b2c0-4c5e-bb99-21ceda5e0a34",
              "isHook": false,
              "skipped": false
            },
            {
              "title": "MUST contain property id",
              "fullTitle": "Test Scenario 12: Resolve a DID / dereference a DID URL MUST contain property id",
              "timedOut": null,
              "duration": 551,
              "state": "passed",
              "speed": "fast",
              "pass": true,
              "fail": false,
              "pending": false,
              "context": null,
              "code": "cy.request({\n  method: \"GET\",\n  url: endpoint + \"did:sov:builder:VbPQNHsvoLZdaNU7fTBeFx\",\n  headers: {\n    Accept: \"application/json\"\n  },\n  failOnStatusCode: false\n}).then(response => {\n  expect(response.body).has.property(\"id\", \"did:sov:builder:VbPQNHsvoLZdaNU7fTBeFx\");\n});",
              "err": {},
              "uuid": "d6be94fb-8f34-4620-a271-46aa0f7c0357",
              "parentUUID": "6c44bdb3-b2c0-4c5e-bb99-21ceda5e0a34",
              "isHook": false,
              "skipped": false
            },
            {
              "title": "MUST contain property keyAgreement",
              "fullTitle": "Test Scenario 12: Resolve a DID / dereference a DID URL MUST contain property keyAgreement",
              "timedOut": null,
              "duration": 234,
              "state": "passed",
              "speed": "fast",
              "pass": true,
              "fail": false,
              "pending": false,
              "context": null,
              "code": "cy.request({\n  method: \"GET\",\n  url: endpoint + \"did:sov:builder:VbPQNHsvoLZdaNU7fTBeFx\",\n  headers: {\n    Accept: \"application/json\"\n  },\n  failOnStatusCode: false\n}).then(response => {\n  expect(response.body[\"keyAgreement\"][0]).to.contain(\"did:sov:builder:VbPQNHsvoLZdaNU7fTBeFx\");\n});",
              "err": {},
              "uuid": "5bc7143b-610e-4d00-b3fe-2d0c2de84227",
              "parentUUID": "6c44bdb3-b2c0-4c5e-bb99-21ceda5e0a34",
              "isHook": false,
              "skipped": false
            }
          ],
          "suites": [],
          "passes": [
            "c4d66ced-4905-42af-8f31-a5d0cd8d4614",
            "805e1b36-091c-4fc1-8965-46ec52534d29",
            "d6be94fb-8f34-4620-a271-46aa0f7c0357",
            "5bc7143b-610e-4d00-b3fe-2d0c2de84227"
          ],
          "failures": [],
          "pending": [],
          "skipped": [],
          "duration": 1078,
          "root": false,
          "rootEmpty": false,
          "_timeout": 2000
        },
        {
          "uuid": "ff12880c-3441-4954-b2c3-e2bf298cdb9f",
          "title": "Test Scenario 12B: Resolve a DID / dereference a DID URL",
          "fullFile": "",
          "file": "",
          "beforeHooks": [],
          "afterHooks": [],
          "tests": [
            {
              "title": "MUST return HTTP response status 200",
              "fullTitle": "Test Scenario 12B: Resolve a DID / dereference a DID URL MUST return HTTP response status 200",
              "timedOut": null,
              "duration": 220,
              "state": "passed",
              "speed": "fast",
              "pass": true,
              "fail": false,
              "pending": false,
              "context": null,
              "code": "cy.request({\n  method: \"GET\",\n  url: endpoint + \"did:sov:builder:VbPQNHsvoLZdaNU7fTBeFx\",\n  headers: {\n    Accept: 'application/ld+json;profile=\"https://w3id.org/did-resolution\"',\n    Authorization: \"Bearer b082c420-df67-4b06-899c-b7c51d75fba0\"\n  },\n  failOnStatusCode: false\n}).then(response => {\n  expect(response.status).to.eq(200);\n});",
              "err": {},
              "uuid": "3c78abc0-0b02-4dc7-b788-252ec13a82b9",
              "parentUUID": "ff12880c-3441-4954-b2c3-e2bf298cdb9f",
              "isHook": false,
              "skipped": false
            },
            {
              "title": "HTTP response must contain content-type property with value application/did+json;charset=utf-8",
              "fullTitle": "Test Scenario 12B: Resolve a DID / dereference a DID URL HTTP response must contain content-type property with value application/did+json;charset=utf-8",
              "timedOut": null,
              "duration": 184,
              "state": "passed",
              "speed": "fast",
              "pass": true,
              "fail": false,
              "pending": false,
              "context": null,
              "code": "cy.request({\n  method: \"GET\",\n  url: endpoint + \"did:sov:builder:VbPQNHsvoLZdaNU7fTBeFx\",\n  headers: {\n    Accept: 'application/ld+json;profile=\"https://w3id.org/did-resolution\"',\n    Authorization: \"Bearer b082c420-df67-4b06-899c-b7c51d75fba0\"\n  },\n  failOnStatusCode: false\n}).then(response => {\n  expect(response.headers[\"content-type\"]).contains('application/ld+json;profile=\"https://w3id.org/did-resolution\"');\n});",
              "err": {},
              "uuid": "3ba27c82-0d31-472c-979d-7872bce6c238",
              "parentUUID": "ff12880c-3441-4954-b2c3-e2bf298cdb9f",
              "isHook": false,
              "skipped": false
            }
          ],
          "suites": [],
          "passes": [
            "3c78abc0-0b02-4dc7-b788-252ec13a82b9",
            "3ba27c82-0d31-472c-979d-7872bce6c238"
          ],
          "failures": [],
          "pending": [],
          "skipped": [],
          "duration": 404,
          "root": false,
          "rootEmpty": false,
          "_timeout": 2000
        }
      ],
      "passes": [],
      "failures": [],
      "pending": [],
      "skipped": [],
      "duration": 0,
      "root": true,
      "rootEmpty": true,
      "_timeout": 2000
    }
  ],
  "meta": {
    "mocha": {
      "version": "7.0.1"
    },
    "mochawesome": {
      "options": {
        "quiet": false,
        "reportFilename": "mochawesome",
        "saveHtml": false,
        "saveJson": true,
        "consoleReporter": "spec",
        "useInlineDiffs": false,
        "code": true
      },
      "version": "7.1.2"
    },
    "marge": {
      "options": {
        "reportDir": "reports/mocha",
        "configFile": "reporterOpts.json",
        "overwrite": false,
        "html": false,
        "json": true
      },
      "version": "6.1.1"
    }
  }
}