{
  "stats": {
    "suites": 7,
    "tests": 7,
    "passes": 0,
    "pending": 0,
    "failures": 7,
    "start": "2022-03-24T17:10:21.463Z",
    "end": "2022-03-24T17:10:21.759Z",
    "duration": 296,
    "testsRegistered": 7,
    "passPercent": 0,
    "pendingPercent": 0,
    "other": 0,
    "hasOther": false,
    "skipped": 0,
    "hasSkipped": false
  },
  "results": [
    {
      "uuid": "a5245d0d-1fe6-4290-b133-7c3f3a1c1cb9",
      "title": "",
      "fullFile": "cypress/integration/uniresolver_fixtures_spec.js",
      "file": "cypress/integration/uniresolver_fixtures_spec.js",
      "beforeHooks": [],
      "afterHooks": [],
      "tests": [],
      "suites": [
        {
          "uuid": "a0144a1f-1b59-4e75-bddf-a5f5aa30d4e9",
          "title": "Test Scenario 1: DID Resolution Result fixtures: undefined",
          "fullFile": "",
          "file": "",
          "beforeHooks": [],
          "afterHooks": [],
          "tests": [
            {
              "title": "A correct DID can be resolved",
              "fullTitle": "Test Scenario 1: DID Resolution Result fixtures: undefined A correct DID can be resolved",
              "timedOut": null,
              "duration": 47,
              "state": "failed",
              "speed": null,
              "pass": false,
              "fail": true,
              "pending": false,
              "context": null,
              "code": "cy.fixture(\"../fixtures/example_dids.json\").its(\"normalDids\").then(list => {\n  Object.keys(list).forEach(key => {\n    const normalDid = list[key];\n    cy.request({\n      method: \"GET\",\n      url: endpoint + normalDid\n    }).as(\"request\");\n    cy.get(\"@request\").then(response => {\n      expect(response.status).to.eq(200);\n    });\n    cy.get(\"@request\").then(response => {\n      expect(response.headers[\"content-type\"]).to.contain('application/ld+json;profile=\"https://w3id.org/did-resolution');\n    });\n    cy.get(\"@request\").then(response => {\n      expect(response.body).to.have.property(\"didDocument\");\n    });\n    cy.get(\"@request\").then(response => {\n      expect(response.body).to.have.property(\"didResolutionMetadata\");\n    });\n    cy.get(\"@request\").then(response => {\n      expect(response.body).to.have.property(\"didDocumentMetadata\");\n    });\n  });\n});",
              "err": {
                "message": "CypressError: `cy.request()` must be provided a fully qualified `url` - one that begins with `http`. By default `cy.request()` will use either the current window's origin or the `baseUrl` in `cypress.json`. Neither of those values were present.\n\nhttps://on.cypress.io/request",
                "estack": "CypressError: `cy.request()` must be provided a fully qualified `url` - one that begins with `http`. By default `cy.request()` will use either the current window's origin or the `baseUrl` in `cypress.json`. Neither of those values were present.\n\nhttps://on.cypress.io/request\n    at Context.request (http://localhost:44465/__cypress/runner/cypress_runner.js:160445:78)\nFrom Your Spec Code:\n    at eval (http://localhost:44465/__cypress/tests?p=cypress/integration/uniresolver_fixtures_spec.js:107:14)\nat Array.forEach (<anonymous>)\n    at Context.eval (http://localhost:44465/__cypress/tests?p=cypress/integration/uniresolver_fixtures_spec.js:105:27)",
                "diff": null
              },
              "uuid": "653b252f-e225-477c-abf4-dec1d4317612",
              "parentUUID": "a0144a1f-1b59-4e75-bddf-a5f5aa30d4e9",
              "isHook": false,
              "skipped": false
            }
          ],
          "suites": [],
          "passes": [],
          "failures": [
            "653b252f-e225-477c-abf4-dec1d4317612"
          ],
          "pending": [],
          "skipped": [],
          "duration": 47,
          "root": false,
          "rootEmpty": false,
          "_timeout": 2000
        },
        {
          "uuid": "1d0b3205-8031-4a17-94bc-942cc48b3c31",
          "title": "Test Scenario 2: JSON-LD DID document",
          "fullFile": "",
          "file": "",
          "beforeHooks": [],
          "afterHooks": [],
          "tests": [
            {
              "title": "A correct DID can be resolved with header input",
              "fullTitle": "Test Scenario 2: JSON-LD DID document A correct DID can be resolved with header input",
              "timedOut": null,
              "duration": 23,
              "state": "failed",
              "speed": null,
              "pass": false,
              "fail": true,
              "pending": false,
              "context": null,
              "code": "cy.fixture(\"../fixtures/example_dids.json\").its(\"normalDids\").then(list => {\n  Object.keys(list).forEach(key => {\n    const normalDid = list[key];\n    cy.request({\n      method: \"GET\",\n      url: endpoint + normalDid,\n      headers: {\n        Accept: \"application/did+ld+json\"\n      }\n    }).as(\"headers\");\n    cy.get(\"@headers\").then(response => {\n      expect(response.status).to.eq(200);\n      expect(response.headers[\"content-type\"]).to.contain(\"application/did+ld+json\");\n      expect(response.body).not.to.have.property(\"didDocument\");\n      expect(response.body).to.have.property(\"@context\");\n    });\n  });\n});",
              "err": {
                "message": "CypressError: `cy.request()` must be provided a fully qualified `url` - one that begins with `http`. By default `cy.request()` will use either the current window's origin or the `baseUrl` in `cypress.json`. Neither of those values were present.\n\nhttps://on.cypress.io/request",
                "estack": "CypressError: `cy.request()` must be provided a fully qualified `url` - one that begins with `http`. By default `cy.request()` will use either the current window's origin or the `baseUrl` in `cypress.json`. Neither of those values were present.\n\nhttps://on.cypress.io/request\n    at Context.request (http://localhost:44465/__cypress/runner/cypress_runner.js:160445:78)\nFrom Your Spec Code:\n    at eval (http://localhost:44465/__cypress/tests?p=cypress/integration/uniresolver_fixtures_spec.js:138:14)\nat Array.forEach (<anonymous>)\n    at Context.eval (http://localhost:44465/__cypress/tests?p=cypress/integration/uniresolver_fixtures_spec.js:136:27)",
                "diff": null
              },
              "uuid": "3e3b954e-8acd-4185-a2b6-2009ab4f63c1",
              "parentUUID": "1d0b3205-8031-4a17-94bc-942cc48b3c31",
              "isHook": false,
              "skipped": false
            }
          ],
          "suites": [],
          "passes": [],
          "failures": [
            "3e3b954e-8acd-4185-a2b6-2009ab4f63c1"
          ],
          "pending": [],
          "skipped": [],
          "duration": 23,
          "root": false,
          "rootEmpty": false,
          "_timeout": 2000
        },
        {
          "uuid": "c8603c81-720a-43b0-888b-a7803ba0dc96",
          "title": "Test Scenario 3: Representation not supported",
          "fullFile": "",
          "file": "",
          "beforeHooks": [],
          "afterHooks": [],
          "tests": [
            {
              "title": "Shows an error when a representation is prompted",
              "fullTitle": "Test Scenario 3: Representation not supported Shows an error when a representation is prompted",
              "timedOut": null,
              "duration": 15,
              "state": "failed",
              "speed": null,
              "pass": false,
              "fail": true,
              "pending": false,
              "context": null,
              "code": "cy.fixture(\"../fixtures/example_dids.json\").its(\"normalDids\").then(list => {\n  Object.keys(list).forEach(key => {\n    const normalDid = list[key];\n    cy.request({\n      method: \"GET\",\n      url: endpoint + normalDid,\n      headers: {\n        Accept: \"image/png\"\n      },\n      failOnStatusCode: false\n    }).then(response => {\n      expect(response.status).to.eq(406);\n    });\n  });\n});",
              "err": {
                "message": "CypressError: `cy.request()` must be provided a fully qualified `url` - one that begins with `http`. By default `cy.request()` will use either the current window's origin or the `baseUrl` in `cypress.json`. Neither of those values were present.\n\nhttps://on.cypress.io/request",
                "estack": "CypressError: `cy.request()` must be provided a fully qualified `url` - one that begins with `http`. By default `cy.request()` will use either the current window's origin or the `baseUrl` in `cypress.json`. Neither of those values were present.\n\nhttps://on.cypress.io/request\n    at Context.request (http://localhost:44465/__cypress/runner/cypress_runner.js:160445:78)\nFrom Your Spec Code:\n    at eval (http://localhost:44465/__cypress/tests?p=cypress/integration/uniresolver_fixtures_spec.js:163:14)\nat Array.forEach (<anonymous>)\n    at Context.eval (http://localhost:44465/__cypress/tests?p=cypress/integration/uniresolver_fixtures_spec.js:161:27)",
                "diff": null
              },
              "uuid": "bf7ab085-4124-4403-8476-9e1d2e301f31",
              "parentUUID": "c8603c81-720a-43b0-888b-a7803ba0dc96",
              "isHook": false,
              "skipped": false
            }
          ],
          "suites": [],
          "passes": [],
          "failures": [
            "bf7ab085-4124-4403-8476-9e1d2e301f31"
          ],
          "pending": [],
          "skipped": [],
          "duration": 15,
          "root": false,
          "rootEmpty": false,
          "_timeout": 2000
        },
        {
          "uuid": "747c4402-de6e-43f7-8ac8-448c50ceebcd",
          "title": "Test Scenario 4: Deactivated",
          "fullFile": "",
          "file": "",
          "beforeHooks": [],
          "afterHooks": [],
          "tests": [
            {
              "title": "Returns an HTTP code of 410 for deactivated DIDs",
              "fullTitle": "Test Scenario 4: Deactivated Returns an HTTP code of 410 for deactivated DIDs",
              "timedOut": null,
              "duration": 15,
              "state": "failed",
              "speed": null,
              "pass": false,
              "fail": true,
              "pending": false,
              "context": null,
              "code": "cy.fixture(\"../fixtures/example_dids.json\").its(\"deacDids\").then(list => {\n  Object.keys(list).forEach(key => {\n    const deacDid = list[key];\n    cy.request({\n      method: \"GET\",\n      url: endpoint + deacDid,\n      failOnStatusCode: false\n    }).then(response => {\n      expect(response.status).to.eq(410);\n      expect(response.headers[\"content-type\"]).to.contain('application/ld+json;profile=\"https://w3id.org/did-resolution\"'); //FAILS\n      expect(response.body.didDocumentMetadata.deactivated).to.eq(true);\n    });\n  });\n});",
              "err": {
                "message": "CypressError: `cy.request()` must be provided a fully qualified `url` - one that begins with `http`. By default `cy.request()` will use either the current window's origin or the `baseUrl` in `cypress.json`. Neither of those values were present.\n\nhttps://on.cypress.io/request",
                "estack": "CypressError: `cy.request()` must be provided a fully qualified `url` - one that begins with `http`. By default `cy.request()` will use either the current window's origin or the `baseUrl` in `cypress.json`. Neither of those values were present.\n\nhttps://on.cypress.io/request\n    at Context.request (http://localhost:44465/__cypress/runner/cypress_runner.js:160445:78)\nFrom Your Spec Code:\n    at eval (http://localhost:44465/__cypress/tests?p=cypress/integration/uniresolver_fixtures_spec.js:185:14)\nat Array.forEach (<anonymous>)\n    at Context.eval (http://localhost:44465/__cypress/tests?p=cypress/integration/uniresolver_fixtures_spec.js:183:27)",
                "diff": null
              },
              "uuid": "07905078-1eac-4c71-a7b9-f4ecf7fbb3d3",
              "parentUUID": "747c4402-de6e-43f7-8ac8-448c50ceebcd",
              "isHook": false,
              "skipped": false
            }
          ],
          "suites": [],
          "passes": [],
          "failures": [
            "07905078-1eac-4c71-a7b9-f4ecf7fbb3d3"
          ],
          "pending": [],
          "skipped": [],
          "duration": 15,
          "root": false,
          "rootEmpty": false,
          "_timeout": 2000
        },
        {
          "uuid": "c6735001-beba-4ca7-960e-e97b5562e063",
          "title": "Test Scenario 5: Not found",
          "fullFile": "",
          "file": "",
          "beforeHooks": [],
          "afterHooks": [],
          "tests": [
            {
              "title": "Returns an HTTP code of 404 for non-existent DIDs",
              "fullTitle": "Test Scenario 5: Not found Returns an HTTP code of 404 for non-existent DIDs",
              "timedOut": null,
              "duration": 13,
              "state": "failed",
              "speed": null,
              "pass": false,
              "fail": true,
              "pending": false,
              "context": null,
              "code": "cy.fixture(\"../fixtures/example_dids.json\").its(\"nonExisDids\").then(list => {\n  Object.keys(list).forEach(key => {\n    const nonExDid = list[key];\n    cy.request({\n      method: \"GET\",\n      url: endpoint + nonExDid,\n      failOnStatusCode: false\n    }).then(response => {\n      expect(response.status).to.eq(404);\n      expect(response.headers[\"content-type\"]).to.contain('application/ld+json;profile=\"https://w3id.org/did-resolution\"');\n      expect(response.body.didResolutionMetadata.error).to.eq(\"notFound\");\n    });\n  });\n});",
              "err": {
                "message": "CypressError: `cy.request()` must be provided a fully qualified `url` - one that begins with `http`. By default `cy.request()` will use either the current window's origin or the `baseUrl` in `cypress.json`. Neither of those values were present.\n\nhttps://on.cypress.io/request",
                "estack": "CypressError: `cy.request()` must be provided a fully qualified `url` - one that begins with `http`. By default `cy.request()` will use either the current window's origin or the `baseUrl` in `cypress.json`. Neither of those values were present.\n\nhttps://on.cypress.io/request\n    at Context.request (http://localhost:44465/__cypress/runner/cypress_runner.js:160445:78)\nFrom Your Spec Code:\n    at eval (http://localhost:44465/__cypress/tests?p=cypress/integration/uniresolver_fixtures_spec.js:207:14)\nat Array.forEach (<anonymous>)\n    at Context.eval (http://localhost:44465/__cypress/tests?p=cypress/integration/uniresolver_fixtures_spec.js:205:27)",
                "diff": null
              },
              "uuid": "dce016e1-e34d-4388-8849-458e5bc38fb3",
              "parentUUID": "c6735001-beba-4ca7-960e-e97b5562e063",
              "isHook": false,
              "skipped": false
            }
          ],
          "suites": [],
          "passes": [],
          "failures": [
            "dce016e1-e34d-4388-8849-458e5bc38fb3"
          ],
          "pending": [],
          "skipped": [],
          "duration": 13,
          "root": false,
          "rootEmpty": false,
          "_timeout": 2000
        },
        {
          "uuid": "abc4ba17-a03c-4777-9496-7f1aca4845c3",
          "title": "Test Scenario 6: Invalid DID",
          "fullFile": "",
          "file": "",
          "beforeHooks": [],
          "afterHooks": [],
          "tests": [
            {
              "title": "Returns a HTTP code of 400 for an invalid DID",
              "fullTitle": "Test Scenario 6: Invalid DID Returns a HTTP code of 400 for an invalid DID",
              "timedOut": null,
              "duration": 14,
              "state": "failed",
              "speed": null,
              "pass": false,
              "fail": true,
              "pending": false,
              "context": null,
              "code": "cy.fixture(\"../fixtures/example_dids.json\").its(\"invalidDids\").then(list => {\n  Object.keys(list).forEach(key => {\n    const invalidDid = list[key];\n    cy.request({\n      method: \"GET\",\n      url: endpoint + invalidDid,\n      failOnStatusCode: false\n    }).then(response => {\n      expect(response.status).to.eq(400);\n      expect(response.headers[\"content-type\"]).to.contain('application/ld+json;profile=\"https://w3id.org/did-resolution\"');\n      expect(response.body.didResolutionMetadata.error).to.eq(\"invalidDid\");\n    });\n  });\n});",
              "err": {
                "message": "CypressError: `cy.request()` must be provided a fully qualified `url` - one that begins with `http`. By default `cy.request()` will use either the current window's origin or the `baseUrl` in `cypress.json`. Neither of those values were present.\n\nhttps://on.cypress.io/request",
                "estack": "CypressError: `cy.request()` must be provided a fully qualified `url` - one that begins with `http`. By default `cy.request()` will use either the current window's origin or the `baseUrl` in `cypress.json`. Neither of those values were present.\n\nhttps://on.cypress.io/request\n    at Context.request (http://localhost:44465/__cypress/runner/cypress_runner.js:160445:78)\nFrom Your Spec Code:\n    at eval (http://localhost:44465/__cypress/tests?p=cypress/integration/uniresolver_fixtures_spec.js:228:14)\nat Array.forEach (<anonymous>)\n    at Context.eval (http://localhost:44465/__cypress/tests?p=cypress/integration/uniresolver_fixtures_spec.js:226:27)",
                "diff": null
              },
              "uuid": "d3239109-819b-448a-a341-b326f66ddb6d",
              "parentUUID": "abc4ba17-a03c-4777-9496-7f1aca4845c3",
              "isHook": false,
              "skipped": false
            }
          ],
          "suites": [],
          "passes": [],
          "failures": [
            "d3239109-819b-448a-a341-b326f66ddb6d"
          ],
          "pending": [],
          "skipped": [],
          "duration": 14,
          "root": false,
          "rootEmpty": false,
          "_timeout": 2000
        },
        {
          "uuid": "92c6a6d7-56e8-44a3-be99-30d28b7a298f",
          "title": "Test Scenario 7: DID URLs with fragments",
          "fullFile": "",
          "file": "",
          "beforeHooks": [],
          "afterHooks": [],
          "tests": [
            {
              "title": "Can resolve a DID with a fragment",
              "fullTitle": "Test Scenario 7: DID URLs with fragments Can resolve a DID with a fragment",
              "timedOut": null,
              "duration": 12,
              "state": "failed",
              "speed": null,
              "pass": false,
              "fail": true,
              "pending": false,
              "context": null,
              "code": "cy.fixture(\"../fixtures/example_dids.json\").its(\"fragmentDids\").then(list => {\n  Object.keys(list).forEach(key => {\n    const fragmentDid = list[key];\n    cy.request({\n      method: \"GET\",\n      url: endpoint + fragmentDid,\n      failOnStatusCode: false,\n      headers: {\n        Accept: \"application/did+ld+json\"\n      }\n    }).as(\"request\");\n    cy.get(\"@request\").then(response => {\n      console.log(response);\n      expect(response.status).to.eq(200);\n      expect(response.headers[\"content-type\"]).to.contain(\"application/did+ld+json\");\n      expect(response.body).not.to.have.property(\"didDocument\");\n      expect(response.body).to.have.property(\"@context\");\n      expect(response.body).to.have.property(\"type\");\n      expect(response.body).to.have.property(\"id\");\n      expect(response.body[\"id\"]).to.contain(decodeURIComponent(fragmentDid.split(\"#\")[0]));\n    });\n  });\n});",
              "err": {
                "message": "CypressError: `cy.request()` must be provided a fully qualified `url` - one that begins with `http`. By default `cy.request()` will use either the current window's origin or the `baseUrl` in `cypress.json`. Neither of those values were present.\n\nhttps://on.cypress.io/request",
                "estack": "CypressError: `cy.request()` must be provided a fully qualified `url` - one that begins with `http`. By default `cy.request()` will use either the current window's origin or the `baseUrl` in `cypress.json`. Neither of those values were present.\n\nhttps://on.cypress.io/request\n    at Context.request (http://localhost:44465/__cypress/runner/cypress_runner.js:160434:78)\nFrom Your Spec Code:\n    at eval (http://localhost:44465/__cypress/tests?p=cypress/integration/uniresolver_fixtures_spec.js:249:14)\nat Array.forEach (<anonymous>)\n    at Context.eval (http://localhost:44465/__cypress/tests?p=cypress/integration/uniresolver_fixtures_spec.js:247:27)",
                "diff": null
              },
              "uuid": "bc0c8dc8-5c88-4298-a4ff-78a18eeab629",
              "parentUUID": "92c6a6d7-56e8-44a3-be99-30d28b7a298f",
              "isHook": false,
              "skipped": false
            }
          ],
          "suites": [],
          "passes": [],
          "failures": [
            "bc0c8dc8-5c88-4298-a4ff-78a18eeab629"
          ],
          "pending": [],
          "skipped": [],
          "duration": 12,
          "root": false,
          "rootEmpty": false,
          "_timeout": 2000
        }
      ],
      "passes": [],
      "failures": [],
      "pending": [],
      "skipped": [],
      "duration": 0,
      "root": true,
      "rootEmpty": true,
      "_timeout": 2000
    }
  ],
  "meta": {
    "mocha": {
      "version": "7.0.1"
    },
    "mochawesome": {
      "options": {
        "quiet": false,
        "reportFilename": "mochawesome",
        "saveHtml": false,
        "saveJson": true,
        "consoleReporter": "spec",
        "useInlineDiffs": false,
        "code": true
      },
      "version": "7.1.2"
    },
    "marge": {
      "options": {
        "reportDir": "reports/mocha",
        "configFile": "reporterOpts.json",
        "overwrite": false,
        "html": false,
        "json": true
      },
      "version": "6.1.1"
    }
  }
}