{
  "stats": {
    "suites": 11,
    "tests": 11,
    "passes": 3,
    "pending": 0,
    "failures": 8,
    "start": "2022-08-07T00:38:56.812Z",
    "end": "2022-08-07T00:38:59.956Z",
    "duration": 3144,
    "testsRegistered": 11,
    "passPercent": 27.27272727272727,
    "pendingPercent": 0,
    "other": 0,
    "hasOther": false,
    "skipped": 0,
    "hasSkipped": false
  },
  "results": [
    {
      "uuid": "2264c97d-73e2-40e3-bf56-37fae365d3a0",
      "title": "",
      "fullFile": "cypress/integration/uniresolver_fixtures_spec.js",
      "file": "cypress/integration/uniresolver_fixtures_spec.js",
      "beforeHooks": [],
      "afterHooks": [],
      "tests": [],
      "suites": [
        {
          "uuid": "91a2f8bf-8f4d-483a-9969-4c3ad9624e26",
          "title": "Test Scenario 1: DID Resolution Result fixtures: https://resolver.svip.danubetech.com/1.0/identifiers/",
          "fullFile": "",
          "file": "",
          "beforeHooks": [],
          "afterHooks": [],
          "tests": [
            {
              "title": "A correct DID can be resolved",
              "fullTitle": "Test Scenario 1: DID Resolution Result fixtures: https://resolver.svip.danubetech.com/1.0/identifiers/ A correct DID can be resolved",
              "timedOut": null,
              "duration": 197,
              "state": "failed",
              "speed": null,
              "pass": false,
              "fail": true,
              "pending": false,
              "context": null,
              "code": "cy.fixture(\"../fixtures/example_dids.json\").its(\"normalDids\").then(list => {\n  Object.keys(list).forEach(key => {\n    const normalDid = list[key];\n    cy.request({\n      method: \"GET\",\n      url: endpoint + normalDid,\n      failOnStatusCode: false\n    }).as(\"request\");\n    cy.get(\"@request\").then(response => {\n      expect(response.status).to.eq(200);\n    });\n    cy.get(\"@request\").then(response => {\n      expect(response.headers[\"content-type\"].replace(/\\s+/g, \"\")).contains('application/ld+json;profile=\"https://w3id.org/did-resolution');\n    });\n    cy.get(\"@request\").then(response => {\n      expect(response.body).to.have.property(\"didDocument\");\n    });\n    cy.get(\"@request\").then(response => {\n      expect(response.body).to.have.property(\"didResolutionMetadata\");\n    });\n    cy.get(\"@request\").then(response => {\n      expect(response.body).to.have.property(\"didDocumentMetadata\");\n    });\n  });\n});",
              "err": {
                "message": "AssertionError: expected 401 to equal 200",
                "estack": "AssertionError: expected 401 to equal 200\n    at Context.eval (http://localhost:46757/__cypress/tests?p=cypress/integration/uniresolver_fixtures_spec.js:113:40)",
                "diff": "- 401\n+ 200\n"
              },
              "uuid": "407b22af-138c-411c-b659-006d833ec4b3",
              "parentUUID": "91a2f8bf-8f4d-483a-9969-4c3ad9624e26",
              "isHook": false,
              "skipped": false
            }
          ],
          "suites": [],
          "passes": [],
          "failures": [
            "407b22af-138c-411c-b659-006d833ec4b3"
          ],
          "pending": [],
          "skipped": [],
          "duration": 197,
          "root": false,
          "rootEmpty": false,
          "_timeout": 2000
        },
        {
          "uuid": "afdf2e59-3f26-4e5c-bcae-af6fabaaa0cf",
          "title": "Test Scenario 2: JSON-LD DID document",
          "fullFile": "",
          "file": "",
          "beforeHooks": [],
          "afterHooks": [],
          "tests": [
            {
              "title": "A correct DID can be resolved with header input",
              "fullTitle": "Test Scenario 2: JSON-LD DID document A correct DID can be resolved with header input",
              "timedOut": null,
              "duration": 173,
              "state": "failed",
              "speed": null,
              "pass": false,
              "fail": true,
              "pending": false,
              "context": null,
              "code": "cy.fixture(\"../fixtures/example_dids.json\").its(\"normalDids\").then(list => {\n  Object.keys(list).forEach(key => {\n    const normalDid = list[key];\n    cy.request({\n      method: \"GET\",\n      url: endpoint + normalDid,\n      headers: {\n        Accept: \"application/did+ld+json\"\n      },\n      failOnStatusCode: false\n    }).as(\"request\");\n    cy.get(\"@request\").then(response => {\n      expect(response.status).to.eq(200);\n      expect(response.headers[\"content-type\"]).to.contain(\"application/did+ld+json\");\n      expect(response.body).not.to.have.property(\"didDocument\");\n      expect(response.body).has.property(\"id\").contains(normalDid);\n    });\n  });\n});",
              "err": {
                "message": "AssertionError: expected 401 to equal 200",
                "estack": "AssertionError: expected 401 to equal 200\n    at Context.eval (http://localhost:46757/__cypress/tests?p=cypress/integration/uniresolver_fixtures_spec.js:148:40)",
                "diff": "- 401\n+ 200\n"
              },
              "uuid": "45adeabb-eb7d-42dc-86c9-934268fefee1",
              "parentUUID": "afdf2e59-3f26-4e5c-bcae-af6fabaaa0cf",
              "isHook": false,
              "skipped": false
            }
          ],
          "suites": [],
          "passes": [],
          "failures": [
            "45adeabb-eb7d-42dc-86c9-934268fefee1"
          ],
          "pending": [],
          "skipped": [],
          "duration": 173,
          "root": false,
          "rootEmpty": false,
          "_timeout": 2000
        },
        {
          "uuid": "452486b9-8561-4986-bf13-e1294380f856",
          "title": "Test Scenario 3: Representation not supported",
          "fullFile": "",
          "file": "",
          "beforeHooks": [],
          "afterHooks": [],
          "tests": [
            {
              "title": "Shows an error when a representation is prompted",
              "fullTitle": "Test Scenario 3: Representation not supported Shows an error when a representation is prompted",
              "timedOut": null,
              "duration": 944,
              "state": "passed",
              "speed": "fast",
              "pass": true,
              "fail": false,
              "pending": false,
              "context": null,
              "code": "cy.fixture(\"../fixtures/example_dids.json\").its(\"normalDids\").then(list => {\n  Object.keys(list).forEach(key => {\n    const normalDid = list[key];\n    cy.request({\n      method: \"GET\",\n      url: endpoint + normalDid,\n      headers: {\n        Accept: \"image/png\"\n      },\n      failOnStatusCode: false\n    }).then(response => {\n      expect(response.status).to.eq(406);\n    });\n  });\n});",
              "err": {},
              "uuid": "f671685e-d0a4-4dfd-8152-288efce9c20c",
              "parentUUID": "452486b9-8561-4986-bf13-e1294380f856",
              "isHook": false,
              "skipped": false
            }
          ],
          "suites": [],
          "passes": [
            "f671685e-d0a4-4dfd-8152-288efce9c20c"
          ],
          "failures": [],
          "pending": [],
          "skipped": [],
          "duration": 944,
          "root": false,
          "rootEmpty": false,
          "_timeout": 2000
        },
        {
          "uuid": "31351b8c-4b40-4069-8869-4bcdf80f396e",
          "title": "Test Scenario 4: Deactivated",
          "fullFile": "",
          "file": "",
          "beforeHooks": [],
          "afterHooks": [],
          "tests": [
            {
              "title": "Returns an HTTP code of 410 for deactivated DIDs",
              "fullTitle": "Test Scenario 4: Deactivated Returns an HTTP code of 410 for deactivated DIDs",
              "timedOut": null,
              "duration": 166,
              "state": "failed",
              "speed": null,
              "pass": false,
              "fail": true,
              "pending": false,
              "context": null,
              "code": "cy.fixture(\"../fixtures/example_dids.json\").its(\"deacDids\").then(list => {\n  Object.keys(list).forEach(key => {\n    const deacDid = list[key];\n    cy.request({\n      method: \"GET\",\n      url: endpoint + deacDid,\n      failOnStatusCode: false\n    }).then(response => {\n      expect(response.status).to.eq(410);\n      expect(response.headers[\"content-type\"]).to.contain('application/ld+json;profile=\"https://w3id.org/did-resolution\"'); //FAILS\n      expect(response.body.didDocumentMetadata.deactivated).to.eq(true);\n    });\n  });\n});",
              "err": {
                "message": "AssertionError: expected 401 to equal 410",
                "estack": "AssertionError: expected 401 to equal 410\n    at Context.eval (http://localhost:46757/__cypress/tests?p=cypress/integration/uniresolver_fixtures_spec.js:220:40)",
                "diff": "- 401\n+ 410\n"
              },
              "uuid": "828ced79-dd28-4e8a-8b3b-b7d21261c5b5",
              "parentUUID": "31351b8c-4b40-4069-8869-4bcdf80f396e",
              "isHook": false,
              "skipped": false
            }
          ],
          "suites": [],
          "passes": [],
          "failures": [
            "828ced79-dd28-4e8a-8b3b-b7d21261c5b5"
          ],
          "pending": [],
          "skipped": [],
          "duration": 166,
          "root": false,
          "rootEmpty": false,
          "_timeout": 2000
        },
        {
          "uuid": "fd4d3fbd-330b-4424-8967-f020d380fdd3",
          "title": "Test Scenario 5: Not found",
          "fullFile": "",
          "file": "",
          "beforeHooks": [],
          "afterHooks": [],
          "tests": [
            {
              "title": "Returns an HTTP code of 404 for non-existent DIDs",
              "fullTitle": "Test Scenario 5: Not found Returns an HTTP code of 404 for non-existent DIDs",
              "timedOut": null,
              "duration": 181,
              "state": "failed",
              "speed": null,
              "pass": false,
              "fail": true,
              "pending": false,
              "context": null,
              "code": "cy.fixture(\"../fixtures/example_dids.json\").its(\"nonExisDids\").then(list => {\n  Object.keys(list).forEach(key => {\n    const nonExDid = list[key];\n    cy.request({\n      method: \"GET\",\n      url: endpoint + nonExDid,\n      failOnStatusCode: false\n    }).then(response => {\n      expect(response.status).to.eq(404);\n      expect(response.headers[\"content-type\"]).to.contain('application/ld+json;profile=\"https://w3id.org/did-resolution\"');\n      expect(response.body.didResolutionMetadata.error).to.eq(\"notFound\");\n    });\n  });\n});",
              "err": {
                "message": "AssertionError: expected 401 to equal 404",
                "estack": "AssertionError: expected 401 to equal 404\n    at Context.eval (http://localhost:46757/__cypress/tests?p=cypress/integration/uniresolver_fixtures_spec.js:242:40)",
                "diff": "- 401\n+ 404\n"
              },
              "uuid": "b13fe79f-3df3-4e9c-bf91-9c9330226d3f",
              "parentUUID": "fd4d3fbd-330b-4424-8967-f020d380fdd3",
              "isHook": false,
              "skipped": false
            }
          ],
          "suites": [],
          "passes": [],
          "failures": [
            "b13fe79f-3df3-4e9c-bf91-9c9330226d3f"
          ],
          "pending": [],
          "skipped": [],
          "duration": 181,
          "root": false,
          "rootEmpty": false,
          "_timeout": 2000
        },
        {
          "uuid": "fed0d8ac-23fc-407a-a385-76cd8ae6e9be",
          "title": "Test Scenario 6: Invalid DID",
          "fullFile": "",
          "file": "",
          "beforeHooks": [],
          "afterHooks": [],
          "tests": [
            {
              "title": "Returns a HTTP code of 400 for an invalid DID",
              "fullTitle": "Test Scenario 6: Invalid DID Returns a HTTP code of 400 for an invalid DID",
              "timedOut": null,
              "duration": 342,
              "state": "passed",
              "speed": "fast",
              "pass": true,
              "fail": false,
              "pending": false,
              "context": null,
              "code": "cy.fixture(\"../fixtures/example_dids.json\").its(\"invalidDids\").then(list => {\n  Object.keys(list).forEach(key => {\n    const invalidDid = list[key];\n    cy.request({\n      method: \"GET\",\n      url: endpoint + invalidDid,\n      failOnStatusCode: false\n    }).then(response => {\n      expect(response.status).to.eq(400);\n      expect(response.headers[\"content-type\"]).to.contain('application/ld+json;profile=\"https://w3id.org/did-resolution\"');\n      expect(response.body.didResolutionMetadata.error).contains(\"invalidDid\");\n    });\n  });\n});",
              "err": {},
              "uuid": "364f5b04-1174-4233-a7e2-9d0baaeca8e5",
              "parentUUID": "fed0d8ac-23fc-407a-a385-76cd8ae6e9be",
              "isHook": false,
              "skipped": false
            }
          ],
          "suites": [],
          "passes": [
            "364f5b04-1174-4233-a7e2-9d0baaeca8e5"
          ],
          "failures": [],
          "pending": [],
          "skipped": [],
          "duration": 342,
          "root": false,
          "rootEmpty": false,
          "_timeout": 2000
        },
        {
          "uuid": "2f592087-0bb0-4008-aa73-23f2be402604",
          "title": "Test Scenario 7: DID URLs with fragments",
          "fullFile": "",
          "file": "",
          "beforeHooks": [],
          "afterHooks": [],
          "tests": [
            {
              "title": "Can resolve a DID with a fragment",
              "fullTitle": "Test Scenario 7: DID URLs with fragments Can resolve a DID with a fragment",
              "timedOut": null,
              "duration": 179,
              "state": "failed",
              "speed": null,
              "pass": false,
              "fail": true,
              "pending": false,
              "context": null,
              "code": "cy.fixture(\"../fixtures/example_dids.json\").its(\"fragmentDids\").then(list => {\n  Object.keys(list).forEach(key => {\n    const fragmentDid = list[key];\n    cy.request({\n      method: \"GET\",\n      url: endpoint + fragmentDid,\n      failOnStatusCode: false,\n      headers: {\n        Accept: \"application/did+ld+json\",\n        Authorization: \"Bearer b082c420-df67-4b06-899c-b7c51d75fba0\"\n      }\n    }).as(\"request\");\n    cy.get(\"@request\").then(response => {\n      expect(response.status).to.eq(200);\n      expect(response.headers[\"content-type\"]).to.contain(\"application/did+ld+json\");\n      expect(response.body).not.to.have.property(\"didDocument\");\n      expect(response.body).to.have.property(\"id\");\n      expect(response.body[\"id\"]).to.contain(decodeURIComponent(fragmentDid.split(\"#\")[0]));\n    });\n  });\n});",
              "err": {
                "message": "AssertionError: expected 401 to equal 200",
                "estack": "AssertionError: expected 401 to equal 200\n    at Context.eval (http://localhost:46757/__cypress/tests?p=cypress/integration/uniresolver_fixtures_spec.js:289:40)",
                "diff": "- 401\n+ 200\n"
              },
              "uuid": "2cb3c181-db7d-4f07-80e7-4396300a48ff",
              "parentUUID": "2f592087-0bb0-4008-aa73-23f2be402604",
              "isHook": false,
              "skipped": false
            }
          ],
          "suites": [],
          "passes": [],
          "failures": [
            "2cb3c181-db7d-4f07-80e7-4396300a48ff"
          ],
          "pending": [],
          "skipped": [],
          "duration": 179,
          "root": false,
          "rootEmpty": false,
          "_timeout": 2000
        },
        {
          "uuid": "a61089b2-03c9-4678-85ba-6e28d953f768",
          "title": "Test Scenario 8: Service and relativeRef parameters",
          "fullFile": "",
          "file": "",
          "beforeHooks": [],
          "afterHooks": [],
          "tests": [
            {
              "title": "Fetches DID",
              "fullTitle": "Test Scenario 8: Service and relativeRef parameters Fetches DID",
              "timedOut": null,
              "duration": 206,
              "state": "passed",
              "speed": "fast",
              "pass": true,
              "fail": false,
              "pending": false,
              "context": null,
              "code": "cy.fixture(\"../fixtures/example_dids.json\").its(\"relativeParamDids\").then(list => {\n  Object.keys(list).forEach(key => {\n    const fragmentDid = list[key];\n    console.log(\"FRAGMENT DID IS\", fragmentDid);\n    cy.request({\n      method: \"GET\",\n      url: endpoint + fragmentDid,\n      headers: {\n        Accept: \"text/uri-list\"\n      },\n      failOnStatusCode: false\n    }).as(\"response\");\n    it(\"MUST return HTTP response status equals 303\", () => {\n      cy.get(\"@response\").then(response => {\n        expect(response.status).to.eq(303);\n      });\n    });\n  });\n});",
              "err": {},
              "uuid": "12204d91-e962-4f48-bc19-4fbece1439ec",
              "parentUUID": "a61089b2-03c9-4678-85ba-6e28d953f768",
              "isHook": false,
              "skipped": false
            }
          ],
          "suites": [],
          "passes": [
            "12204d91-e962-4f48-bc19-4fbece1439ec"
          ],
          "failures": [],
          "pending": [],
          "skipped": [],
          "duration": 206,
          "root": false,
          "rootEmpty": false,
          "_timeout": 2000
        },
        {
          "uuid": "74405fab-4198-472a-8c0a-329a9c43f919",
          "title": "Test Scenario 9: DID URLs with transformKeys",
          "fullFile": "",
          "file": "",
          "beforeHooks": [],
          "afterHooks": [],
          "tests": [
            {
              "title": "MUST return HTTP response status 200",
              "fullTitle": "Test Scenario 9: DID URLs with transformKeys MUST return HTTP response status 200",
              "timedOut": null,
              "duration": 177,
              "state": "failed",
              "speed": null,
              "pass": false,
              "fail": true,
              "pending": false,
              "context": null,
              "code": "cy.fixture(\"../fixtures/example_dids.json\").its(\"transformKeyDids\").then(list => {\n  Object.keys(list).forEach(key => {\n    const transformKeyDid = list[key];\n    cy.request({\n      method: \"GET\",\n      url: endpoint + transformKeyDid,\n      headers: {\n        Accept: \"application/did+ld+json\",\n        Authorization: \"Bearer b082c420-df67-4b06-899c-b7c51d75fba0\"\n      },\n      failOnStatusCode: false\n    }).as(\"request\");\n    cy.get(\"@request\").then(response => {\n      expect(response.status).to.eq(200);\n      expect(response).to.be.a(\"object\");\n      response.body.verificationMethod.forEach(out => {\n        expect(out).has.property(\"type\").to.be.oneOf([\"JsonWebKey2020\", \"Ed25519VerificationKey2018\", \"X25519KeyAgreementKey2019\"]);\n      });\n      expect(response.headers[\"content-type\"]).contains(\"application/did+ld+json\");\n      expect(response.body).has.property(\"id\", decodeURIComponent(transformKeyDid.split(\"?\")[0].split(\"#\")[0]));\n    });\n  });\n});",
              "err": {
                "message": "AssertionError: expected 401 to equal 200",
                "estack": "AssertionError: expected 401 to equal 200\n    at Context.eval (http://localhost:46757/__cypress/tests?p=cypress/integration/uniresolver_fixtures_spec.js:343:40)",
                "diff": "- 401\n+ 200\n"
              },
              "uuid": "d1086daf-2650-484d-bc30-fb376aecefa2",
              "parentUUID": "74405fab-4198-472a-8c0a-329a9c43f919",
              "isHook": false,
              "skipped": false
            }
          ],
          "suites": [],
          "passes": [],
          "failures": [
            "d1086daf-2650-484d-bc30-fb376aecefa2"
          ],
          "pending": [],
          "skipped": [],
          "duration": 177,
          "root": false,
          "rootEmpty": false,
          "_timeout": 2000
        },
        {
          "uuid": "2911daa6-8d3d-4654-b724-94ec2a933208",
          "title": "Test Scenario 12: Resolve a DID / dereference a DID URL",
          "fullFile": "",
          "file": "",
          "beforeHooks": [],
          "afterHooks": [],
          "tests": [
            {
              "title": "MUST return HTTP response status 200",
              "fullTitle": "Test Scenario 12: Resolve a DID / dereference a DID URL MUST return HTTP response status 200",
              "timedOut": null,
              "duration": 187,
              "state": "failed",
              "speed": null,
              "pass": false,
              "fail": true,
              "pending": false,
              "context": null,
              "code": "cy.fixture(\"../fixtures/example_dids.json\").its(\"normalDids\").then(list => {\n  Object.keys(list).forEach(key => {\n    const normalDid = list[key];\n    cy.request({\n      method: \"GET\",\n      url: endpoint + normalDid,\n      headers: {\n        Accept: \"application/json\"\n      },\n      failOnStatusCode: false\n    }).as(\"request\");\n    cy.get(\"@request\").then(response => {\n      console.log(\"normal did is:\", normalDid);\n      expect(response.status).to.eq(200);\n      expect(response.headers[\"content-type\"]).contains(\"application/did+json;charset=utf-8\");\n      expect(response.body).has.property(\"id\", normalDid); // expect(response.body[\"keyAgreement\"][0]).to.contain(normalDid);\n    });\n  });\n});",
              "err": {
                "message": "AssertionError: expected 401 to equal 200",
                "estack": "AssertionError: expected 401 to equal 200\n    at Context.eval (http://localhost:46757/__cypress/tests?p=cypress/integration/uniresolver_fixtures_spec.js:373:40)",
                "diff": "- 401\n+ 200\n"
              },
              "uuid": "cbb897e3-c78f-438a-969b-b0197acbd256",
              "parentUUID": "2911daa6-8d3d-4654-b724-94ec2a933208",
              "isHook": false,
              "skipped": false
            }
          ],
          "suites": [],
          "passes": [],
          "failures": [
            "cbb897e3-c78f-438a-969b-b0197acbd256"
          ],
          "pending": [],
          "skipped": [],
          "duration": 187,
          "root": false,
          "rootEmpty": false,
          "_timeout": 2000
        },
        {
          "uuid": "ec838808-f73a-4f63-a8cd-e0d179604f5a",
          "title": "Test Scenario 12B: Resolve a DID / dereference a DID URL",
          "fullFile": "",
          "file": "",
          "beforeHooks": [],
          "afterHooks": [],
          "tests": [
            {
              "title": "MUST return HTTP response status 200",
              "fullTitle": "Test Scenario 12B: Resolve a DID / dereference a DID URL MUST return HTTP response status 200",
              "timedOut": null,
              "duration": 191,
              "state": "failed",
              "speed": null,
              "pass": false,
              "fail": true,
              "pending": false,
              "context": null,
              "code": "cy.fixture(\"../fixtures/example_dids.json\").its(\"normalDids\").then(list => {\n  Object.keys(list).forEach(key => {\n    const normalDid = list[key];\n    cy.request({\n      method: \"GET\",\n      url: endpoint + normalDid,\n      headers: {\n        Accept: 'application/ld+json;profile=\"https://w3id.org/did-resolution\"'\n      },\n      failOnStatusCode: false\n    }).as(\"request\");\n    cy.get(\"@request\").then(response => {\n      console.log(\"normal did is:\", normalDid);\n      expect(response.status).to.eq(200);\n      expect(response.headers[\"content-type\"].replace(/\\s+/g, \"\")).contains('application/ld+json;profile=\"https://w3id.org/did-resolution\"');\n    });\n  });\n});",
              "err": {
                "message": "AssertionError: expected 401 to equal 200",
                "estack": "AssertionError: expected 401 to equal 200\n    at Context.eval (http://localhost:46757/__cypress/tests?p=cypress/integration/uniresolver_fixtures_spec.js:399:40)",
                "diff": "- 401\n+ 200\n"
              },
              "uuid": "5cdbcfbe-98f1-4ffe-8c19-390308ac71f6",
              "parentUUID": "ec838808-f73a-4f63-a8cd-e0d179604f5a",
              "isHook": false,
              "skipped": false
            }
          ],
          "suites": [],
          "passes": [],
          "failures": [
            "5cdbcfbe-98f1-4ffe-8c19-390308ac71f6"
          ],
          "pending": [],
          "skipped": [],
          "duration": 191,
          "root": false,
          "rootEmpty": false,
          "_timeout": 2000
        }
      ],
      "passes": [],
      "failures": [],
      "pending": [],
      "skipped": [],
      "duration": 0,
      "root": true,
      "rootEmpty": true,
      "_timeout": 2000
    }
  ],
  "meta": {
    "mocha": {
      "version": "7.0.1"
    },
    "mochawesome": {
      "options": {
        "quiet": false,
        "reportFilename": "mochawesome",
        "saveHtml": false,
        "saveJson": true,
        "consoleReporter": "spec",
        "useInlineDiffs": false,
        "code": true
      },
      "version": "7.1.2"
    },
    "marge": {
      "options": {
        "reportDir": "reports/mocha",
        "configFile": "reporterOpts.json",
        "overwrite": false,
        "html": false,
        "json": true
      },
      "version": "6.1.1"
    }
  }
}