{
  "stats": {
    "suites": 14,
    "tests": 54,
    "passes": 39,
    "pending": 0,
    "failures": 15,
    "start": "2022-04-19T00:25:40.287Z",
    "end": "2022-04-19T00:26:47.790Z",
    "duration": 67503,
    "testsRegistered": 54,
    "passPercent": 72.22222222222221,
    "pendingPercent": 0,
    "other": 0,
    "hasOther": false,
    "skipped": 0,
    "hasSkipped": false
  },
  "results": [
    {
      "uuid": "39da0385-6849-4dec-bb1b-81d11197b868",
      "title": "",
      "fullFile": "cypress/integration/resolver_spec.js",
      "file": "cypress/integration/resolver_spec.js",
      "beforeHooks": [],
      "afterHooks": [],
      "tests": [],
      "suites": [
        {
          "uuid": "b3646b9b-b21b-4425-8bfc-79f199c4739d",
          "title": "Test Scenario 1: DID Resolution Result overview: https://resolver.svip.danubetech.com/1.0/identifiers/",
          "fullFile": "",
          "file": "",
          "beforeHooks": [],
          "afterHooks": [],
          "tests": [
            {
              "title": "MUST return HTTP code 200",
              "fullTitle": "Test Scenario 1: DID Resolution Result overview: https://resolver.svip.danubetech.com/1.0/identifiers/ MUST return HTTP code 200",
              "timedOut": null,
              "duration": 646,
              "state": "passed",
              "speed": "fast",
              "pass": true,
              "fail": false,
              "pending": false,
              "context": null,
              "code": "cy.get(\"@request\").then(response => {\n  expect(response.status).to.eq(200);\n});",
              "err": {},
              "uuid": "9ff5cc2f-23ef-48fe-9005-ae2ec0e0d826",
              "parentUUID": "b3646b9b-b21b-4425-8bfc-79f199c4739d",
              "isHook": false,
              "skipped": false
            },
            {
              "title": "MUST return a JSON object",
              "fullTitle": "Test Scenario 1: DID Resolution Result overview: https://resolver.svip.danubetech.com/1.0/identifiers/ MUST return a JSON object",
              "timedOut": null,
              "duration": 186,
              "state": "passed",
              "speed": "fast",
              "pass": true,
              "fail": false,
              "pending": false,
              "context": null,
              "code": "cy.get(\"@request\").then(response => {\n  expect(response).to.be.a(\"object\");\n});",
              "err": {},
              "uuid": "d522e8c9-60e2-4de1-b909-4b1fa8973126",
              "parentUUID": "b3646b9b-b21b-4425-8bfc-79f199c4739d",
              "isHook": false,
              "skipped": false
            },
            {
              "title": "Should have header with Content-Type with value application/ld+json;profile=\"https://w3id.org/did-resolution\" ",
              "fullTitle": "Test Scenario 1: DID Resolution Result overview: https://resolver.svip.danubetech.com/1.0/identifiers/ Should have header with Content-Type with value application/ld+json;profile=\"https://w3id.org/did-resolution\" ",
              "timedOut": null,
              "duration": 265,
              "state": "passed",
              "speed": "fast",
              "pass": true,
              "fail": false,
              "pending": false,
              "context": null,
              "code": "cy.get(\"@request\").then(response => {\n  expect(response.headers[\"content-type\"].replace(/\\s+/g, \"\")).contains('application/ld+json;profile=\"https://w3id.org/did-resolution');\n});",
              "err": {},
              "uuid": "1cb65a0a-055f-4542-bfcc-e88f71c30f67",
              "parentUUID": "b3646b9b-b21b-4425-8bfc-79f199c4739d",
              "isHook": false,
              "skipped": false
            },
            {
              "title": "Must contain property didDocument",
              "fullTitle": "Test Scenario 1: DID Resolution Result overview: https://resolver.svip.danubetech.com/1.0/identifiers/ Must contain property didDocument",
              "timedOut": null,
              "duration": 187,
              "state": "passed",
              "speed": "fast",
              "pass": true,
              "fail": false,
              "pending": false,
              "context": null,
              "code": "cy.get(\"@request\").then(response => {\n  expect(response.body).to.have.property(\"didDocument\");\n});",
              "err": {},
              "uuid": "ee15d1e1-a77f-4c9c-bb79-990530c0d8bd",
              "parentUUID": "b3646b9b-b21b-4425-8bfc-79f199c4739d",
              "isHook": false,
              "skipped": false
            },
            {
              "title": "Must contain property didResolutionMetadata",
              "fullTitle": "Test Scenario 1: DID Resolution Result overview: https://resolver.svip.danubetech.com/1.0/identifiers/ Must contain property didResolutionMetadata",
              "timedOut": null,
              "duration": 189,
              "state": "passed",
              "speed": "fast",
              "pass": true,
              "fail": false,
              "pending": false,
              "context": null,
              "code": "cy.get(\"@request\").then(response => {\n  expect(response.body).to.have.property(\"didResolutionMetadata\");\n});",
              "err": {},
              "uuid": "a7659bef-3eb2-43cc-a0dc-64baedeec7d1",
              "parentUUID": "b3646b9b-b21b-4425-8bfc-79f199c4739d",
              "isHook": false,
              "skipped": false
            },
            {
              "title": "Must contain property didDocumentMetadata",
              "fullTitle": "Test Scenario 1: DID Resolution Result overview: https://resolver.svip.danubetech.com/1.0/identifiers/ Must contain property didDocumentMetadata",
              "timedOut": null,
              "duration": 365,
              "state": "passed",
              "speed": "fast",
              "pass": true,
              "fail": false,
              "pending": false,
              "context": null,
              "code": "cy.get(\"@request\").then(response => {\n  expect(response.body).to.have.property(\"didDocumentMetadata\");\n});",
              "err": {},
              "uuid": "2a79a220-2dd7-400d-b7b9-d1e44e09f1a7",
              "parentUUID": "b3646b9b-b21b-4425-8bfc-79f199c4739d",
              "isHook": false,
              "skipped": false
            }
          ],
          "suites": [],
          "passes": [
            "9ff5cc2f-23ef-48fe-9005-ae2ec0e0d826",
            "d522e8c9-60e2-4de1-b909-4b1fa8973126",
            "1cb65a0a-055f-4542-bfcc-e88f71c30f67",
            "ee15d1e1-a77f-4c9c-bb79-990530c0d8bd",
            "a7659bef-3eb2-43cc-a0dc-64baedeec7d1",
            "2a79a220-2dd7-400d-b7b9-d1e44e09f1a7"
          ],
          "failures": [],
          "pending": [],
          "skipped": [],
          "duration": 1838,
          "root": false,
          "rootEmpty": false,
          "_timeout": 2000
        },
        {
          "uuid": "6a7d8e56-a66e-4959-9aac-2639aaf2d7f2",
          "title": "Test Scenario 2: JSON-LD DID document",
          "fullFile": "",
          "file": "",
          "beforeHooks": [],
          "afterHooks": [],
          "tests": [
            {
              "title": "Should have response status 200",
              "fullTitle": "Test Scenario 2: JSON-LD DID document Should have response status 200",
              "timedOut": null,
              "duration": 229,
              "state": "passed",
              "speed": "fast",
              "pass": true,
              "fail": false,
              "pending": false,
              "context": null,
              "code": "cy.get(\"@request\").then(response => {\n  expect(response.status).to.eq(200);\n});",
              "err": {},
              "uuid": "32bb4c39-9f59-4bea-ba3f-973d9df79d7d",
              "parentUUID": "6a7d8e56-a66e-4959-9aac-2639aaf2d7f2",
              "isHook": false,
              "skipped": false
            },
            {
              "title": "MUST return a JSON object",
              "fullTitle": "Test Scenario 2: JSON-LD DID document MUST return a JSON object",
              "timedOut": null,
              "duration": 331,
              "state": "passed",
              "speed": "fast",
              "pass": true,
              "fail": false,
              "pending": false,
              "context": null,
              "code": "cy.get(\"@request\").then(response => {\n  expect(response).to.be.a(\"object\");\n});",
              "err": {},
              "uuid": "3b529e31-f0db-4091-a4dc-9fc73266c34b",
              "parentUUID": "6a7d8e56-a66e-4959-9aac-2639aaf2d7f2",
              "isHook": false,
              "skipped": false
            },
            {
              "title": "Should have header with content type",
              "fullTitle": "Test Scenario 2: JSON-LD DID document Should have header with content type",
              "timedOut": null,
              "duration": 202,
              "state": "passed",
              "speed": "fast",
              "pass": true,
              "fail": false,
              "pending": false,
              "context": null,
              "code": "cy.get(\"@request\").then(response => {\n  expect(response.headers[\"content-type\"]).to.contain(\"application/did+ld+json\");\n});",
              "err": {},
              "uuid": "f4344e95-ebae-4682-a377-4b70efa8db57",
              "parentUUID": "6a7d8e56-a66e-4959-9aac-2639aaf2d7f2",
              "isHook": false,
              "skipped": false
            },
            {
              "title": "Should not have property didDocument",
              "fullTitle": "Test Scenario 2: JSON-LD DID document Should not have property didDocument",
              "timedOut": null,
              "duration": 211,
              "state": "passed",
              "speed": "fast",
              "pass": true,
              "fail": false,
              "pending": false,
              "context": null,
              "code": "cy.get(\"@request\").then(response => {\n  expect(response.body).not.to.have.property(\"didDocument\");\n});",
              "err": {},
              "uuid": "de1bb7cd-2354-47e7-8898-166104277503",
              "parentUUID": "6a7d8e56-a66e-4959-9aac-2639aaf2d7f2",
              "isHook": false,
              "skipped": false
            },
            {
              "title": "Should have property @context",
              "fullTitle": "Test Scenario 2: JSON-LD DID document Should have property @context",
              "timedOut": null,
              "duration": 350,
              "state": "passed",
              "speed": "fast",
              "pass": true,
              "fail": false,
              "pending": false,
              "context": null,
              "code": "cy.get(\"@request\").then(response => {\n  expect(response.body).to.have.property(\"@context\");\n});",
              "err": {},
              "uuid": "c6e6ae33-f470-4884-b45b-e00d9591a98d",
              "parentUUID": "6a7d8e56-a66e-4959-9aac-2639aaf2d7f2",
              "isHook": false,
              "skipped": false
            }
          ],
          "suites": [],
          "passes": [
            "32bb4c39-9f59-4bea-ba3f-973d9df79d7d",
            "3b529e31-f0db-4091-a4dc-9fc73266c34b",
            "f4344e95-ebae-4682-a377-4b70efa8db57",
            "de1bb7cd-2354-47e7-8898-166104277503",
            "c6e6ae33-f470-4884-b45b-e00d9591a98d"
          ],
          "failures": [],
          "pending": [],
          "skipped": [],
          "duration": 1323,
          "root": false,
          "rootEmpty": false,
          "_timeout": 2000
        },
        {
          "uuid": "835e7857-5bbf-42d3-a22d-1ba263cabf67",
          "title": "Test Scenario 2b: CBOR DID document: https://resolver.svip.danubetech.com/1.0/identifiers/",
          "fullFile": "",
          "file": "",
          "beforeHooks": [],
          "afterHooks": [],
          "tests": [
            {
              "title": "MUST return HTTP response status 200",
              "fullTitle": "Test Scenario 2b: CBOR DID document: https://resolver.svip.danubetech.com/1.0/identifiers/ MUST return HTTP response status 200",
              "timedOut": null,
              "duration": 221,
              "state": "passed",
              "speed": "fast",
              "pass": true,
              "fail": false,
              "pending": false,
              "context": null,
              "code": "cy.request({\n  method: \"GET\",\n  url: endpoint + \"did:sov:WRfXPg8dantKVubE3HX8pw\",\n  headers: {\n    Accept: \"application/did+cbor\"\n  },\n  failOnStatusCode: false\n}).then(response => {\n  expect(response.status).to.eq(200);\n});",
              "err": {},
              "uuid": "34972f12-0bca-4fb3-b81b-b6a23dd576b9",
              "parentUUID": "835e7857-5bbf-42d3-a22d-1ba263cabf67",
              "isHook": false,
              "skipped": false
            }
          ],
          "suites": [],
          "passes": [
            "34972f12-0bca-4fb3-b81b-b6a23dd576b9"
          ],
          "failures": [],
          "pending": [],
          "skipped": [],
          "duration": 221,
          "root": false,
          "rootEmpty": false,
          "_timeout": 2000
        },
        {
          "uuid": "63cda8a6-f5d0-48a5-8b72-4604bae2a406",
          "title": "Test Scenario 3: Representation not supported",
          "fullFile": "",
          "file": "",
          "beforeHooks": [],
          "afterHooks": [],
          "tests": [
            {
              "title": "MUST return HTTP code 406",
              "fullTitle": "Test Scenario 3: Representation not supported MUST return HTTP code 406",
              "timedOut": null,
              "duration": 1225,
              "state": "passed",
              "speed": "fast",
              "pass": true,
              "fail": false,
              "pending": false,
              "context": null,
              "code": "cy.request({\n  method: \"GET\",\n  url: endpoint + \"did:sov:WRfXPg8dantKVubE3HX8pw\",\n  failOnStatusCode: false,\n  headers: {\n    Accept: \"image/png\"\n  }\n}).then(response => {\n  expect(response.status).to.eq(406);\n});",
              "err": {},
              "uuid": "8b041060-dc89-4ecd-96ab-f4467dd25ea2",
              "parentUUID": "63cda8a6-f5d0-48a5-8b72-4604bae2a406",
              "isHook": false,
              "skipped": false
            }
          ],
          "suites": [],
          "passes": [
            "8b041060-dc89-4ecd-96ab-f4467dd25ea2"
          ],
          "failures": [],
          "pending": [],
          "skipped": [],
          "duration": 1225,
          "root": false,
          "rootEmpty": false,
          "_timeout": 2000
        },
        {
          "uuid": "2feda248-a160-4a22-88b0-528f3b952e20",
          "title": "Test Scenario 4: Deactivated",
          "fullFile": "",
          "file": "",
          "beforeHooks": [],
          "afterHooks": [],
          "tests": [
            {
              "title": "MUST return HTTP code 410",
              "fullTitle": "Test Scenario 4: Deactivated MUST return HTTP code 410",
              "timedOut": null,
              "duration": 121,
              "state": "failed",
              "speed": null,
              "pass": false,
              "fail": true,
              "pending": false,
              "context": null,
              "code": "cy.request({\n  method: \"GET\",\n  url: endpoint + \"did:kilt:4r6RdVMNes2eEobxyxH7aVsesUqR2X175sUAXJfo7dEWxHUS\",\n  failOnStatusCode: false\n}).then(response => {\n  expect(response.status).to.eq(410);\n});",
              "err": {
                "message": "AssertionError: expected 404 to equal 410",
                "estack": "AssertionError: expected 404 to equal 410\n    at Context.eval (http://localhost:36257/__cypress/tests?p=cypress/integration/resolver_spec.js:224:36)",
                "diff": "- 404\n+ 410\n"
              },
              "uuid": "2989ecfd-e7fb-469a-8791-db5d37cffb25",
              "parentUUID": "2feda248-a160-4a22-88b0-528f3b952e20",
              "isHook": false,
              "skipped": false
            },
            {
              "title": "MUST return a JSON object",
              "fullTitle": "Test Scenario 4: Deactivated MUST return a JSON object",
              "timedOut": null,
              "duration": 142,
              "state": "passed",
              "speed": "fast",
              "pass": true,
              "fail": false,
              "pending": false,
              "context": null,
              "code": "cy.request({\n  method: \"GET\",\n  url: endpoint + \"did:kilt:4r6RdVMNes2eEobxyxH7aVsesUqR2X175sUAXJfo7dEWxHUS\",\n  failOnStatusCode: false\n}).then(response => {\n  expect(response).to.be.a(\"object\");\n});",
              "err": {},
              "uuid": "e897294c-267d-433a-b654-7782be5db698",
              "parentUUID": "2feda248-a160-4a22-88b0-528f3b952e20",
              "isHook": false,
              "skipped": false
            },
            {
              "title": "MUST return HTTP header Content-Type",
              "fullTitle": "Test Scenario 4: Deactivated MUST return HTTP header Content-Type",
              "timedOut": null,
              "duration": 117,
              "state": "passed",
              "speed": "fast",
              "pass": true,
              "fail": false,
              "pending": false,
              "context": null,
              "code": "cy.request({\n  method: \"GET\",\n  url: endpoint + \"did:kilt:4r6RdVMNes2eEobxyxH7aVsesUqR2X175sUAXJfo7dEWxHUS\",\n  failOnStatusCode: false\n}).then(response => {\n  expect(response.headers[\"content-type\"]).to.contain('application/ld+json;profile=\"https://w3id.org/did-resolution\"');\n});",
              "err": {},
              "uuid": "0a4572f8-809e-4964-b3d6-fbe7e227b944",
              "parentUUID": "2feda248-a160-4a22-88b0-528f3b952e20",
              "isHook": false,
              "skipped": false
            },
            {
              "title": "JSON object MUST contain property didDocumentMetadata.deactivated = true",
              "fullTitle": "Test Scenario 4: Deactivated JSON object MUST contain property didDocumentMetadata.deactivated = true",
              "timedOut": null,
              "duration": 115,
              "state": "failed",
              "speed": null,
              "pass": false,
              "fail": true,
              "pending": false,
              "context": null,
              "code": "cy.request({\n  method: \"GET\",\n  url: endpoint + \"did:kilt:4r6RdVMNes2eEobxyxH7aVsesUqR2X175sUAXJfo7dEWxHUS\",\n  failOnStatusCode: false\n}).then(response => {\n  expect(response.body.didDocumentMetadata.deactivated).to.eq(true);\n});",
              "err": {
                "message": "AssertionError: expected undefined to equal true",
                "estack": "AssertionError: expected undefined to equal true\n    at Context.eval (http://localhost:36257/__cypress/tests?p=cypress/integration/resolver_spec.js:251:66)",
                "diff": null
              },
              "uuid": "6f4ed8d0-6951-4973-b396-b9e33e48272d",
              "parentUUID": "2feda248-a160-4a22-88b0-528f3b952e20",
              "isHook": false,
              "skipped": false
            }
          ],
          "suites": [],
          "passes": [
            "e897294c-267d-433a-b654-7782be5db698",
            "0a4572f8-809e-4964-b3d6-fbe7e227b944"
          ],
          "failures": [
            "2989ecfd-e7fb-469a-8791-db5d37cffb25",
            "6f4ed8d0-6951-4973-b396-b9e33e48272d"
          ],
          "pending": [],
          "skipped": [],
          "duration": 495,
          "root": false,
          "rootEmpty": false,
          "_timeout": 2000
        },
        {
          "uuid": "69c8d14c-dcae-4520-a502-b984d43ec864",
          "title": "Test Scenario 5: Not found",
          "fullFile": "",
          "file": "",
          "beforeHooks": [],
          "afterHooks": [],
          "tests": [
            {
              "title": "MUST return HTTP code 404",
              "fullTitle": "Test Scenario 5: Not found MUST return HTTP code 404",
              "timedOut": null,
              "duration": 139,
              "state": "passed",
              "speed": "fast",
              "pass": true,
              "fail": false,
              "pending": false,
              "context": null,
              "code": "cy.request({\n  method: \"GET\",\n  url: endpoint + \"did:sov:0000000000000000000000\",\n  failOnStatusCode: false\n}).then(response => {\n  expect(response.status).to.eq(404);\n});",
              "err": {},
              "uuid": "31118b10-b323-4590-91bc-4892b2f36ccb",
              "parentUUID": "69c8d14c-dcae-4520-a502-b984d43ec864",
              "isHook": false,
              "skipped": false
            },
            {
              "title": "MUST return HTTP header Content-Type with value application/ld+json;profile=\"https://w3id.org/did-resolution\"",
              "fullTitle": "Test Scenario 5: Not found MUST return HTTP header Content-Type with value application/ld+json;profile=\"https://w3id.org/did-resolution\"",
              "timedOut": null,
              "duration": 116,
              "state": "passed",
              "speed": "fast",
              "pass": true,
              "fail": false,
              "pending": false,
              "context": null,
              "code": "cy.request({\n  method: \"GET\",\n  url: endpoint + \"did:sov:0000000000000000000000\",\n  failOnStatusCode: false\n}).then(response => {\n  expect(response.headers[\"content-type\"]).to.contain('application/ld+json;profile=\"https://w3id.org/did-resolution\"');\n});",
              "err": {},
              "uuid": "af81d73f-d40b-4403-b2d5-5028b1a6e5bf",
              "parentUUID": "69c8d14c-dcae-4520-a502-b984d43ec864",
              "isHook": false,
              "skipped": false
            },
            {
              "title": "MUST return a JSON object",
              "fullTitle": "Test Scenario 5: Not found MUST return a JSON object",
              "timedOut": null,
              "duration": 131,
              "state": "passed",
              "speed": "fast",
              "pass": true,
              "fail": false,
              "pending": false,
              "context": null,
              "code": "cy.request({\n  method: \"GET\",\n  url: endpoint + \"did:sov:0000000000000000000000\",\n  failOnStatusCode: false\n}).then(response => {\n  expect(response).to.be.a(\"object\");\n});",
              "err": {},
              "uuid": "8cc676e4-0de1-465e-b9b2-c05b7d19cb89",
              "parentUUID": "69c8d14c-dcae-4520-a502-b984d43ec864",
              "isHook": false,
              "skipped": false
            },
            {
              "title": "JSON object MUST contain property didResolutionMetadata.error = \"notFound\"",
              "fullTitle": "Test Scenario 5: Not found JSON object MUST contain property didResolutionMetadata.error = \"notFound\"",
              "timedOut": null,
              "duration": 203,
              "state": "failed",
              "speed": null,
              "pass": false,
              "fail": true,
              "pending": false,
              "context": null,
              "code": "cy.request({\n  method: \"GET\",\n  url: \"https://dev.uniresolver.io/1.0/identifiers/did:sov:0000000000000000000000\",\n  failOnStatusCode: false\n}).then(response => {\n  expect(response.body.didResolutionMetadata.error).to.eq(\"notFound\");\n});",
              "err": {
                "message": "TypeError: Cannot read properties of undefined (reading 'error')",
                "estack": "TypeError: Cannot read properties of undefined (reading 'error')\n    at Context.eval (http://localhost:36257/__cypress/tests?p=cypress/integration/resolver_spec.js:292:52)",
                "diff": null
              },
              "uuid": "abedd48c-8f49-4700-93d9-897b483b6b9e",
              "parentUUID": "69c8d14c-dcae-4520-a502-b984d43ec864",
              "isHook": false,
              "skipped": false
            }
          ],
          "suites": [],
          "passes": [
            "31118b10-b323-4590-91bc-4892b2f36ccb",
            "af81d73f-d40b-4403-b2d5-5028b1a6e5bf",
            "8cc676e4-0de1-465e-b9b2-c05b7d19cb89"
          ],
          "failures": [
            "abedd48c-8f49-4700-93d9-897b483b6b9e"
          ],
          "pending": [],
          "skipped": [],
          "duration": 589,
          "root": false,
          "rootEmpty": false,
          "_timeout": 2000
        },
        {
          "uuid": "1be1fcfe-35c9-4813-b55d-2bde282a9e1c",
          "title": "Test Scenario 6: Invalid DID",
          "fullFile": "",
          "file": "",
          "beforeHooks": [],
          "afterHooks": [],
          "tests": [
            {
              "title": "MUST return HTTP code 400",
              "fullTitle": "Test Scenario 6: Invalid DID MUST return HTTP code 400",
              "timedOut": null,
              "duration": 141,
              "state": "passed",
              "speed": "fast",
              "pass": true,
              "fail": false,
              "pending": false,
              "context": null,
              "code": "cy.request({\n  method: \"GET\",\n  url: endpoint + \"did:example_222\",\n  failOnStatusCode: false\n}).then(response => {\n  expect(response.status).to.eq(400);\n});",
              "err": {},
              "uuid": "4623dc05-5080-4479-bfb1-2219e05d5897",
              "parentUUID": "1be1fcfe-35c9-4813-b55d-2bde282a9e1c",
              "isHook": false,
              "skipped": false
            },
            {
              "title": "MUST return HTTP header Content-Type with value application/ld+json;profile=\"https://w3id.org/did-resolution\"",
              "fullTitle": "Test Scenario 6: Invalid DID MUST return HTTP header Content-Type with value application/ld+json;profile=\"https://w3id.org/did-resolution\"",
              "timedOut": null,
              "duration": 112,
              "state": "passed",
              "speed": "fast",
              "pass": true,
              "fail": false,
              "pending": false,
              "context": null,
              "code": "cy.request({\n  method: \"GET\",\n  url: endpoint + \"did:example_222\",\n  failOnStatusCode: false\n}).then(response => {\n  expect(response.headers[\"content-type\"]).to.contain('application/ld+json;profile=\"https://w3id.org/did-resolution\"');\n});",
              "err": {},
              "uuid": "f77f6729-074e-45dd-844d-2d2aba8aad4c",
              "parentUUID": "1be1fcfe-35c9-4813-b55d-2bde282a9e1c",
              "isHook": false,
              "skipped": false
            },
            {
              "title": "MUST return a JSON object",
              "fullTitle": "Test Scenario 6: Invalid DID MUST return a JSON object",
              "timedOut": null,
              "duration": 114,
              "state": "passed",
              "speed": "fast",
              "pass": true,
              "fail": false,
              "pending": false,
              "context": null,
              "code": "cy.request({\n  method: \"GET\",\n  url: endpoint + \"did:example_222\",\n  failOnStatusCode: false\n}).then(response => {\n  expect(response).to.be.a(\"object\");\n});",
              "err": {},
              "uuid": "22160f71-f624-48cd-bd33-5d01079d8a01",
              "parentUUID": "1be1fcfe-35c9-4813-b55d-2bde282a9e1c",
              "isHook": false,
              "skipped": false
            },
            {
              "title": "JSON object MUST contain property didResolutionMetadata.error = \"invalidDid\"",
              "fullTitle": "Test Scenario 6: Invalid DID JSON object MUST contain property didResolutionMetadata.error = \"invalidDid\"",
              "timedOut": null,
              "duration": 112,
              "state": "passed",
              "speed": "fast",
              "pass": true,
              "fail": false,
              "pending": false,
              "context": null,
              "code": "cy.request({\n  method: \"GET\",\n  url: endpoint + \"did:example_222\",\n  failOnStatusCode: false\n}).then(response => {\n  expect(response.body.didResolutionMetadata.error).to.contain(\"invalidDid\");\n});",
              "err": {},
              "uuid": "4bba8407-5b2a-4252-ab57-073a564f283d",
              "parentUUID": "1be1fcfe-35c9-4813-b55d-2bde282a9e1c",
              "isHook": false,
              "skipped": false
            }
          ],
          "suites": [],
          "passes": [
            "4623dc05-5080-4479-bfb1-2219e05d5897",
            "f77f6729-074e-45dd-844d-2d2aba8aad4c",
            "22160f71-f624-48cd-bd33-5d01079d8a01",
            "4bba8407-5b2a-4252-ab57-073a564f283d"
          ],
          "failures": [],
          "pending": [],
          "skipped": [],
          "duration": 479,
          "root": false,
          "rootEmpty": false,
          "_timeout": 2000
        },
        {
          "uuid": "9a44af83-d304-412d-8b0d-384381a24925",
          "title": "Test Scenario 7: DID URLs with fragments",
          "fullFile": "",
          "file": "",
          "beforeHooks": [],
          "afterHooks": [],
          "tests": [
            {
              "title": "Must return HTTP code 200",
              "fullTitle": "Test Scenario 7: DID URLs with fragments Must return HTTP code 200",
              "timedOut": null,
              "duration": 493,
              "state": "passed",
              "speed": "fast",
              "pass": true,
              "fail": false,
              "pending": false,
              "context": null,
              "code": "cy.get(\"@request\").then(response => {\n  expect(response.status).to.eq(200);\n});",
              "err": {},
              "uuid": "d4a8c3a6-5ab6-45ac-8c2e-39b77381a113",
              "parentUUID": "9a44af83-d304-412d-8b0d-384381a24925",
              "isHook": false,
              "skipped": false
            },
            {
              "title": "MUST return a JSON object",
              "fullTitle": "Test Scenario 7: DID URLs with fragments MUST return a JSON object",
              "timedOut": null,
              "duration": 497,
              "state": "passed",
              "speed": "fast",
              "pass": true,
              "fail": false,
              "pending": false,
              "context": null,
              "code": "cy.get(\"@request\").then(response => {\n  expect(response).to.be.a(\"object\");\n});",
              "err": {},
              "uuid": "2b2423ca-84c9-4be1-b532-0e6db564bb5e",
              "parentUUID": "9a44af83-d304-412d-8b0d-384381a24925",
              "isHook": false,
              "skipped": false
            },
            {
              "title": "MUST return HTTP header Content-Type with value application/did+ld+json",
              "fullTitle": "Test Scenario 7: DID URLs with fragments MUST return HTTP header Content-Type with value application/did+ld+json",
              "timedOut": null,
              "duration": 1390,
              "state": "passed",
              "speed": "fast",
              "pass": true,
              "fail": false,
              "pending": false,
              "context": null,
              "code": "cy.get(\"@request\").then(response => {\n  expect(response.headers[\"content-type\"]).to.contain(\"application/did+ld+json\");\n});",
              "err": {},
              "uuid": "3c114bec-eefc-4003-a600-60ebf79985c9",
              "parentUUID": "9a44af83-d304-412d-8b0d-384381a24925",
              "isHook": false,
              "skipped": false
            },
            {
              "title": "JSON object MUST NOT contain property didDocument",
              "fullTitle": "Test Scenario 7: DID URLs with fragments JSON object MUST NOT contain property didDocument",
              "timedOut": null,
              "duration": 540,
              "state": "passed",
              "speed": "fast",
              "pass": true,
              "fail": false,
              "pending": false,
              "context": null,
              "code": "cy.get(\"@request\").then(response => {\n  expect(response.body).not.to.have.property(\"didDocument\");\n});",
              "err": {},
              "uuid": "74281cd8-bb3a-4178-92fc-72a7217b5b19",
              "parentUUID": "9a44af83-d304-412d-8b0d-384381a24925",
              "isHook": false,
              "skipped": false
            },
            {
              "title": "JSON object MUST contain property @context",
              "fullTitle": "Test Scenario 7: DID URLs with fragments JSON object MUST contain property @context",
              "timedOut": null,
              "duration": 450,
              "state": "passed",
              "speed": "fast",
              "pass": true,
              "fail": false,
              "pending": false,
              "context": null,
              "code": "cy.get(\"@request\").then(response => {\n  expect(response.body).to.have.property(\"@context\");\n});",
              "err": {},
              "uuid": "171540d0-4175-4ed2-9bf7-4ce6f5127959",
              "parentUUID": "9a44af83-d304-412d-8b0d-384381a24925",
              "isHook": false,
              "skipped": false
            },
            {
              "title": "JSON object MUST contain property type",
              "fullTitle": "Test Scenario 7: DID URLs with fragments JSON object MUST contain property type",
              "timedOut": null,
              "duration": 209,
              "state": "passed",
              "speed": "fast",
              "pass": true,
              "fail": false,
              "pending": false,
              "context": null,
              "code": "cy.get(\"@request\").then(response => {\n  expect(response.body).to.have.property(\"type\");\n});",
              "err": {},
              "uuid": "73a9dfef-81a1-42f6-a909-6ad45a1b61de",
              "parentUUID": "9a44af83-d304-412d-8b0d-384381a24925",
              "isHook": false,
              "skipped": false
            },
            {
              "title": "JSON object MUST contain property id with value application/did+ld+json",
              "fullTitle": "Test Scenario 7: DID URLs with fragments JSON object MUST contain property id with value application/did+ld+json",
              "timedOut": null,
              "duration": 187,
              "state": "passed",
              "speed": "fast",
              "pass": true,
              "fail": false,
              "pending": false,
              "context": null,
              "code": "cy.get(\"@request\").then(response => {\n  expect(response.body).to.have.property(\"id\");\n  expect(response.body[\"id\"]).to.contain(\"did:sov:WRfXPg8dantKVubE3HX8pw#key-1\");\n});",
              "err": {},
              "uuid": "d55098b5-4dc5-47fb-be9d-3bfceca598db",
              "parentUUID": "9a44af83-d304-412d-8b0d-384381a24925",
              "isHook": false,
              "skipped": false
            }
          ],
          "suites": [],
          "passes": [
            "d4a8c3a6-5ab6-45ac-8c2e-39b77381a113",
            "2b2423ca-84c9-4be1-b532-0e6db564bb5e",
            "3c114bec-eefc-4003-a600-60ebf79985c9",
            "74281cd8-bb3a-4178-92fc-72a7217b5b19",
            "171540d0-4175-4ed2-9bf7-4ce6f5127959",
            "73a9dfef-81a1-42f6-a909-6ad45a1b61de",
            "d55098b5-4dc5-47fb-be9d-3bfceca598db"
          ],
          "failures": [],
          "pending": [],
          "skipped": [],
          "duration": 3766,
          "root": false,
          "rootEmpty": false,
          "_timeout": 2000
        },
        {
          "uuid": "c1a6cc62-7191-4a54-a5ad-54e7a8ccc5b9",
          "title": "Test Scenario 8: Service and relativeRef parameters",
          "fullFile": "",
          "file": "",
          "beforeHooks": [],
          "afterHooks": [],
          "tests": [
            {
              "title": "Fetches DID",
              "fullTitle": "Test Scenario 8: Service and relativeRef parameters Fetches DID",
              "timedOut": null,
              "duration": 175,
              "state": "passed",
              "speed": "fast",
              "pass": true,
              "fail": false,
              "pending": false,
              "context": null,
              "code": "cy.request({\n  method: \"GET\",\n  url: endpoint + \"did:web:danubetech.com?service=github&relativeRef=did-method-dns\",\n  headers: {\n    Accept: \"text/uri-list\"\n  },\n  failOnStatusCode: false\n}).as(\"response\");\nit(\"MUST return HTTP response status equals 303\", () => {\n  cy.get(\"@response\").then(response => {\n    expect(response.status).to.eq(303);\n  });\n});\nit(\"MUST return a JSON object\", () => {\n  cy.get(\"@request\").then(response => {\n    expect(response).to.be.a(\"object\");\n  });\n});",
              "err": {},
              "uuid": "49a51580-75b5-470d-9e58-08540fa0eb11",
              "parentUUID": "c1a6cc62-7191-4a54-a5ad-54e7a8ccc5b9",
              "isHook": false,
              "skipped": false
            }
          ],
          "suites": [],
          "passes": [
            "49a51580-75b5-470d-9e58-08540fa0eb11"
          ],
          "failures": [],
          "pending": [],
          "skipped": [],
          "duration": 175,
          "root": false,
          "rootEmpty": false,
          "_timeout": 2000
        },
        {
          "uuid": "759bab83-ce4c-4eaf-8243-da4af2eee8bb",
          "title": "Test Scenario 9: DID URLs with transformKeys",
          "fullFile": "",
          "file": "",
          "beforeHooks": [],
          "afterHooks": [],
          "tests": [
            {
              "title": "MUST return HTTP response status 200",
              "fullTitle": "Test Scenario 9: DID URLs with transformKeys MUST return HTTP response status 200",
              "timedOut": null,
              "duration": 369,
              "state": "passed",
              "speed": "fast",
              "pass": true,
              "fail": false,
              "pending": false,
              "context": null,
              "code": "cy.request({\n  method: \"GET\",\n  url: endpoint + \"did:sov:WRfXPg8dantKVubE3HX8pw?transformKeys=JsonWebKey2020\",\n  headers: {\n    Accept: \"application/did+ld+json\"\n  },\n  failOnStatusCode: false\n}).then(response => {\n  expect(response.status).to.eq(200);\n});",
              "err": {},
              "uuid": "b8856515-1af7-4a2d-9dd5-b73947cf7eda",
              "parentUUID": "759bab83-ce4c-4eaf-8243-da4af2eee8bb",
              "isHook": false,
              "skipped": false
            },
            {
              "title": "MUST return a JSON object",
              "fullTitle": "Test Scenario 9: DID URLs with transformKeys MUST return a JSON object",
              "timedOut": null,
              "duration": 215,
              "state": "passed",
              "speed": "fast",
              "pass": true,
              "fail": false,
              "pending": false,
              "context": null,
              "code": "cy.request({\n  method: \"GET\",\n  url: endpoint + \"did:sov:WRfXPg8dantKVubE3HX8pw?transformKeys=JsonWebKey2020\",\n  headers: {\n    Accept: \"application/did+ld+json\"\n  },\n  failOnStatusCode: false\n}).then(response => {\n  expect(response).to.be.a(\"object\");\n});",
              "err": {},
              "uuid": "64de93da-80c3-4bfe-990b-64d4673acd2d",
              "parentUUID": "759bab83-ce4c-4eaf-8243-da4af2eee8bb",
              "isHook": false,
              "skipped": false
            },
            {
              "title": "MUST return property verificationMethod of type JsonWebKey2020",
              "fullTitle": "Test Scenario 9: DID URLs with transformKeys MUST return property verificationMethod of type JsonWebKey2020",
              "timedOut": null,
              "duration": 1246,
              "state": "passed",
              "speed": "fast",
              "pass": true,
              "fail": false,
              "pending": false,
              "context": null,
              "code": "cy.request({\n  method: \"GET\",\n  url: endpoint + \"did:sov:WRfXPg8dantKVubE3HX8pw?transformKeys=JsonWebKey2020\",\n  headers: {\n    Accept: \"application/did+ld+json\"\n  },\n  failOnStatusCode: false\n}).then(response => {\n  response.body.verificationMethod.forEach(out => {\n    expect(out).has.property(\"type\", \"JsonWebKey2020\");\n  });\n});",
              "err": {},
              "uuid": "8a55af42-606b-4ddf-9952-250b899249a1",
              "parentUUID": "759bab83-ce4c-4eaf-8243-da4af2eee8bb",
              "isHook": false,
              "skipped": false
            },
            {
              "title": "MUST return HTTP header with Content-Type",
              "fullTitle": "Test Scenario 9: DID URLs with transformKeys MUST return HTTP header with Content-Type",
              "timedOut": null,
              "duration": 536,
              "state": "passed",
              "speed": "fast",
              "pass": true,
              "fail": false,
              "pending": false,
              "context": null,
              "code": "cy.request({\n  method: \"GET\",\n  url: endpoint + \"did:sov:WRfXPg8dantKVubE3HX8pw?transformKeys=JsonWebKey2020\",\n  headers: {\n    Accept: \"application/did+ld+json\"\n  },\n  failOnStatusCode: false\n}).then(response => {\n  expect(response.headers[\"content-type\"]).contains(\"application/did+ld+json\");\n});",
              "err": {},
              "uuid": "c5d3e41a-4309-47b1-ae5d-982adc100b4d",
              "parentUUID": "759bab83-ce4c-4eaf-8243-da4af2eee8bb",
              "isHook": false,
              "skipped": false
            },
            {
              "title": "MUST return property id with value did:sov:WRfXPg8dantKVubE3HX8pw",
              "fullTitle": "Test Scenario 9: DID URLs with transformKeys MUST return property id with value did:sov:WRfXPg8dantKVubE3HX8pw",
              "timedOut": null,
              "duration": 517,
              "state": "passed",
              "speed": "fast",
              "pass": true,
              "fail": false,
              "pending": false,
              "context": null,
              "code": "cy.request({\n  method: \"GET\",\n  url: endpoint + \"did:sov:WRfXPg8dantKVubE3HX8pw?transformKeys=JsonWebKey2020\",\n  headers: {\n    Accept: \"application/did+ld+json\"\n  },\n  failOnStatusCode: false\n}).then(response => {\n  expect(response.body).has.property(\"id\", \"did:sov:WRfXPg8dantKVubE3HX8pw\");\n});",
              "err": {},
              "uuid": "3f365c53-ef75-40ec-b6f3-89302cf7b208",
              "parentUUID": "759bab83-ce4c-4eaf-8243-da4af2eee8bb",
              "isHook": false,
              "skipped": false
            }
          ],
          "suites": [],
          "passes": [
            "b8856515-1af7-4a2d-9dd5-b73947cf7eda",
            "64de93da-80c3-4bfe-990b-64d4673acd2d",
            "8a55af42-606b-4ddf-9952-250b899249a1",
            "c5d3e41a-4309-47b1-ae5d-982adc100b4d",
            "3f365c53-ef75-40ec-b6f3-89302cf7b208"
          ],
          "failures": [],
          "pending": [],
          "skipped": [],
          "duration": 2883,
          "root": false,
          "rootEmpty": false,
          "_timeout": 2000
        },
        {
          "uuid": "ea986046-54ce-43bc-90be-9faebd259f54",
          "title": "Test Scenario 10: DID URLs with versionTime parameter",
          "fullFile": "",
          "file": "",
          "beforeHooks": [],
          "afterHooks": [],
          "tests": [
            {
              "title": "MUST return HTTP response status 200",
              "fullTitle": "Test Scenario 10: DID URLs with versionTime parameter MUST return HTTP response status 200",
              "timedOut": null,
              "duration": 5021,
              "state": "failed",
              "speed": null,
              "pass": false,
              "fail": true,
              "pending": false,
              "context": null,
              "code": "cy.request({\n  method: \"GET\",\n  url: endpoint + \"did:sov:DjxRxnL4gXsncbH8jM8ySM?versionTime=2018-12-10T02:22:49Z\",\n  headers: {\n    Accept: \"application/did+ld+json\"\n  },\n  failOnStatusCode: false\n}).then(response => {\n  expect(response.status).to.eq(200);\n});",
              "err": {
                "message": "CypressError: `cy.request()` timed out waiting `5000ms` for a response from your server.\n\nThe request we sent was:\n\nMethod: GET\nURL: https://resolver.svip.danubetech.com/1.0/identifiers/did:sov:DjxRxnL4gXsncbH8jM8ySM?versionTime=2018-12-10T02:22:49Z\n\nNo response was received within the timeout.\n\nhttps://on.cypress.io/request",
                "estack": "CypressError: `cy.request()` timed out waiting `5000ms` for a response from your server.\n\nThe request we sent was:\n\nMethod: GET\nURL: https://resolver.svip.danubetech.com/1.0/identifiers/did:sov:DjxRxnL4gXsncbH8jM8ySM?versionTime=2018-12-10T02:22:49Z\n\nNo response was received within the timeout.\n\nhttps://on.cypress.io/request\n    at http://localhost:36257/__cypress/runner/cypress_runner.js:160652:78\n    at tryCatcher (http://localhost:36257/__cypress/runner/cypress_runner.js:13022:23)\n    at http://localhost:36257/__cypress/runner/cypress_runner.js:8144:41\n    at tryCatcher (http://localhost:36257/__cypress/runner/cypress_runner.js:13022:23)\n    at Promise._settlePromiseFromHandler (http://localhost:36257/__cypress/runner/cypress_runner.js:10957:31)\n    at Promise._settlePromise (http://localhost:36257/__cypress/runner/cypress_runner.js:11014:18)\n    at Promise._settlePromise0 (http://localhost:36257/__cypress/runner/cypress_runner.js:11059:10)\n    at Promise._settlePromises (http://localhost:36257/__cypress/runner/cypress_runner.js:11135:18)\n    at _drainQueueStep (http://localhost:36257/__cypress/runner/cypress_runner.js:7729:12)\n    at _drainQueue (http://localhost:36257/__cypress/runner/cypress_runner.js:7722:9)\n    at Async.../../node_modules/bluebird/js/release/async.js.Async._drainQueues (http://localhost:36257/__cypress/runner/cypress_runner.js:7738:5)\n    at Async.drainQueues (http://localhost:36257/__cypress/runner/cypress_runner.js:7608:14)\nFrom Your Spec Code:\n    at Context.eval (http://localhost:36257/__cypress/tests?p=cypress/integration/resolver_spec.js:486:10)",
                "diff": null
              },
              "uuid": "63b9dea7-d8f8-4104-b7ae-ef61b42b5ab4",
              "parentUUID": "ea986046-54ce-43bc-90be-9faebd259f54",
              "isHook": false,
              "skipped": false
            },
            {
              "title": "MUST return HTTP header with Content-Type",
              "fullTitle": "Test Scenario 10: DID URLs with versionTime parameter MUST return HTTP header with Content-Type",
              "timedOut": null,
              "duration": 5085,
              "state": "failed",
              "speed": null,
              "pass": false,
              "fail": true,
              "pending": false,
              "context": null,
              "code": "cy.request({\n  method: \"GET\",\n  url: endpoint + \"did:sov:DjxRxnL4gXsncbH8jM8ySM?versionTime=2018-12-10T02:22:49Z\",\n  headers: {\n    Accept: \"application/did+ld+json\"\n  },\n  failOnStatusCode: false\n}).then(response => {\n  expect(response.headers[\"content-type\"]).contains(\"application/did+ld+json\");\n});",
              "err": {
                "message": "CypressError: `cy.request()` timed out waiting `5000ms` for a response from your server.\n\nThe request we sent was:\n\nMethod: GET\nURL: https://resolver.svip.danubetech.com/1.0/identifiers/did:sov:DjxRxnL4gXsncbH8jM8ySM?versionTime=2018-12-10T02:22:49Z\n\nNo response was received within the timeout.\n\nhttps://on.cypress.io/request",
                "estack": "CypressError: `cy.request()` timed out waiting `5000ms` for a response from your server.\n\nThe request we sent was:\n\nMethod: GET\nURL: https://resolver.svip.danubetech.com/1.0/identifiers/did:sov:DjxRxnL4gXsncbH8jM8ySM?versionTime=2018-12-10T02:22:49Z\n\nNo response was received within the timeout.\n\nhttps://on.cypress.io/request\n    at http://localhost:36257/__cypress/runner/cypress_runner.js:160652:78\n    at tryCatcher (http://localhost:36257/__cypress/runner/cypress_runner.js:13022:23)\n    at http://localhost:36257/__cypress/runner/cypress_runner.js:8144:41\n    at tryCatcher (http://localhost:36257/__cypress/runner/cypress_runner.js:13022:23)\n    at Promise._settlePromiseFromHandler (http://localhost:36257/__cypress/runner/cypress_runner.js:10957:31)\n    at Promise._settlePromise (http://localhost:36257/__cypress/runner/cypress_runner.js:11014:18)\n    at Promise._settlePromise0 (http://localhost:36257/__cypress/runner/cypress_runner.js:11059:10)\n    at Promise._settlePromises (http://localhost:36257/__cypress/runner/cypress_runner.js:11135:18)\n    at _drainQueueStep (http://localhost:36257/__cypress/runner/cypress_runner.js:7729:12)\n    at _drainQueue (http://localhost:36257/__cypress/runner/cypress_runner.js:7722:9)\n    at Async.../../node_modules/bluebird/js/release/async.js.Async._drainQueues (http://localhost:36257/__cypress/runner/cypress_runner.js:7738:5)\n    at Async.drainQueues (http://localhost:36257/__cypress/runner/cypress_runner.js:7608:14)\nFrom Your Spec Code:\n    at Context.eval (http://localhost:36257/__cypress/tests?p=cypress/integration/resolver_spec.js:498:10)",
                "diff": null
              },
              "uuid": "0ba79ac8-fd73-4b96-9a9a-97dcf86d5de2",
              "parentUUID": "ea986046-54ce-43bc-90be-9faebd259f54",
              "isHook": false,
              "skipped": false
            },
            {
              "title": "MUST return JSON object",
              "fullTitle": "Test Scenario 10: DID URLs with versionTime parameter MUST return JSON object",
              "timedOut": null,
              "duration": 5074,
              "state": "failed",
              "speed": null,
              "pass": false,
              "fail": true,
              "pending": false,
              "context": null,
              "code": "cy.request({\n  method: \"GET\",\n  url: endpoint + \"did:sov:DjxRxnL4gXsncbH8jM8ySM?versionTime=2018-12-10T02:22:49Z\",\n  headers: {\n    Accept: \"application/did+ld+json\"\n  },\n  failOnStatusCode: false\n}).then(response => {\n  expect(response).to.be.a(\"object\");\n});",
              "err": {
                "message": "CypressError: `cy.request()` timed out waiting `5000ms` for a response from your server.\n\nThe request we sent was:\n\nMethod: GET\nURL: https://resolver.svip.danubetech.com/1.0/identifiers/did:sov:DjxRxnL4gXsncbH8jM8ySM?versionTime=2018-12-10T02:22:49Z\n\nNo response was received within the timeout.\n\nhttps://on.cypress.io/request",
                "estack": "CypressError: `cy.request()` timed out waiting `5000ms` for a response from your server.\n\nThe request we sent was:\n\nMethod: GET\nURL: https://resolver.svip.danubetech.com/1.0/identifiers/did:sov:DjxRxnL4gXsncbH8jM8ySM?versionTime=2018-12-10T02:22:49Z\n\nNo response was received within the timeout.\n\nhttps://on.cypress.io/request\n    at http://localhost:36257/__cypress/runner/cypress_runner.js:160652:78\n    at tryCatcher (http://localhost:36257/__cypress/runner/cypress_runner.js:13022:23)\n    at http://localhost:36257/__cypress/runner/cypress_runner.js:8144:41\n    at tryCatcher (http://localhost:36257/__cypress/runner/cypress_runner.js:13022:23)\n    at Promise._settlePromiseFromHandler (http://localhost:36257/__cypress/runner/cypress_runner.js:10957:31)\n    at Promise._settlePromise (http://localhost:36257/__cypress/runner/cypress_runner.js:11014:18)\n    at Promise._settlePromise0 (http://localhost:36257/__cypress/runner/cypress_runner.js:11059:10)\n    at Promise._settlePromises (http://localhost:36257/__cypress/runner/cypress_runner.js:11135:18)\n    at _drainQueueStep (http://localhost:36257/__cypress/runner/cypress_runner.js:7729:12)\n    at _drainQueue (http://localhost:36257/__cypress/runner/cypress_runner.js:7722:9)\n    at Async.../../node_modules/bluebird/js/release/async.js.Async._drainQueues (http://localhost:36257/__cypress/runner/cypress_runner.js:7738:5)\n    at Async.drainQueues (http://localhost:36257/__cypress/runner/cypress_runner.js:7608:14)\nFrom Your Spec Code:\n    at Context.eval (http://localhost:36257/__cypress/tests?p=cypress/integration/resolver_spec.js:510:10)",
                "diff": null
              },
              "uuid": "1bc46716-4913-4b4d-b417-580856eccb1c",
              "parentUUID": "ea986046-54ce-43bc-90be-9faebd259f54",
              "isHook": false,
              "skipped": false
            },
            {
              "title": "MUST contain property @context",
              "fullTitle": "Test Scenario 10: DID URLs with versionTime parameter MUST contain property @context",
              "timedOut": null,
              "duration": 5077,
              "state": "failed",
              "speed": null,
              "pass": false,
              "fail": true,
              "pending": false,
              "context": null,
              "code": "cy.request({\n  method: \"GET\",\n  url: endpoint + \"did:sov:DjxRxnL4gXsncbH8jM8ySM?versionTime=2018-12-10T02:22:49Z\",\n  headers: {\n    Accept: \"application/did+ld+json\"\n  },\n  failOnStatusCode: false\n}).then(response => {\n  expect(response.body).to.have.property(\"@context\");\n});",
              "err": {
                "message": "CypressError: `cy.request()` timed out waiting `5000ms` for a response from your server.\n\nThe request we sent was:\n\nMethod: GET\nURL: https://resolver.svip.danubetech.com/1.0/identifiers/did:sov:DjxRxnL4gXsncbH8jM8ySM?versionTime=2018-12-10T02:22:49Z\n\nNo response was received within the timeout.\n\nhttps://on.cypress.io/request",
                "estack": "CypressError: `cy.request()` timed out waiting `5000ms` for a response from your server.\n\nThe request we sent was:\n\nMethod: GET\nURL: https://resolver.svip.danubetech.com/1.0/identifiers/did:sov:DjxRxnL4gXsncbH8jM8ySM?versionTime=2018-12-10T02:22:49Z\n\nNo response was received within the timeout.\n\nhttps://on.cypress.io/request\n    at http://localhost:36257/__cypress/runner/cypress_runner.js:160652:78\n    at tryCatcher (http://localhost:36257/__cypress/runner/cypress_runner.js:13022:23)\n    at http://localhost:36257/__cypress/runner/cypress_runner.js:8144:41\n    at tryCatcher (http://localhost:36257/__cypress/runner/cypress_runner.js:13022:23)\n    at Promise._settlePromiseFromHandler (http://localhost:36257/__cypress/runner/cypress_runner.js:10957:31)\n    at Promise._settlePromise (http://localhost:36257/__cypress/runner/cypress_runner.js:11014:18)\n    at Promise._settlePromise0 (http://localhost:36257/__cypress/runner/cypress_runner.js:11059:10)\n    at Promise._settlePromises (http://localhost:36257/__cypress/runner/cypress_runner.js:11135:18)\n    at _drainQueueStep (http://localhost:36257/__cypress/runner/cypress_runner.js:7729:12)\n    at _drainQueue (http://localhost:36257/__cypress/runner/cypress_runner.js:7722:9)\n    at Async.../../node_modules/bluebird/js/release/async.js.Async._drainQueues (http://localhost:36257/__cypress/runner/cypress_runner.js:7738:5)\n    at Async.drainQueues (http://localhost:36257/__cypress/runner/cypress_runner.js:7608:14)\nFrom Your Spec Code:\n    at Context.eval (http://localhost:36257/__cypress/tests?p=cypress/integration/resolver_spec.js:522:10)",
                "diff": null
              },
              "uuid": "5ae6a1ef-3e9c-459a-8cf4-372ccb39ce2b",
              "parentUUID": "ea986046-54ce-43bc-90be-9faebd259f54",
              "isHook": false,
              "skipped": false
            },
            {
              "title": "MUST contain property id with value ",
              "fullTitle": "Test Scenario 10: DID URLs with versionTime parameter MUST contain property id with value ",
              "timedOut": null,
              "duration": 5072,
              "state": "failed",
              "speed": null,
              "pass": false,
              "fail": true,
              "pending": false,
              "context": null,
              "code": "cy.request({\n  method: \"GET\",\n  url: endpoint + \"did:sov:DjxRxnL4gXsncbH8jM8ySM?versionTime=2018-12-10T02:22:49Z\",\n  headers: {\n    Accept: \"application/did+ld+json\"\n  },\n  failOnStatusCode: false\n}).then(response => {\n  expect(response.body).has.property(\"id\", \"did:sov:DjxRxnL4gXsncbH8jM8ySM\");\n});",
              "err": {
                "message": "CypressError: `cy.request()` timed out waiting `5000ms` for a response from your server.\n\nThe request we sent was:\n\nMethod: GET\nURL: https://resolver.svip.danubetech.com/1.0/identifiers/did:sov:DjxRxnL4gXsncbH8jM8ySM?versionTime=2018-12-10T02:22:49Z\n\nNo response was received within the timeout.\n\nhttps://on.cypress.io/request",
                "estack": "CypressError: `cy.request()` timed out waiting `5000ms` for a response from your server.\n\nThe request we sent was:\n\nMethod: GET\nURL: https://resolver.svip.danubetech.com/1.0/identifiers/did:sov:DjxRxnL4gXsncbH8jM8ySM?versionTime=2018-12-10T02:22:49Z\n\nNo response was received within the timeout.\n\nhttps://on.cypress.io/request\n    at http://localhost:36257/__cypress/runner/cypress_runner.js:160652:78\n    at tryCatcher (http://localhost:36257/__cypress/runner/cypress_runner.js:13022:23)\n    at http://localhost:36257/__cypress/runner/cypress_runner.js:8144:41\n    at tryCatcher (http://localhost:36257/__cypress/runner/cypress_runner.js:13022:23)\n    at Promise._settlePromiseFromHandler (http://localhost:36257/__cypress/runner/cypress_runner.js:10957:31)\n    at Promise._settlePromise (http://localhost:36257/__cypress/runner/cypress_runner.js:11014:18)\n    at Promise._settlePromise0 (http://localhost:36257/__cypress/runner/cypress_runner.js:11059:10)\n    at Promise._settlePromises (http://localhost:36257/__cypress/runner/cypress_runner.js:11135:18)\n    at _drainQueueStep (http://localhost:36257/__cypress/runner/cypress_runner.js:7729:12)\n    at _drainQueue (http://localhost:36257/__cypress/runner/cypress_runner.js:7722:9)\n    at Async.../../node_modules/bluebird/js/release/async.js.Async._drainQueues (http://localhost:36257/__cypress/runner/cypress_runner.js:7738:5)\n    at Async.drainQueues (http://localhost:36257/__cypress/runner/cypress_runner.js:7608:14)\nFrom Your Spec Code:\n    at Context.eval (http://localhost:36257/__cypress/tests?p=cypress/integration/resolver_spec.js:534:10)",
                "diff": null
              },
              "uuid": "b75b6473-004b-4ca4-8562-346698dfdf0a",
              "parentUUID": "ea986046-54ce-43bc-90be-9faebd259f54",
              "isHook": false,
              "skipped": false
            }
          ],
          "suites": [],
          "passes": [],
          "failures": [
            "63b9dea7-d8f8-4104-b7ae-ef61b42b5ab4",
            "0ba79ac8-fd73-4b96-9a9a-97dcf86d5de2",
            "1bc46716-4913-4b4d-b417-580856eccb1c",
            "5ae6a1ef-3e9c-459a-8cf4-372ccb39ce2b",
            "b75b6473-004b-4ca4-8562-346698dfdf0a"
          ],
          "pending": [],
          "skipped": [],
          "duration": 25329,
          "root": false,
          "rootEmpty": false,
          "_timeout": 2000
        },
        {
          "uuid": "0360effd-ad58-4e52-9a78-b82b7b1ed5ba",
          "title": "Test Scenario 11: DID URLs with versionId parameter",
          "fullFile": "",
          "file": "",
          "beforeHooks": [],
          "afterHooks": [],
          "tests": [
            {
              "title": "MUST return HTTP response status 200",
              "fullTitle": "Test Scenario 11: DID URLs with versionId parameter MUST return HTTP response status 200",
              "timedOut": null,
              "duration": 5075,
              "state": "failed",
              "speed": null,
              "pass": false,
              "fail": true,
              "pending": false,
              "context": null,
              "code": "cy.request({\n  method: \"GET\",\n  url: endpoint + \"did:sov:DjxRxnL4gXsncbH8jM8ySM?versionId=105\",\n  headers: {\n    Accept: \"application/did+ld+json\"\n  },\n  failOnStatusCode: false\n}).then(response => {\n  expect(response.status).to.eq(200);\n});",
              "err": {
                "message": "CypressError: `cy.request()` timed out waiting `5000ms` for a response from your server.\n\nThe request we sent was:\n\nMethod: GET\nURL: https://resolver.svip.danubetech.com/1.0/identifiers/did:sov:DjxRxnL4gXsncbH8jM8ySM?versionId=105\n\nNo response was received within the timeout.\n\nhttps://on.cypress.io/request",
                "estack": "CypressError: `cy.request()` timed out waiting `5000ms` for a response from your server.\n\nThe request we sent was:\n\nMethod: GET\nURL: https://resolver.svip.danubetech.com/1.0/identifiers/did:sov:DjxRxnL4gXsncbH8jM8ySM?versionId=105\n\nNo response was received within the timeout.\n\nhttps://on.cypress.io/request\n    at http://localhost:36257/__cypress/runner/cypress_runner.js:160652:78\n    at tryCatcher (http://localhost:36257/__cypress/runner/cypress_runner.js:13022:23)\n    at http://localhost:36257/__cypress/runner/cypress_runner.js:8144:41\n    at tryCatcher (http://localhost:36257/__cypress/runner/cypress_runner.js:13022:23)\n    at Promise._settlePromiseFromHandler (http://localhost:36257/__cypress/runner/cypress_runner.js:10957:31)\n    at Promise._settlePromise (http://localhost:36257/__cypress/runner/cypress_runner.js:11014:18)\n    at Promise._settlePromise0 (http://localhost:36257/__cypress/runner/cypress_runner.js:11059:10)\n    at Promise._settlePromises (http://localhost:36257/__cypress/runner/cypress_runner.js:11135:18)\n    at _drainQueueStep (http://localhost:36257/__cypress/runner/cypress_runner.js:7729:12)\n    at _drainQueue (http://localhost:36257/__cypress/runner/cypress_runner.js:7722:9)\n    at Async.../../node_modules/bluebird/js/release/async.js.Async._drainQueues (http://localhost:36257/__cypress/runner/cypress_runner.js:7738:5)\n    at Async.drainQueues (http://localhost:36257/__cypress/runner/cypress_runner.js:7608:14)\nFrom Your Spec Code:\n    at Context.eval (http://localhost:36257/__cypress/tests?p=cypress/integration/resolver_spec.js:551:10)",
                "diff": null
              },
              "uuid": "b25fd505-a6d0-4531-be92-bc3c72529662",
              "parentUUID": "0360effd-ad58-4e52-9a78-b82b7b1ed5ba",
              "isHook": false,
              "skipped": false
            },
            {
              "title": "MUST return JSON object",
              "fullTitle": "Test Scenario 11: DID URLs with versionId parameter MUST return JSON object",
              "timedOut": null,
              "duration": 5077,
              "state": "failed",
              "speed": null,
              "pass": false,
              "fail": true,
              "pending": false,
              "context": null,
              "code": "cy.request({\n  method: \"GET\",\n  url: endpoint + \"did:sov:DjxRxnL4gXsncbH8jM8ySM?versionId=105\",\n  headers: {\n    Accept: \"application/did+ld+json\"\n  },\n  failOnStatusCode: false\n}).then(response => {\n  expect(response).to.be.a(\"object\");\n});",
              "err": {
                "message": "CypressError: `cy.request()` timed out waiting `5000ms` for a response from your server.\n\nThe request we sent was:\n\nMethod: GET\nURL: https://resolver.svip.danubetech.com/1.0/identifiers/did:sov:DjxRxnL4gXsncbH8jM8ySM?versionId=105\n\nNo response was received within the timeout.\n\nhttps://on.cypress.io/request",
                "estack": "CypressError: `cy.request()` timed out waiting `5000ms` for a response from your server.\n\nThe request we sent was:\n\nMethod: GET\nURL: https://resolver.svip.danubetech.com/1.0/identifiers/did:sov:DjxRxnL4gXsncbH8jM8ySM?versionId=105\n\nNo response was received within the timeout.\n\nhttps://on.cypress.io/request\n    at http://localhost:36257/__cypress/runner/cypress_runner.js:160652:78\n    at tryCatcher (http://localhost:36257/__cypress/runner/cypress_runner.js:13022:23)\n    at http://localhost:36257/__cypress/runner/cypress_runner.js:8144:41\n    at tryCatcher (http://localhost:36257/__cypress/runner/cypress_runner.js:13022:23)\n    at Promise._settlePromiseFromHandler (http://localhost:36257/__cypress/runner/cypress_runner.js:10957:31)\n    at Promise._settlePromise (http://localhost:36257/__cypress/runner/cypress_runner.js:11014:18)\n    at Promise._settlePromise0 (http://localhost:36257/__cypress/runner/cypress_runner.js:11059:10)\n    at Promise._settlePromises (http://localhost:36257/__cypress/runner/cypress_runner.js:11135:18)\n    at _drainQueueStep (http://localhost:36257/__cypress/runner/cypress_runner.js:7729:12)\n    at _drainQueue (http://localhost:36257/__cypress/runner/cypress_runner.js:7722:9)\n    at Async.../../node_modules/bluebird/js/release/async.js.Async._drainQueues (http://localhost:36257/__cypress/runner/cypress_runner.js:7738:5)\n    at Async.drainQueues (http://localhost:36257/__cypress/runner/cypress_runner.js:7608:14)\nFrom Your Spec Code:\n    at Context.eval (http://localhost:36257/__cypress/tests?p=cypress/integration/resolver_spec.js:563:10)",
                "diff": null
              },
              "uuid": "8edbfc2f-a30f-48c8-86e0-6c5b76daddb5",
              "parentUUID": "0360effd-ad58-4e52-9a78-b82b7b1ed5ba",
              "isHook": false,
              "skipped": false
            },
            {
              "title": "JSON object MUST contain property @context",
              "fullTitle": "Test Scenario 11: DID URLs with versionId parameter JSON object MUST contain property @context",
              "timedOut": null,
              "duration": 5081,
              "state": "failed",
              "speed": null,
              "pass": false,
              "fail": true,
              "pending": false,
              "context": null,
              "code": "cy.request({\n  method: \"GET\",\n  url: endpoint + \"did:sov:DjxRxnL4gXsncbH8jM8ySM?versionId=105\",\n  headers: {\n    Accept: \"application/did+ld+json\"\n  },\n  failOnStatusCode: false\n}).then(response => {\n  expect(response.body).to.have.property(\"@context\");\n});",
              "err": {
                "message": "CypressError: `cy.request()` timed out waiting `5000ms` for a response from your server.\n\nThe request we sent was:\n\nMethod: GET\nURL: https://resolver.svip.danubetech.com/1.0/identifiers/did:sov:DjxRxnL4gXsncbH8jM8ySM?versionId=105\n\nNo response was received within the timeout.\n\nhttps://on.cypress.io/request",
                "estack": "CypressError: `cy.request()` timed out waiting `5000ms` for a response from your server.\n\nThe request we sent was:\n\nMethod: GET\nURL: https://resolver.svip.danubetech.com/1.0/identifiers/did:sov:DjxRxnL4gXsncbH8jM8ySM?versionId=105\n\nNo response was received within the timeout.\n\nhttps://on.cypress.io/request\n    at http://localhost:36257/__cypress/runner/cypress_runner.js:160652:78\n    at tryCatcher (http://localhost:36257/__cypress/runner/cypress_runner.js:13022:23)\n    at http://localhost:36257/__cypress/runner/cypress_runner.js:8144:41\n    at tryCatcher (http://localhost:36257/__cypress/runner/cypress_runner.js:13022:23)\n    at Promise._settlePromiseFromHandler (http://localhost:36257/__cypress/runner/cypress_runner.js:10957:31)\n    at Promise._settlePromise (http://localhost:36257/__cypress/runner/cypress_runner.js:11014:18)\n    at Promise._settlePromise0 (http://localhost:36257/__cypress/runner/cypress_runner.js:11059:10)\n    at Promise._settlePromises (http://localhost:36257/__cypress/runner/cypress_runner.js:11135:18)\n    at _drainQueueStep (http://localhost:36257/__cypress/runner/cypress_runner.js:7729:12)\n    at _drainQueue (http://localhost:36257/__cypress/runner/cypress_runner.js:7722:9)\n    at Async.../../node_modules/bluebird/js/release/async.js.Async._drainQueues (http://localhost:36257/__cypress/runner/cypress_runner.js:7738:5)\n    at Async.drainQueues (http://localhost:36257/__cypress/runner/cypress_runner.js:7608:14)\nFrom Your Spec Code:\n    at Context.eval (http://localhost:36257/__cypress/tests?p=cypress/integration/resolver_spec.js:575:10)",
                "diff": null
              },
              "uuid": "dd76f1aa-810a-4274-94c1-b2f578147103",
              "parentUUID": "0360effd-ad58-4e52-9a78-b82b7b1ed5ba",
              "isHook": false,
              "skipped": false
            },
            {
              "title": "MUST return HTTP header with Content-Type",
              "fullTitle": "Test Scenario 11: DID URLs with versionId parameter MUST return HTTP header with Content-Type",
              "timedOut": null,
              "duration": 5107,
              "state": "failed",
              "speed": null,
              "pass": false,
              "fail": true,
              "pending": false,
              "context": null,
              "code": "cy.request({\n  method: \"GET\",\n  url: endpoint + \"did:sov:DjxRxnL4gXsncbH8jM8ySM?versionId=105\",\n  headers: {\n    Accept: \"application/did+ld+json;charset=utf-8\"\n  },\n  failOnStatusCode: false\n}).then(response => {\n  expect(response.headers[\"content-type\"]).contains(\"application/did+ld+json\");\n});",
              "err": {
                "message": "CypressError: `cy.request()` timed out waiting `5000ms` for a response from your server.\n\nThe request we sent was:\n\nMethod: GET\nURL: https://resolver.svip.danubetech.com/1.0/identifiers/did:sov:DjxRxnL4gXsncbH8jM8ySM?versionId=105\n\nNo response was received within the timeout.\n\nhttps://on.cypress.io/request",
                "estack": "CypressError: `cy.request()` timed out waiting `5000ms` for a response from your server.\n\nThe request we sent was:\n\nMethod: GET\nURL: https://resolver.svip.danubetech.com/1.0/identifiers/did:sov:DjxRxnL4gXsncbH8jM8ySM?versionId=105\n\nNo response was received within the timeout.\n\nhttps://on.cypress.io/request\n    at http://localhost:36257/__cypress/runner/cypress_runner.js:160652:78\n    at tryCatcher (http://localhost:36257/__cypress/runner/cypress_runner.js:13022:23)\n    at http://localhost:36257/__cypress/runner/cypress_runner.js:8144:41\n    at tryCatcher (http://localhost:36257/__cypress/runner/cypress_runner.js:13022:23)\n    at Promise._settlePromiseFromHandler (http://localhost:36257/__cypress/runner/cypress_runner.js:10957:31)\n    at Promise._settlePromise (http://localhost:36257/__cypress/runner/cypress_runner.js:11014:18)\n    at Promise._settlePromise0 (http://localhost:36257/__cypress/runner/cypress_runner.js:11059:10)\n    at Promise._settlePromises (http://localhost:36257/__cypress/runner/cypress_runner.js:11135:18)\n    at _drainQueueStep (http://localhost:36257/__cypress/runner/cypress_runner.js:7729:12)\n    at _drainQueue (http://localhost:36257/__cypress/runner/cypress_runner.js:7722:9)\n    at Async.../../node_modules/bluebird/js/release/async.js.Async._drainQueues (http://localhost:36257/__cypress/runner/cypress_runner.js:7738:5)\n    at Async.drainQueues (http://localhost:36257/__cypress/runner/cypress_runner.js:7608:14)\nFrom Your Spec Code:\n    at Context.eval (http://localhost:36257/__cypress/tests?p=cypress/integration/resolver_spec.js:587:10)",
                "diff": null
              },
              "uuid": "6ae4035b-57ef-465c-9aef-627b8adb19ba",
              "parentUUID": "0360effd-ad58-4e52-9a78-b82b7b1ed5ba",
              "isHook": false,
              "skipped": false
            },
            {
              "title": "MUST contain property id",
              "fullTitle": "Test Scenario 11: DID URLs with versionId parameter MUST contain property id",
              "timedOut": null,
              "duration": 5081,
              "state": "failed",
              "speed": null,
              "pass": false,
              "fail": true,
              "pending": false,
              "context": null,
              "code": "cy.request({\n  method: \"GET\",\n  url: endpoint + \"did:sov:DjxRxnL4gXsncbH8jM8ySM?versionId=105\",\n  headers: {\n    Accept: \"application/did+ld+json;charset=utf-8\"\n  },\n  failOnStatusCode: false\n}).then(response => {\n  expect(response.body).has.property(\"id\", \"did:sov:DjxRxnL4gXsncbH8jM8ySM\");\n});",
              "err": {
                "message": "CypressError: `cy.request()` timed out waiting `5000ms` for a response from your server.\n\nThe request we sent was:\n\nMethod: GET\nURL: https://resolver.svip.danubetech.com/1.0/identifiers/did:sov:DjxRxnL4gXsncbH8jM8ySM?versionId=105\n\nNo response was received within the timeout.\n\nhttps://on.cypress.io/request",
                "estack": "CypressError: `cy.request()` timed out waiting `5000ms` for a response from your server.\n\nThe request we sent was:\n\nMethod: GET\nURL: https://resolver.svip.danubetech.com/1.0/identifiers/did:sov:DjxRxnL4gXsncbH8jM8ySM?versionId=105\n\nNo response was received within the timeout.\n\nhttps://on.cypress.io/request\n    at http://localhost:36257/__cypress/runner/cypress_runner.js:160652:78\n    at tryCatcher (http://localhost:36257/__cypress/runner/cypress_runner.js:13022:23)\n    at http://localhost:36257/__cypress/runner/cypress_runner.js:8144:41\n    at tryCatcher (http://localhost:36257/__cypress/runner/cypress_runner.js:13022:23)\n    at Promise._settlePromiseFromHandler (http://localhost:36257/__cypress/runner/cypress_runner.js:10957:31)\n    at Promise._settlePromise (http://localhost:36257/__cypress/runner/cypress_runner.js:11014:18)\n    at Promise._settlePromise0 (http://localhost:36257/__cypress/runner/cypress_runner.js:11059:10)\n    at Promise._settlePromises (http://localhost:36257/__cypress/runner/cypress_runner.js:11135:18)\n    at _drainQueueStep (http://localhost:36257/__cypress/runner/cypress_runner.js:7729:12)\n    at _drainQueue (http://localhost:36257/__cypress/runner/cypress_runner.js:7722:9)\n    at Async.../../node_modules/bluebird/js/release/async.js.Async._drainQueues (http://localhost:36257/__cypress/runner/cypress_runner.js:7738:5)\n    at Async.drainQueues (http://localhost:36257/__cypress/runner/cypress_runner.js:7608:14)\nFrom Your Spec Code:\n    at Context.eval (http://localhost:36257/__cypress/tests?p=cypress/integration/resolver_spec.js:599:10)",
                "diff": null
              },
              "uuid": "2c9d9ffb-83fc-405c-9f98-c22e5eb17e4d",
              "parentUUID": "0360effd-ad58-4e52-9a78-b82b7b1ed5ba",
              "isHook": false,
              "skipped": false
            }
          ],
          "suites": [],
          "passes": [],
          "failures": [
            "b25fd505-a6d0-4531-be92-bc3c72529662",
            "8edbfc2f-a30f-48c8-86e0-6c5b76daddb5",
            "dd76f1aa-810a-4274-94c1-b2f578147103",
            "6ae4035b-57ef-465c-9aef-627b8adb19ba",
            "2c9d9ffb-83fc-405c-9f98-c22e5eb17e4d"
          ],
          "pending": [],
          "skipped": [],
          "duration": 25421,
          "root": false,
          "rootEmpty": false,
          "_timeout": 2000
        },
        {
          "uuid": "a9187074-4a8a-464d-a2fa-9c35b6d69a75",
          "title": "Test Scenario 12: Resolve a DID / dereference a DID URL",
          "fullFile": "",
          "file": "",
          "beforeHooks": [],
          "afterHooks": [],
          "tests": [
            {
              "title": "MUST return HTTP response status 200",
              "fullTitle": "Test Scenario 12: Resolve a DID / dereference a DID URL MUST return HTTP response status 200",
              "timedOut": null,
              "duration": 1103,
              "state": "passed",
              "speed": "fast",
              "pass": true,
              "fail": false,
              "pending": false,
              "context": null,
              "code": "cy.request({\n  method: \"GET\",\n  url: endpoint + \"did:sov:builder:VbPQNHsvoLZdaNU7fTBeFx\",\n  headers: {\n    Accept: \"application/json\"\n  },\n  failOnStatusCode: false\n}).then(response => {\n  expect(response.status).to.eq(200);\n});",
              "err": {},
              "uuid": "4198bf69-697d-4c16-98de-1c6e53c4e887",
              "parentUUID": "a9187074-4a8a-464d-a2fa-9c35b6d69a75",
              "isHook": false,
              "skipped": false
            },
            {
              "title": "MUST return HTTP header with Content-Type",
              "fullTitle": "Test Scenario 12: Resolve a DID / dereference a DID URL MUST return HTTP header with Content-Type",
              "timedOut": null,
              "duration": 379,
              "state": "passed",
              "speed": "fast",
              "pass": true,
              "fail": false,
              "pending": false,
              "context": null,
              "code": "cy.request({\n  method: \"GET\",\n  url: endpoint + \"did:sov:builder:VbPQNHsvoLZdaNU7fTBeFx\",\n  headers: {\n    Accept: \"application/json\"\n  },\n  failOnStatusCode: false\n}).then(response => {\n  expect(response.headers[\"content-type\"]).contains(\"application/did+json;charset=utf-8\");\n});",
              "err": {},
              "uuid": "6eb46583-7ff1-4144-ac83-d6076b91c7fa",
              "parentUUID": "a9187074-4a8a-464d-a2fa-9c35b6d69a75",
              "isHook": false,
              "skipped": false
            },
            {
              "title": "MUST contain property id",
              "fullTitle": "Test Scenario 12: Resolve a DID / dereference a DID URL MUST contain property id",
              "timedOut": null,
              "duration": 859,
              "state": "passed",
              "speed": "fast",
              "pass": true,
              "fail": false,
              "pending": false,
              "context": null,
              "code": "cy.request({\n  method: \"GET\",\n  url: endpoint + \"did:sov:builder:VbPQNHsvoLZdaNU7fTBeFx\",\n  headers: {\n    Accept: \"application/json\"\n  },\n  failOnStatusCode: false\n}).then(response => {\n  expect(response.body).has.property(\"id\", \"did:sov:builder:VbPQNHsvoLZdaNU7fTBeFx\");\n});",
              "err": {},
              "uuid": "c1c3e79b-fe7e-402d-b8e3-7851e66a86c1",
              "parentUUID": "a9187074-4a8a-464d-a2fa-9c35b6d69a75",
              "isHook": false,
              "skipped": false
            },
            {
              "title": "MUST contain property keyAgreement",
              "fullTitle": "Test Scenario 12: Resolve a DID / dereference a DID URL MUST contain property keyAgreement",
              "timedOut": null,
              "duration": 367,
              "state": "passed",
              "speed": "fast",
              "pass": true,
              "fail": false,
              "pending": false,
              "context": null,
              "code": "cy.request({\n  method: \"GET\",\n  url: endpoint + \"did:sov:builder:VbPQNHsvoLZdaNU7fTBeFx\",\n  headers: {\n    Accept: \"application/json\"\n  },\n  failOnStatusCode: false\n}).then(response => {\n  expect(response.body[\"keyAgreement\"][0]).to.contain(\"did:sov:builder:VbPQNHsvoLZdaNU7fTBeFx\");\n});",
              "err": {},
              "uuid": "950543f7-eb25-4a52-913a-559e7adbf983",
              "parentUUID": "a9187074-4a8a-464d-a2fa-9c35b6d69a75",
              "isHook": false,
              "skipped": false
            }
          ],
          "suites": [],
          "passes": [
            "4198bf69-697d-4c16-98de-1c6e53c4e887",
            "6eb46583-7ff1-4144-ac83-d6076b91c7fa",
            "c1c3e79b-fe7e-402d-b8e3-7851e66a86c1",
            "950543f7-eb25-4a52-913a-559e7adbf983"
          ],
          "failures": [],
          "pending": [],
          "skipped": [],
          "duration": 2708,
          "root": false,
          "rootEmpty": false,
          "_timeout": 2000
        },
        {
          "uuid": "2a4c3776-fde0-4e7a-baf9-18a6e5d6ce51",
          "title": "Test Scenario 12B: Resolve a DID / dereference a DID URL",
          "fullFile": "",
          "file": "",
          "beforeHooks": [],
          "afterHooks": [],
          "tests": [
            {
              "title": "MUST return HTTP response status 200",
              "fullTitle": "Test Scenario 12B: Resolve a DID / dereference a DID URL MUST return HTTP response status 200",
              "timedOut": null,
              "duration": 373,
              "state": "failed",
              "speed": null,
              "pass": false,
              "fail": true,
              "pending": false,
              "context": null,
              "code": "cy.request({\n  method: \"GET\",\n  url: endpoint + \"did:sov:builder:VbPQNHsvoLZdaNU7fTBeFx\",\n  headers: {\n    Accept: 'application/ld+json;profile=\"https://w3c-ccg.github.io/did-resolution/\"'\n  },\n  failOnStatusCode: false\n}).then(response => {\n  expect(response.status).to.eq(200);\n});",
              "err": {
                "message": "AssertionError: expected 406 to equal 200",
                "estack": "AssertionError: expected 406 to equal 200\n    at Context.eval (http://localhost:36257/__cypress/tests?p=cypress/integration/resolver_spec.js:677:36)",
                "diff": "- 406\n+ 200\n"
              },
              "uuid": "4c2fd957-b4b6-4cff-a27f-735d6c06c124",
              "parentUUID": "2a4c3776-fde0-4e7a-baf9-18a6e5d6ce51",
              "isHook": false,
              "skipped": false
            },
            {
              "title": "HTTP response must contain content-type property with value application/did+json;charset=utf-8",
              "fullTitle": "Test Scenario 12B: Resolve a DID / dereference a DID URL HTTP response must contain content-type property with value application/did+json;charset=utf-8",
              "timedOut": null,
              "duration": 224,
              "state": "failed",
              "speed": null,
              "pass": false,
              "fail": true,
              "pending": false,
              "context": null,
              "code": "cy.request({\n  method: \"GET\",\n  url: endpoint + \"did:sov:builder:VbPQNHsvoLZdaNU7fTBeFx\",\n  headers: {\n    Accept: 'application/ld+json;profile=\"https://w3c-ccg.github.io/did-resolution/\"'\n  },\n  failOnStatusCode: false\n}).then(response => {\n  expect(response.headers[\"content-type\"]).contains('application/ld+json; profile=\"https://w3c-ccg.github.io/did-resolution/\"');\n});",
              "err": {
                "message": "AssertionError: object tested must be an array, a map, an object, a set, a string, or a weakset, but undefined given",
                "estack": "AssertionError: object tested must be an array, a map, an object, a set, a string, or a weakset, but undefined given\n    at Context.eval (http://localhost:36257/__cypress/tests?p=cypress/integration/resolver_spec.js:689:9)",
                "diff": null
              },
              "uuid": "06fcbcae-0b82-41a0-ba90-5d7df411d1ae",
              "parentUUID": "2a4c3776-fde0-4e7a-baf9-18a6e5d6ce51",
              "isHook": false,
              "skipped": false
            }
          ],
          "suites": [],
          "passes": [],
          "failures": [
            "4c2fd957-b4b6-4cff-a27f-735d6c06c124",
            "06fcbcae-0b82-41a0-ba90-5d7df411d1ae"
          ],
          "pending": [],
          "skipped": [],
          "duration": 597,
          "root": false,
          "rootEmpty": false,
          "_timeout": 2000
        }
      ],
      "passes": [],
      "failures": [],
      "pending": [],
      "skipped": [],
      "duration": 0,
      "root": true,
      "rootEmpty": true,
      "_timeout": 2000
    }
  ],
  "meta": {
    "mocha": {
      "version": "7.0.1"
    },
    "mochawesome": {
      "options": {
        "quiet": false,
        "reportFilename": "mochawesome",
        "saveHtml": false,
        "saveJson": true,
        "consoleReporter": "spec",
        "useInlineDiffs": false,
        "code": true
      },
      "version": "7.1.2"
    },
    "marge": {
      "options": {
        "reportDir": "reports/mocha",
        "configFile": "reporterOpts.json",
        "overwrite": false,
        "html": false,
        "json": true
      },
      "version": "6.1.1"
    }
  }
}