{
  "stats": {
    "suites": 12,
    "tests": 44,
    "passes": 35,
    "pending": 0,
    "failures": 9,
    "start": "2022-08-23T00:41:46.508Z",
    "end": "2022-08-23T00:41:57.735Z",
    "duration": 11227,
    "testsRegistered": 44,
    "passPercent": 79.54545454545455,
    "pendingPercent": 0,
    "other": 0,
    "hasOther": false,
    "skipped": 0,
    "hasSkipped": false
  },
  "results": [
    {
      "uuid": "241f9506-e80b-4a16-9b0b-c0598c1cbc76",
      "title": "",
      "fullFile": "cypress/integration/resolver_spec.js",
      "file": "cypress/integration/resolver_spec.js",
      "beforeHooks": [],
      "afterHooks": [],
      "tests": [],
      "suites": [
        {
          "uuid": "cca1a0c9-03b1-4ce7-b2db-6cbe811245a3",
          "title": "Test Scenario 1: DID Resolution Result overview: https://dev.uniresolver.io/1.0/identifiers/",
          "fullFile": "",
          "file": "",
          "beforeHooks": [],
          "afterHooks": [],
          "tests": [
            {
              "title": "MUST return HTTP code 200",
              "fullTitle": "Test Scenario 1: DID Resolution Result overview: https://dev.uniresolver.io/1.0/identifiers/ MUST return HTTP code 200",
              "timedOut": null,
              "duration": 581,
              "state": "passed",
              "speed": "fast",
              "pass": true,
              "fail": false,
              "pending": false,
              "context": null,
              "code": "cy.get(\"@request\").then(response => {\n  expect(response.status).to.eq(200);\n});",
              "err": {},
              "uuid": "4da142bc-05dc-42cd-9125-2851ae80c68c",
              "parentUUID": "cca1a0c9-03b1-4ce7-b2db-6cbe811245a3",
              "isHook": false,
              "skipped": false
            },
            {
              "title": "MUST return a JSON object",
              "fullTitle": "Test Scenario 1: DID Resolution Result overview: https://dev.uniresolver.io/1.0/identifiers/ MUST return a JSON object",
              "timedOut": null,
              "duration": 125,
              "state": "passed",
              "speed": "fast",
              "pass": true,
              "fail": false,
              "pending": false,
              "context": null,
              "code": "cy.get(\"@request\").then(response => {\n  expect(response).to.be.a(\"object\");\n});",
              "err": {},
              "uuid": "ba6db85f-b350-4057-ad23-a96a5a1745bc",
              "parentUUID": "cca1a0c9-03b1-4ce7-b2db-6cbe811245a3",
              "isHook": false,
              "skipped": false
            },
            {
              "title": "Should have header with Content-Type with value application/ld+json;profile=\"https://w3id.org/did-resolution\" ",
              "fullTitle": "Test Scenario 1: DID Resolution Result overview: https://dev.uniresolver.io/1.0/identifiers/ Should have header with Content-Type with value application/ld+json;profile=\"https://w3id.org/did-resolution\" ",
              "timedOut": null,
              "duration": 740,
              "state": "passed",
              "speed": "fast",
              "pass": true,
              "fail": false,
              "pending": false,
              "context": null,
              "code": "cy.get(\"@request\").then(response => {\n  expect(response.headers[\"content-type\"].replace(/\\s+/g, \"\")).contains('application/ld+json;profile=\"https://w3id.org/did-resolution');\n});",
              "err": {},
              "uuid": "b23f6c84-bd2f-4f51-a15a-7c7c0386d490",
              "parentUUID": "cca1a0c9-03b1-4ce7-b2db-6cbe811245a3",
              "isHook": false,
              "skipped": false
            },
            {
              "title": "Must contain property didDocument",
              "fullTitle": "Test Scenario 1: DID Resolution Result overview: https://dev.uniresolver.io/1.0/identifiers/ Must contain property didDocument",
              "timedOut": null,
              "duration": 293,
              "state": "passed",
              "speed": "fast",
              "pass": true,
              "fail": false,
              "pending": false,
              "context": null,
              "code": "cy.get(\"@request\").then(response => {\n  expect(response.body).to.have.property(\"didDocument\");\n});",
              "err": {},
              "uuid": "9cf098c5-c67d-451e-9c75-30d84d9d2206",
              "parentUUID": "cca1a0c9-03b1-4ce7-b2db-6cbe811245a3",
              "isHook": false,
              "skipped": false
            },
            {
              "title": "Must contain property didResolutionMetadata",
              "fullTitle": "Test Scenario 1: DID Resolution Result overview: https://dev.uniresolver.io/1.0/identifiers/ Must contain property didResolutionMetadata",
              "timedOut": null,
              "duration": 300,
              "state": "passed",
              "speed": "fast",
              "pass": true,
              "fail": false,
              "pending": false,
              "context": null,
              "code": "cy.get(\"@request\").then(response => {\n  expect(response.body).to.have.property(\"didResolutionMetadata\");\n});",
              "err": {},
              "uuid": "f5d420ec-2be9-4b0a-859f-33934adc5be1",
              "parentUUID": "cca1a0c9-03b1-4ce7-b2db-6cbe811245a3",
              "isHook": false,
              "skipped": false
            },
            {
              "title": "Must contain property didDocumentMetadata",
              "fullTitle": "Test Scenario 1: DID Resolution Result overview: https://dev.uniresolver.io/1.0/identifiers/ Must contain property didDocumentMetadata",
              "timedOut": null,
              "duration": 453,
              "state": "passed",
              "speed": "fast",
              "pass": true,
              "fail": false,
              "pending": false,
              "context": null,
              "code": "cy.get(\"@request\").then(response => {\n  expect(response.body).to.have.property(\"didDocumentMetadata\");\n});",
              "err": {},
              "uuid": "5804fee7-2aba-4ca6-a192-79fb68af0c7d",
              "parentUUID": "cca1a0c9-03b1-4ce7-b2db-6cbe811245a3",
              "isHook": false,
              "skipped": false
            }
          ],
          "suites": [],
          "passes": [
            "4da142bc-05dc-42cd-9125-2851ae80c68c",
            "ba6db85f-b350-4057-ad23-a96a5a1745bc",
            "b23f6c84-bd2f-4f51-a15a-7c7c0386d490",
            "9cf098c5-c67d-451e-9c75-30d84d9d2206",
            "f5d420ec-2be9-4b0a-859f-33934adc5be1",
            "5804fee7-2aba-4ca6-a192-79fb68af0c7d"
          ],
          "failures": [],
          "pending": [],
          "skipped": [],
          "duration": 2492,
          "root": false,
          "rootEmpty": false,
          "_timeout": 2000
        },
        {
          "uuid": "753620be-ce78-447a-9751-c239b4a8002d",
          "title": "Test Scenario 2: JSON-LD DID document",
          "fullFile": "",
          "file": "",
          "beforeHooks": [],
          "afterHooks": [],
          "tests": [
            {
              "title": "Should have response status 200",
              "fullTitle": "Test Scenario 2: JSON-LD DID document Should have response status 200",
              "timedOut": null,
              "duration": 215,
              "state": "passed",
              "speed": "fast",
              "pass": true,
              "fail": false,
              "pending": false,
              "context": null,
              "code": "cy.get(\"@request\").then(response => {\n  expect(response.status).to.eq(200);\n});",
              "err": {},
              "uuid": "f6c5d359-fb12-4c89-8ca0-172336f4229d",
              "parentUUID": "753620be-ce78-447a-9751-c239b4a8002d",
              "isHook": false,
              "skipped": false
            },
            {
              "title": "MUST return a JSON object",
              "fullTitle": "Test Scenario 2: JSON-LD DID document MUST return a JSON object",
              "timedOut": null,
              "duration": 787,
              "state": "passed",
              "speed": "fast",
              "pass": true,
              "fail": false,
              "pending": false,
              "context": null,
              "code": "cy.get(\"@request\").then(response => {\n  expect(response).to.be.a(\"object\");\n});",
              "err": {},
              "uuid": "354a323d-3e18-47d9-b9e5-16b133e11eb6",
              "parentUUID": "753620be-ce78-447a-9751-c239b4a8002d",
              "isHook": false,
              "skipped": false
            },
            {
              "title": "Should have header with content type",
              "fullTitle": "Test Scenario 2: JSON-LD DID document Should have header with content type",
              "timedOut": null,
              "duration": 307,
              "state": "passed",
              "speed": "fast",
              "pass": true,
              "fail": false,
              "pending": false,
              "context": null,
              "code": "cy.get(\"@request\").then(response => {\n  expect(response.headers[\"content-type\"]).to.contain(\"application/did+ld+json\");\n});",
              "err": {},
              "uuid": "7de9a46d-8c8c-4929-8026-e54dc71ea1b7",
              "parentUUID": "753620be-ce78-447a-9751-c239b4a8002d",
              "isHook": false,
              "skipped": false
            },
            {
              "title": "Should not have property didDocument",
              "fullTitle": "Test Scenario 2: JSON-LD DID document Should not have property didDocument",
              "timedOut": null,
              "duration": 322,
              "state": "passed",
              "speed": "fast",
              "pass": true,
              "fail": false,
              "pending": false,
              "context": null,
              "code": "cy.get(\"@request\").then(response => {\n  expect(response.body).not.to.have.property(\"didDocument\");\n});",
              "err": {},
              "uuid": "2b0d071c-1f41-47af-bb48-e48c193a0d7e",
              "parentUUID": "753620be-ce78-447a-9751-c239b4a8002d",
              "isHook": false,
              "skipped": false
            },
            {
              "title": "Should have property @context",
              "fullTitle": "Test Scenario 2: JSON-LD DID document Should have property @context",
              "timedOut": null,
              "duration": 612,
              "state": "passed",
              "speed": "fast",
              "pass": true,
              "fail": false,
              "pending": false,
              "context": null,
              "code": "cy.get(\"@request\").then(response => {\n  expect(response.body).to.have.property(\"@context\");\n});",
              "err": {},
              "uuid": "99f3a12a-ee6a-4d64-bca9-fa916103aa87",
              "parentUUID": "753620be-ce78-447a-9751-c239b4a8002d",
              "isHook": false,
              "skipped": false
            }
          ],
          "suites": [],
          "passes": [
            "f6c5d359-fb12-4c89-8ca0-172336f4229d",
            "354a323d-3e18-47d9-b9e5-16b133e11eb6",
            "7de9a46d-8c8c-4929-8026-e54dc71ea1b7",
            "2b0d071c-1f41-47af-bb48-e48c193a0d7e",
            "99f3a12a-ee6a-4d64-bca9-fa916103aa87"
          ],
          "failures": [],
          "pending": [],
          "skipped": [],
          "duration": 2243,
          "root": false,
          "rootEmpty": false,
          "_timeout": 2000
        },
        {
          "uuid": "4aadf181-99e4-4c6e-bba3-2316261ffb28",
          "title": "Test Scenario 2b: CBOR DID document: https://dev.uniresolver.io/1.0/identifiers/",
          "fullFile": "",
          "file": "",
          "beforeHooks": [],
          "afterHooks": [],
          "tests": [
            {
              "title": "MUST return HTTP response status 200",
              "fullTitle": "Test Scenario 2b: CBOR DID document: https://dev.uniresolver.io/1.0/identifiers/ MUST return HTTP response status 200",
              "timedOut": null,
              "duration": 285,
              "state": "passed",
              "speed": "fast",
              "pass": true,
              "fail": false,
              "pending": false,
              "context": null,
              "code": "cy.request({\n  method: \"GET\",\n  url: endpoint + \"did:sov:WRfXPg8dantKVubE3HX8pw\",\n  headers: {\n    Accept: \"application/did+cbor\"\n  },\n  failOnStatusCode: false\n}).then(response => {\n  expect(response.status).to.eq(200);\n});",
              "err": {},
              "uuid": "efa6da64-1606-4e6c-a6af-bbb10d6bdf26",
              "parentUUID": "4aadf181-99e4-4c6e-bba3-2316261ffb28",
              "isHook": false,
              "skipped": false
            }
          ],
          "suites": [],
          "passes": [
            "efa6da64-1606-4e6c-a6af-bbb10d6bdf26"
          ],
          "failures": [],
          "pending": [],
          "skipped": [],
          "duration": 285,
          "root": false,
          "rootEmpty": false,
          "_timeout": 2000
        },
        {
          "uuid": "9ec260bd-9ce4-44da-bab2-926191df6254",
          "title": "Test Scenario 3: Representation not supported",
          "fullFile": "",
          "file": "",
          "beforeHooks": [],
          "afterHooks": [],
          "tests": [
            {
              "title": "MUST return HTTP code 406",
              "fullTitle": "Test Scenario 3: Representation not supported MUST return HTTP code 406",
              "timedOut": null,
              "duration": 926,
              "state": "passed",
              "speed": "fast",
              "pass": true,
              "fail": false,
              "pending": false,
              "context": null,
              "code": "cy.request({\n  method: \"GET\",\n  url: endpoint + \"did:sov:WRfXPg8dantKVubE3HX8pw\",\n  failOnStatusCode: false,\n  headers: {\n    Accept: \"image/png\"\n  }\n}).then(response => {\n  expect(response.status).to.eq(406);\n});",
              "err": {},
              "uuid": "c2287698-dc7a-41e2-80a3-b49a7077614e",
              "parentUUID": "9ec260bd-9ce4-44da-bab2-926191df6254",
              "isHook": false,
              "skipped": false
            }
          ],
          "suites": [],
          "passes": [
            "c2287698-dc7a-41e2-80a3-b49a7077614e"
          ],
          "failures": [],
          "pending": [],
          "skipped": [],
          "duration": 926,
          "root": false,
          "rootEmpty": false,
          "_timeout": 2000
        },
        {
          "uuid": "14cea97a-80fe-4d98-a5d9-4494446d28fa",
          "title": "Test Scenario 4: Deactivated",
          "fullFile": "",
          "file": "",
          "beforeHooks": [],
          "afterHooks": [],
          "tests": [
            {
              "title": "MUST return HTTP code 410",
              "fullTitle": "Test Scenario 4: Deactivated MUST return HTTP code 410",
              "timedOut": null,
              "duration": 286,
              "state": "passed",
              "speed": "fast",
              "pass": true,
              "fail": false,
              "pending": false,
              "context": null,
              "code": "cy.request({\n  method: \"GET\",\n  url: endpoint + \"did:kilt:4r6RdVMNes2eEobxyxH7aVsesUqR2X175sUAXJfo7dEWxHUS\",\n  failOnStatusCode: false\n}).then(response => {\n  expect(response.status).to.eq(410);\n});",
              "err": {},
              "uuid": "9267826f-4aef-457f-a547-59ad0f9dc37e",
              "parentUUID": "14cea97a-80fe-4d98-a5d9-4494446d28fa",
              "isHook": false,
              "skipped": false
            },
            {
              "title": "MUST return a JSON object",
              "fullTitle": "Test Scenario 4: Deactivated MUST return a JSON object",
              "timedOut": null,
              "duration": 269,
              "state": "passed",
              "speed": "fast",
              "pass": true,
              "fail": false,
              "pending": false,
              "context": null,
              "code": "cy.request({\n  method: \"GET\",\n  url: endpoint + \"did:kilt:4r6RdVMNes2eEobxyxH7aVsesUqR2X175sUAXJfo7dEWxHUS\",\n  failOnStatusCode: false\n}).then(response => {\n  expect(response).to.be.a(\"object\");\n});",
              "err": {},
              "uuid": "fcdad290-25fc-4b1f-bb56-d5b60c5b884c",
              "parentUUID": "14cea97a-80fe-4d98-a5d9-4494446d28fa",
              "isHook": false,
              "skipped": false
            },
            {
              "title": "MUST return HTTP header Content-Type",
              "fullTitle": "Test Scenario 4: Deactivated MUST return HTTP header Content-Type",
              "timedOut": null,
              "duration": 282,
              "state": "passed",
              "speed": "fast",
              "pass": true,
              "fail": false,
              "pending": false,
              "context": null,
              "code": "cy.request({\n  method: \"GET\",\n  url: endpoint + \"did:kilt:4r6RdVMNes2eEobxyxH7aVsesUqR2X175sUAXJfo7dEWxHUS\",\n  failOnStatusCode: false\n}).then(response => {\n  expect(response.headers[\"content-type\"]).to.contain('application/ld+json;profile=\"https://w3id.org/did-resolution\"');\n});",
              "err": {},
              "uuid": "434bc421-df89-428c-a210-136455d12292",
              "parentUUID": "14cea97a-80fe-4d98-a5d9-4494446d28fa",
              "isHook": false,
              "skipped": false
            },
            {
              "title": "JSON object MUST contain property didDocumentMetadata.deactivated = true",
              "fullTitle": "Test Scenario 4: Deactivated JSON object MUST contain property didDocumentMetadata.deactivated = true",
              "timedOut": null,
              "duration": 286,
              "state": "passed",
              "speed": "fast",
              "pass": true,
              "fail": false,
              "pending": false,
              "context": null,
              "code": "cy.request({\n  method: \"GET\",\n  url: endpoint + \"did:kilt:4r6RdVMNes2eEobxyxH7aVsesUqR2X175sUAXJfo7dEWxHUS\",\n  failOnStatusCode: false\n}).then(response => {\n  expect(response.body.didDocumentMetadata.deactivated).to.eq(true);\n});",
              "err": {},
              "uuid": "081c7118-66d3-4a51-86c0-7c5c01a4f963",
              "parentUUID": "14cea97a-80fe-4d98-a5d9-4494446d28fa",
              "isHook": false,
              "skipped": false
            }
          ],
          "suites": [],
          "passes": [
            "9267826f-4aef-457f-a547-59ad0f9dc37e",
            "fcdad290-25fc-4b1f-bb56-d5b60c5b884c",
            "434bc421-df89-428c-a210-136455d12292",
            "081c7118-66d3-4a51-86c0-7c5c01a4f963"
          ],
          "failures": [],
          "pending": [],
          "skipped": [],
          "duration": 1123,
          "root": false,
          "rootEmpty": false,
          "_timeout": 2000
        },
        {
          "uuid": "e2c9ae5c-82c7-4690-9aa6-693e6ffc8c93",
          "title": "Test Scenario 5: Not found",
          "fullFile": "",
          "file": "",
          "beforeHooks": [],
          "afterHooks": [],
          "tests": [
            {
              "title": "MUST return HTTP code 404",
              "fullTitle": "Test Scenario 5: Not found MUST return HTTP code 404",
              "timedOut": null,
              "duration": 65,
              "state": "failed",
              "speed": null,
              "pass": false,
              "fail": true,
              "pending": false,
              "context": null,
              "code": "cy.request({\n  method: \"GET\",\n  url: endpoint + \"did:sov:0000000000000000000000\",\n  failOnStatusCode: false\n}).then(response => {\n  expect(response.status).to.eq(404);\n});",
              "err": {
                "message": "AssertionError: expected 501 to equal 404",
                "estack": "AssertionError: expected 501 to equal 404\n    at Context.eval (http://localhost:37169/__cypress/tests?p=cypress/integration/resolver_spec.js:267:36)",
                "diff": "- 501\n+ 404\n"
              },
              "uuid": "a9a75f9a-99e4-4a04-ae12-507c503692ab",
              "parentUUID": "e2c9ae5c-82c7-4690-9aa6-693e6ffc8c93",
              "isHook": false,
              "skipped": false
            },
            {
              "title": "MUST return HTTP header Content-Type with value application/ld+json;profile=\"https://w3id.org/did-resolution\"",
              "fullTitle": "Test Scenario 5: Not found MUST return HTTP header Content-Type with value application/ld+json;profile=\"https://w3id.org/did-resolution\"",
              "timedOut": null,
              "duration": 63,
              "state": "passed",
              "speed": "fast",
              "pass": true,
              "fail": false,
              "pending": false,
              "context": null,
              "code": "cy.request({\n  method: \"GET\",\n  url: endpoint + \"did:sov:0000000000000000000000\",\n  failOnStatusCode: false\n}).then(response => {\n  expect(response.headers[\"content-type\"]).to.contain('application/ld+json;profile=\"https://w3id.org/did-resolution\"');\n});",
              "err": {},
              "uuid": "5886a68a-ae0b-4394-a2ef-c8ac7995bd51",
              "parentUUID": "e2c9ae5c-82c7-4690-9aa6-693e6ffc8c93",
              "isHook": false,
              "skipped": false
            },
            {
              "title": "MUST return a JSON object",
              "fullTitle": "Test Scenario 5: Not found MUST return a JSON object",
              "timedOut": null,
              "duration": 65,
              "state": "passed",
              "speed": "fast",
              "pass": true,
              "fail": false,
              "pending": false,
              "context": null,
              "code": "cy.request({\n  method: \"GET\",\n  url: endpoint + \"did:sov:0000000000000000000000\",\n  failOnStatusCode: false\n}).then(response => {\n  expect(response).to.be.a(\"object\");\n});",
              "err": {},
              "uuid": "5e6ce410-d8dc-4910-9313-6c719a06ad01",
              "parentUUID": "e2c9ae5c-82c7-4690-9aa6-693e6ffc8c93",
              "isHook": false,
              "skipped": false
            },
            {
              "title": "JSON object MUST contain property didResolutionMetadata.error = \"notFound\"",
              "fullTitle": "Test Scenario 5: Not found JSON object MUST contain property didResolutionMetadata.error = \"notFound\"",
              "timedOut": null,
              "duration": 64,
              "state": "failed",
              "speed": null,
              "pass": false,
              "fail": true,
              "pending": false,
              "context": null,
              "code": "cy.request({\n  method: \"GET\",\n  url: \"https://dev.uniresolver.io/1.0/identifiers/did:sov:0000000000000000000000\",\n  failOnStatusCode: false\n}).then(response => {\n  expect(response.body.didResolutionMetadata.error).to.eq(\"notFound\");\n});",
              "err": {
                "message": "AssertionError: expected 'methodNotSupported' to equal 'notFound'",
                "estack": "AssertionError: expected 'methodNotSupported' to equal 'notFound'\n    at Context.eval (http://localhost:37169/__cypress/tests?p=cypress/integration/resolver_spec.js:294:62)",
                "diff": "- 'methodNotSupported'\n+ 'notFound'\n"
              },
              "uuid": "ea29e8cd-50ce-44a1-9942-b7f82523981f",
              "parentUUID": "e2c9ae5c-82c7-4690-9aa6-693e6ffc8c93",
              "isHook": false,
              "skipped": false
            }
          ],
          "suites": [],
          "passes": [
            "5886a68a-ae0b-4394-a2ef-c8ac7995bd51",
            "5e6ce410-d8dc-4910-9313-6c719a06ad01"
          ],
          "failures": [
            "a9a75f9a-99e4-4a04-ae12-507c503692ab",
            "ea29e8cd-50ce-44a1-9942-b7f82523981f"
          ],
          "pending": [],
          "skipped": [],
          "duration": 257,
          "root": false,
          "rootEmpty": false,
          "_timeout": 2000
        },
        {
          "uuid": "ccb5b09e-0728-43c5-902a-43c71842e327",
          "title": "Test Scenario 6: Invalid DID",
          "fullFile": "",
          "file": "",
          "beforeHooks": [],
          "afterHooks": [],
          "tests": [
            {
              "title": "MUST return HTTP code 400",
              "fullTitle": "Test Scenario 6: Invalid DID MUST return HTTP code 400",
              "timedOut": null,
              "duration": 69,
              "state": "passed",
              "speed": "fast",
              "pass": true,
              "fail": false,
              "pending": false,
              "context": null,
              "code": "cy.request({\n  method: \"GET\",\n  url: endpoint + \"did:example_222\",\n  failOnStatusCode: false\n}).then(response => {\n  expect(response.status).to.eq(400);\n});",
              "err": {},
              "uuid": "2418f048-d5f0-4008-a712-8a8b308fe018",
              "parentUUID": "ccb5b09e-0728-43c5-902a-43c71842e327",
              "isHook": false,
              "skipped": false
            },
            {
              "title": "MUST return HTTP header Content-Type with value application/ld+json;profile=\"https://w3id.org/did-resolution\"",
              "fullTitle": "Test Scenario 6: Invalid DID MUST return HTTP header Content-Type with value application/ld+json;profile=\"https://w3id.org/did-resolution\"",
              "timedOut": null,
              "duration": 57,
              "state": "passed",
              "speed": "fast",
              "pass": true,
              "fail": false,
              "pending": false,
              "context": null,
              "code": "cy.request({\n  method: \"GET\",\n  url: endpoint + \"did:example_222\",\n  failOnStatusCode: false\n}).then(response => {\n  expect(response.headers[\"content-type\"]).to.contain('application/ld+json;profile=\"https://w3id.org/did-resolution\"');\n});",
              "err": {},
              "uuid": "cf0b0d78-04e6-48e3-bedc-58978e07b9fe",
              "parentUUID": "ccb5b09e-0728-43c5-902a-43c71842e327",
              "isHook": false,
              "skipped": false
            },
            {
              "title": "MUST return a JSON object",
              "fullTitle": "Test Scenario 6: Invalid DID MUST return a JSON object",
              "timedOut": null,
              "duration": 57,
              "state": "passed",
              "speed": "fast",
              "pass": true,
              "fail": false,
              "pending": false,
              "context": null,
              "code": "cy.request({\n  method: \"GET\",\n  url: endpoint + \"did:example_222\",\n  failOnStatusCode: false\n}).then(response => {\n  expect(response).to.be.a(\"object\");\n});",
              "err": {},
              "uuid": "56473eed-129d-43b9-8794-34202cec435d",
              "parentUUID": "ccb5b09e-0728-43c5-902a-43c71842e327",
              "isHook": false,
              "skipped": false
            },
            {
              "title": "JSON object MUST contain property didResolutionMetadata.error = \"invalidDid\"",
              "fullTitle": "Test Scenario 6: Invalid DID JSON object MUST contain property didResolutionMetadata.error = \"invalidDid\"",
              "timedOut": null,
              "duration": 55,
              "state": "passed",
              "speed": "fast",
              "pass": true,
              "fail": false,
              "pending": false,
              "context": null,
              "code": "cy.request({\n  method: \"GET\",\n  url: endpoint + \"did:example_222\",\n  failOnStatusCode: false\n}).then(response => {\n  expect(response.body.didResolutionMetadata.error).to.contain(\"invalidDid\");\n});",
              "err": {},
              "uuid": "acd666c9-27cd-4016-ba77-10e7bc043d38",
              "parentUUID": "ccb5b09e-0728-43c5-902a-43c71842e327",
              "isHook": false,
              "skipped": false
            }
          ],
          "suites": [],
          "passes": [
            "2418f048-d5f0-4008-a712-8a8b308fe018",
            "cf0b0d78-04e6-48e3-bedc-58978e07b9fe",
            "56473eed-129d-43b9-8794-34202cec435d",
            "acd666c9-27cd-4016-ba77-10e7bc043d38"
          ],
          "failures": [],
          "pending": [],
          "skipped": [],
          "duration": 238,
          "root": false,
          "rootEmpty": false,
          "_timeout": 2000
        },
        {
          "uuid": "1c7d4f50-b0c5-4628-947d-cabba4735945",
          "title": "Test Scenario 7: DID URLs with fragments",
          "fullFile": "",
          "file": "",
          "beforeHooks": [],
          "afterHooks": [],
          "tests": [
            {
              "title": "Must return HTTP code 200",
              "fullTitle": "Test Scenario 7: DID URLs with fragments Must return HTTP code 200",
              "timedOut": null,
              "duration": 61,
              "state": "failed",
              "speed": null,
              "pass": false,
              "fail": true,
              "pending": false,
              "context": null,
              "code": "cy.get(\"@request\").then(response => {\n  expect(response.status).to.eq(200);\n});",
              "err": {
                "message": "AssertionError: expected 400 to equal 200",
                "estack": "AssertionError: expected 400 to equal 200\n    at Context.eval (http://localhost:37169/__cypress/tests?p=cypress/integration/resolver_spec.js:356:36)",
                "diff": "- 400\n+ 200\n"
              },
              "uuid": "6a161971-cb2b-43b6-b1ac-b8e975d8b35e",
              "parentUUID": "1c7d4f50-b0c5-4628-947d-cabba4735945",
              "isHook": false,
              "skipped": false
            },
            {
              "title": "MUST return a JSON object",
              "fullTitle": "Test Scenario 7: DID URLs with fragments MUST return a JSON object",
              "timedOut": null,
              "duration": 64,
              "state": "passed",
              "speed": "fast",
              "pass": true,
              "fail": false,
              "pending": false,
              "context": null,
              "code": "cy.get(\"@request\").then(response => {\n  expect(response).to.be.a(\"object\");\n});",
              "err": {},
              "uuid": "d4b6f6b6-1586-4246-a90c-25665b00741d",
              "parentUUID": "1c7d4f50-b0c5-4628-947d-cabba4735945",
              "isHook": false,
              "skipped": false
            },
            {
              "title": "MUST return HTTP header Content-Type with value application/did+ld+json",
              "fullTitle": "Test Scenario 7: DID URLs with fragments MUST return HTTP header Content-Type with value application/did+ld+json",
              "timedOut": null,
              "duration": 58,
              "state": "passed",
              "speed": "fast",
              "pass": true,
              "fail": false,
              "pending": false,
              "context": null,
              "code": "cy.get(\"@request\").then(response => {\n  expect(response.headers[\"content-type\"]).to.contain(\"application/did+ld+json\");\n});",
              "err": {},
              "uuid": "1bec93f7-64f3-4b72-9f7c-cbccde4f42ea",
              "parentUUID": "1c7d4f50-b0c5-4628-947d-cabba4735945",
              "isHook": false,
              "skipped": false
            },
            {
              "title": "JSON object MUST NOT contain property didDocument",
              "fullTitle": "Test Scenario 7: DID URLs with fragments JSON object MUST NOT contain property didDocument",
              "timedOut": null,
              "duration": 59,
              "state": "passed",
              "speed": "fast",
              "pass": true,
              "fail": false,
              "pending": false,
              "context": null,
              "code": "cy.get(\"@request\").then(response => {\n  expect(response.body).not.to.have.property(\"didDocument\");\n});",
              "err": {},
              "uuid": "ad6441e9-0b6e-4913-845d-4750c636efd2",
              "parentUUID": "1c7d4f50-b0c5-4628-947d-cabba4735945",
              "isHook": false,
              "skipped": false
            },
            {
              "title": "JSON object MUST contain property @context",
              "fullTitle": "Test Scenario 7: DID URLs with fragments JSON object MUST contain property @context",
              "timedOut": null,
              "duration": 61,
              "state": "failed",
              "speed": null,
              "pass": false,
              "fail": true,
              "pending": false,
              "context": null,
              "code": "cy.get(\"@request\").then(response => {\n  expect(response.body).to.have.property(\"@context\");\n});",
              "err": {
                "message": "AssertionError: expected '' to have property '@context'",
                "estack": "AssertionError: expected '' to have property '@context'\n    at Context.eval (http://localhost:37169/__cypress/tests?p=cypress/integration/resolver_spec.js:376:39)",
                "diff": null
              },
              "uuid": "2d579016-4bcd-44bc-adef-0d7d4499d676",
              "parentUUID": "1c7d4f50-b0c5-4628-947d-cabba4735945",
              "isHook": false,
              "skipped": false
            },
            {
              "title": "JSON object MUST contain property type",
              "fullTitle": "Test Scenario 7: DID URLs with fragments JSON object MUST contain property type",
              "timedOut": null,
              "duration": 61,
              "state": "failed",
              "speed": null,
              "pass": false,
              "fail": true,
              "pending": false,
              "context": null,
              "code": "cy.get(\"@request\").then(response => {\n  expect(response.body).to.have.property(\"type\");\n});",
              "err": {
                "message": "AssertionError: expected '' to have property 'type'",
                "estack": "AssertionError: expected '' to have property 'type'\n    at Context.eval (http://localhost:37169/__cypress/tests?p=cypress/integration/resolver_spec.js:381:39)",
                "diff": null
              },
              "uuid": "0b306513-1cf2-430e-9f79-0cf98c8b080b",
              "parentUUID": "1c7d4f50-b0c5-4628-947d-cabba4735945",
              "isHook": false,
              "skipped": false
            },
            {
              "title": "JSON object MUST contain property id with value application/did+ld+json",
              "fullTitle": "Test Scenario 7: DID URLs with fragments JSON object MUST contain property id with value application/did+ld+json",
              "timedOut": null,
              "duration": 56,
              "state": "failed",
              "speed": null,
              "pass": false,
              "fail": true,
              "pending": false,
              "context": null,
              "code": "cy.get(\"@request\").then(response => {\n  expect(response.body).to.have.property(\"id\");\n  expect(response.body[\"id\"]).to.contain(\"did:sov:WRfXPg8dantKVubE3HX8pw#key-1\");\n});",
              "err": {
                "message": "AssertionError: expected '' to have property 'id'",
                "estack": "AssertionError: expected '' to have property 'id'\n    at Context.eval (http://localhost:37169/__cypress/tests?p=cypress/integration/resolver_spec.js:386:39)",
                "diff": null
              },
              "uuid": "3448b176-f876-4775-8d54-ca6e64323b63",
              "parentUUID": "1c7d4f50-b0c5-4628-947d-cabba4735945",
              "isHook": false,
              "skipped": false
            }
          ],
          "suites": [],
          "passes": [
            "d4b6f6b6-1586-4246-a90c-25665b00741d",
            "1bec93f7-64f3-4b72-9f7c-cbccde4f42ea",
            "ad6441e9-0b6e-4913-845d-4750c636efd2"
          ],
          "failures": [
            "6a161971-cb2b-43b6-b1ac-b8e975d8b35e",
            "2d579016-4bcd-44bc-adef-0d7d4499d676",
            "0b306513-1cf2-430e-9f79-0cf98c8b080b",
            "3448b176-f876-4775-8d54-ca6e64323b63"
          ],
          "pending": [],
          "skipped": [],
          "duration": 420,
          "root": false,
          "rootEmpty": false,
          "_timeout": 2000
        },
        {
          "uuid": "94a20eb5-1b59-4763-9328-eece78e9d97b",
          "title": "Test Scenario 8: Service and relativeRef parameters",
          "fullFile": "",
          "file": "",
          "beforeHooks": [],
          "afterHooks": [],
          "tests": [
            {
              "title": "Fetches DID",
              "fullTitle": "Test Scenario 8: Service and relativeRef parameters Fetches DID",
              "timedOut": null,
              "duration": 57,
              "state": "passed",
              "speed": "fast",
              "pass": true,
              "fail": false,
              "pending": false,
              "context": null,
              "code": "cy.request({\n  method: \"GET\",\n  url: endpoint + \"did:web:danubetech.com?service=github&relativeRef=did-method-dns\",\n  headers: {\n    Accept: \"text/uri-list\"\n  },\n  failOnStatusCode: false\n}).as(\"response\");\nit(\"MUST return HTTP response status equals 303\", () => {\n  cy.get(\"@response\").then(response => {\n    expect(response.status).to.eq(303);\n  });\n});\nit(\"MUST return a JSON object\", () => {\n  cy.get(\"@request\").then(response => {\n    expect(response).to.be.a(\"object\");\n  });\n});",
              "err": {},
              "uuid": "b4b015f3-5e44-400e-b32d-7af64f4c4b11",
              "parentUUID": "94a20eb5-1b59-4763-9328-eece78e9d97b",
              "isHook": false,
              "skipped": false
            }
          ],
          "suites": [],
          "passes": [
            "b4b015f3-5e44-400e-b32d-7af64f4c4b11"
          ],
          "failures": [],
          "pending": [],
          "skipped": [],
          "duration": 57,
          "root": false,
          "rootEmpty": false,
          "_timeout": 2000
        },
        {
          "uuid": "13e45517-1f11-4327-8862-1111b9584cc3",
          "title": "Test Scenario 9: DID URLs with transformKeys",
          "fullFile": "",
          "file": "",
          "beforeHooks": [],
          "afterHooks": [],
          "tests": [
            {
              "title": "MUST return HTTP response status 200",
              "fullTitle": "Test Scenario 9: DID URLs with transformKeys MUST return HTTP response status 200",
              "timedOut": null,
              "duration": 65,
              "state": "failed",
              "speed": null,
              "pass": false,
              "fail": true,
              "pending": false,
              "context": null,
              "code": "cy.request({\n  method: \"GET\",\n  url: endpoint + \"did:sov:WRfXPg8dantKVubE3HX8pw?transformKeys=JsonWebKey2020\",\n  headers: {\n    Accept: \"application/did+ld+json\",\n    Authorization: \"Bearer b082c420-df67-4b06-899c-b7c51d75fba0\"\n  },\n  failOnStatusCode: false\n}).then(response => {\n  expect(response.status).to.eq(200);\n});",
              "err": {
                "message": "AssertionError: expected 400 to equal 200",
                "estack": "AssertionError: expected 400 to equal 200\n    at Context.eval (http://localhost:37169/__cypress/tests?p=cypress/integration/resolver_spec.js:431:36)",
                "diff": "- 400\n+ 200\n"
              },
              "uuid": "6e9230fd-57bb-4a98-9803-ca2fe968c5ba",
              "parentUUID": "13e45517-1f11-4327-8862-1111b9584cc3",
              "isHook": false,
              "skipped": false
            },
            {
              "title": "MUST return a JSON object",
              "fullTitle": "Test Scenario 9: DID URLs with transformKeys MUST return a JSON object",
              "timedOut": null,
              "duration": 105,
              "state": "passed",
              "speed": "fast",
              "pass": true,
              "fail": false,
              "pending": false,
              "context": null,
              "code": "cy.request({\n  method: \"GET\",\n  url: endpoint + \"did:sov:WRfXPg8dantKVubE3HX8pw?transformKeys=JsonWebKey2020\",\n  headers: {\n    Accept: \"application/did+ld+json\",\n    Authorization: \"Bearer b082c420-df67-4b06-899c-b7c51d75fba0\"\n  },\n  failOnStatusCode: false\n}).then(response => {\n  expect(response).to.be.a(\"object\");\n});",
              "err": {},
              "uuid": "782b3d7a-e8ea-40b4-99b6-6c1d8cecd0b6",
              "parentUUID": "13e45517-1f11-4327-8862-1111b9584cc3",
              "isHook": false,
              "skipped": false
            },
            {
              "title": "MUST return property verificationMethod of type JsonWebKey2020",
              "fullTitle": "Test Scenario 9: DID URLs with transformKeys MUST return property verificationMethod of type JsonWebKey2020",
              "timedOut": null,
              "duration": 56,
              "state": "failed",
              "speed": null,
              "pass": false,
              "fail": true,
              "pending": false,
              "context": null,
              "code": "cy.request({\n  method: \"GET\",\n  url: endpoint + \"did:sov:WRfXPg8dantKVubE3HX8pw?transformKeys=JsonWebKey2020\",\n  headers: {\n    Accept: \"application/did+ld+json\",\n    Authorization: \"Bearer b082c420-df67-4b06-899c-b7c51d75fba0\"\n  },\n  failOnStatusCode: false\n}).then(response => {\n  response.body.verificationMethod.forEach(out => {\n    expect(out).has.property(\"type\", \"JsonWebKey2020\");\n  });\n});",
              "err": {
                "message": "TypeError: Cannot read properties of undefined (reading 'forEach')",
                "estack": "TypeError: Cannot read properties of undefined (reading 'forEach')\n    at Context.eval (http://localhost:37169/__cypress/tests?p=cypress/integration/resolver_spec.js:457:42)",
                "diff": null
              },
              "uuid": "5388b5fc-6563-4d17-8312-ef9c740748ce",
              "parentUUID": "13e45517-1f11-4327-8862-1111b9584cc3",
              "isHook": false,
              "skipped": false
            },
            {
              "title": "MUST return HTTP header with Content-Type",
              "fullTitle": "Test Scenario 9: DID URLs with transformKeys MUST return HTTP header with Content-Type",
              "timedOut": null,
              "duration": 92,
              "state": "passed",
              "speed": "fast",
              "pass": true,
              "fail": false,
              "pending": false,
              "context": null,
              "code": "cy.request({\n  method: \"GET\",\n  url: endpoint + \"did:sov:WRfXPg8dantKVubE3HX8pw?transformKeys=JsonWebKey2020\",\n  headers: {\n    Accept: \"application/did+ld+json\",\n    Authorization: \"Bearer b082c420-df67-4b06-899c-b7c51d75fba0\"\n  },\n  failOnStatusCode: false\n}).then(response => {\n  expect(response.headers[\"content-type\"]).contains(\"application/did+ld+json\");\n});",
              "err": {},
              "uuid": "0d9e7ee3-1325-4d90-867b-e667e48c247b",
              "parentUUID": "13e45517-1f11-4327-8862-1111b9584cc3",
              "isHook": false,
              "skipped": false
            },
            {
              "title": "MUST return property id with value did:sov:WRfXPg8dantKVubE3HX8pw",
              "fullTitle": "Test Scenario 9: DID URLs with transformKeys MUST return property id with value did:sov:WRfXPg8dantKVubE3HX8pw",
              "timedOut": null,
              "duration": 82,
              "state": "failed",
              "speed": null,
              "pass": false,
              "fail": true,
              "pending": false,
              "context": null,
              "code": "cy.request({\n  method: \"GET\",\n  url: endpoint + \"did:sov:WRfXPg8dantKVubE3HX8pw?transformKeys=JsonWebKey2020\",\n  headers: {\n    Accept: \"application/did+ld+json\",\n    Authorization: \"Bearer b082c420-df67-4b06-899c-b7c51d75fba0\"\n  },\n  failOnStatusCode: false\n}).then(response => {\n  expect(response.body).has.property(\"id\", \"did:sov:WRfXPg8dantKVubE3HX8pw\");\n});",
              "err": {
                "message": "AssertionError: expected '' to have property 'id'",
                "estack": "AssertionError: expected '' to have property 'id'\n    at Context.eval (http://localhost:37169/__cypress/tests?p=cypress/integration/resolver_spec.js:485:35)",
                "diff": null
              },
              "uuid": "c57550ef-ba40-48dc-b999-f48d87db8a15",
              "parentUUID": "13e45517-1f11-4327-8862-1111b9584cc3",
              "isHook": false,
              "skipped": false
            }
          ],
          "suites": [],
          "passes": [
            "782b3d7a-e8ea-40b4-99b6-6c1d8cecd0b6",
            "0d9e7ee3-1325-4d90-867b-e667e48c247b"
          ],
          "failures": [
            "6e9230fd-57bb-4a98-9803-ca2fe968c5ba",
            "5388b5fc-6563-4d17-8312-ef9c740748ce",
            "c57550ef-ba40-48dc-b999-f48d87db8a15"
          ],
          "pending": [],
          "skipped": [],
          "duration": 400,
          "root": false,
          "rootEmpty": false,
          "_timeout": 2000
        },
        {
          "uuid": "426f10f7-ea90-4567-a841-4d7c315f9ec6",
          "title": "Test Scenario 12: Resolve a DID / dereference a DID URL",
          "fullFile": "",
          "file": "",
          "beforeHooks": [],
          "afterHooks": [],
          "tests": [
            {
              "title": "MUST return HTTP response status 200",
              "fullTitle": "Test Scenario 12: Resolve a DID / dereference a DID URL MUST return HTTP response status 200",
              "timedOut": null,
              "duration": 781,
              "state": "passed",
              "speed": "fast",
              "pass": true,
              "fail": false,
              "pending": false,
              "context": null,
              "code": "cy.request({\n  method: \"GET\",\n  url: endpoint + \"did:sov:builder:VbPQNHsvoLZdaNU7fTBeFx\",\n  headers: {\n    Accept: \"application/json\"\n  },\n  failOnStatusCode: false\n}).then(response => {\n  expect(response.status).to.eq(200);\n});",
              "err": {},
              "uuid": "633326fb-f624-4142-ba7d-a713e918dcf6",
              "parentUUID": "426f10f7-ea90-4567-a841-4d7c315f9ec6",
              "isHook": false,
              "skipped": false
            },
            {
              "title": "MUST return HTTP header with Content-Type",
              "fullTitle": "Test Scenario 12: Resolve a DID / dereference a DID URL MUST return HTTP header with Content-Type",
              "timedOut": null,
              "duration": 273,
              "state": "passed",
              "speed": "fast",
              "pass": true,
              "fail": false,
              "pending": false,
              "context": null,
              "code": "cy.request({\n  method: \"GET\",\n  url: endpoint + \"did:sov:builder:VbPQNHsvoLZdaNU7fTBeFx\",\n  headers: {\n    Accept: \"application/json\"\n  },\n  failOnStatusCode: false\n}).then(response => {\n  expect(response.headers[\"content-type\"]).contains(\"application/did+json;charset=utf-8\");\n});",
              "err": {},
              "uuid": "fed7da7c-27b9-4de0-92f7-a2941a0b57e5",
              "parentUUID": "426f10f7-ea90-4567-a841-4d7c315f9ec6",
              "isHook": false,
              "skipped": false
            },
            {
              "title": "MUST contain property id",
              "fullTitle": "Test Scenario 12: Resolve a DID / dereference a DID URL MUST contain property id",
              "timedOut": null,
              "duration": 682,
              "state": "passed",
              "speed": "fast",
              "pass": true,
              "fail": false,
              "pending": false,
              "context": null,
              "code": "cy.request({\n  method: \"GET\",\n  url: endpoint + \"did:sov:builder:VbPQNHsvoLZdaNU7fTBeFx\",\n  headers: {\n    Accept: \"application/json\"\n  },\n  failOnStatusCode: false\n}).then(response => {\n  expect(response.body).has.property(\"id\", \"did:sov:builder:VbPQNHsvoLZdaNU7fTBeFx\");\n});",
              "err": {},
              "uuid": "3996c024-3458-436e-88c2-3d1cc88dbdbd",
              "parentUUID": "426f10f7-ea90-4567-a841-4d7c315f9ec6",
              "isHook": false,
              "skipped": false
            },
            {
              "title": "MUST contain property keyAgreement",
              "fullTitle": "Test Scenario 12: Resolve a DID / dereference a DID URL MUST contain property keyAgreement",
              "timedOut": null,
              "duration": 266,
              "state": "passed",
              "speed": "fast",
              "pass": true,
              "fail": false,
              "pending": false,
              "context": null,
              "code": "cy.request({\n  method: \"GET\",\n  url: endpoint + \"did:sov:builder:VbPQNHsvoLZdaNU7fTBeFx\",\n  headers: {\n    Accept: \"application/json\"\n  },\n  failOnStatusCode: false\n}).then(response => {\n  expect(response.body[\"keyAgreement\"][0]).to.contain(\"did:sov:builder:VbPQNHsvoLZdaNU7fTBeFx\");\n});",
              "err": {},
              "uuid": "9b4c439e-5897-4eef-8dbf-259bd1d11f97",
              "parentUUID": "426f10f7-ea90-4567-a841-4d7c315f9ec6",
              "isHook": false,
              "skipped": false
            }
          ],
          "suites": [],
          "passes": [
            "633326fb-f624-4142-ba7d-a713e918dcf6",
            "fed7da7c-27b9-4de0-92f7-a2941a0b57e5",
            "3996c024-3458-436e-88c2-3d1cc88dbdbd",
            "9b4c439e-5897-4eef-8dbf-259bd1d11f97"
          ],
          "failures": [],
          "pending": [],
          "skipped": [],
          "duration": 2002,
          "root": false,
          "rootEmpty": false,
          "_timeout": 2000
        },
        {
          "uuid": "4dbf71fa-832b-4189-9552-71b0e72ce807",
          "title": "Test Scenario 12B: Resolve a DID / dereference a DID URL",
          "fullFile": "",
          "file": "",
          "beforeHooks": [],
          "afterHooks": [],
          "tests": [
            {
              "title": "MUST return HTTP response status 200",
              "fullTitle": "Test Scenario 12B: Resolve a DID / dereference a DID URL MUST return HTTP response status 200",
              "timedOut": null,
              "duration": 232,
              "state": "passed",
              "speed": "fast",
              "pass": true,
              "fail": false,
              "pending": false,
              "context": null,
              "code": "cy.request({\n  method: \"GET\",\n  url: endpoint + \"did:sov:builder:VbPQNHsvoLZdaNU7fTBeFx\",\n  headers: {\n    Accept: 'application/ld+json;profile=\"https://w3id.org/did-resolution\"',\n    Authorization: \"Bearer b082c420-df67-4b06-899c-b7c51d75fba0\"\n  },\n  failOnStatusCode: false\n}).then(response => {\n  expect(response.status).to.eq(200);\n});",
              "err": {},
              "uuid": "9a686e63-9ff9-4fbd-bc7b-045fe994fb9b",
              "parentUUID": "4dbf71fa-832b-4189-9552-71b0e72ce807",
              "isHook": false,
              "skipped": false
            },
            {
              "title": "HTTP response must contain content-type property with value application/did+json;charset=utf-8",
              "fullTitle": "Test Scenario 12B: Resolve a DID / dereference a DID URL HTTP response must contain content-type property with value application/did+json;charset=utf-8",
              "timedOut": null,
              "duration": 104,
              "state": "passed",
              "speed": "fast",
              "pass": true,
              "fail": false,
              "pending": false,
              "context": null,
              "code": "cy.request({\n  method: \"GET\",\n  url: endpoint + \"did:sov:builder:VbPQNHsvoLZdaNU7fTBeFx\",\n  headers: {\n    Accept: 'application/ld+json;profile=\"https://w3id.org/did-resolution\"',\n    Authorization: \"Bearer b082c420-df67-4b06-899c-b7c51d75fba0\"\n  },\n  failOnStatusCode: false\n}).then(response => {\n  expect(response.headers[\"content-type\"]).contains('application/ld+json;profile=\"https://w3id.org/did-resolution\"');\n});",
              "err": {},
              "uuid": "d662fe15-8f94-474c-b876-8070aed29a7c",
              "parentUUID": "4dbf71fa-832b-4189-9552-71b0e72ce807",
              "isHook": false,
              "skipped": false
            }
          ],
          "suites": [],
          "passes": [
            "9a686e63-9ff9-4fbd-bc7b-045fe994fb9b",
            "d662fe15-8f94-474c-b876-8070aed29a7c"
          ],
          "failures": [],
          "pending": [],
          "skipped": [],
          "duration": 336,
          "root": false,
          "rootEmpty": false,
          "_timeout": 2000
        }
      ],
      "passes": [],
      "failures": [],
      "pending": [],
      "skipped": [],
      "duration": 0,
      "root": true,
      "rootEmpty": true,
      "_timeout": 2000
    }
  ],
  "meta": {
    "mocha": {
      "version": "7.0.1"
    },
    "mochawesome": {
      "options": {
        "quiet": false,
        "reportFilename": "mochawesome",
        "saveHtml": false,
        "saveJson": true,
        "consoleReporter": "spec",
        "useInlineDiffs": false,
        "code": true
      },
      "version": "7.1.2"
    },
    "marge": {
      "options": {
        "reportDir": "reports/mocha",
        "configFile": "reporterOpts.json",
        "overwrite": false,
        "html": false,
        "json": true
      },
      "version": "6.1.1"
    }
  }
}