{
  "stats": {
    "suites": 22,
    "tests": 22,
    "passes": 4,
    "pending": 0,
    "failures": 18,
    "start": "2024-12-09T00:44:05.106Z",
    "end": "2024-12-09T00:44:09.567Z",
    "duration": 4461,
    "testsRegistered": 22,
    "passPercent": 18.181818181818183,
    "pendingPercent": 0,
    "other": 0,
    "hasOther": false,
    "skipped": 0,
    "hasSkipped": false
  },
  "results": [
    {
      "uuid": "69d525f3-2776-4594-ad14-49a644745f28",
      "title": "",
      "fullFile": "cypress/integration/uniresolver_spec.js",
      "file": "cypress/integration/uniresolver_spec.js",
      "beforeHooks": [],
      "afterHooks": [],
      "tests": [],
      "suites": [
        {
          "uuid": "794bf0bc-d7b2-484f-9931-f5ca0a73ad96",
          "title": "Test Scenario 1: DID Resolution Result fixtures: https://dev.uniresolver.io/1.0/identifiers/",
          "fullFile": "",
          "file": "",
          "beforeHooks": [],
          "afterHooks": [],
          "tests": [
            {
              "title": "A correct DID can be resolved",
              "fullTitle": "Test Scenario 1: DID Resolution Result fixtures: https://dev.uniresolver.io/1.0/identifiers/ A correct DID can be resolved",
              "timedOut": null,
              "duration": 700,
              "state": "failed",
              "speed": null,
              "pass": false,
              "fail": true,
              "pending": false,
              "context": null,
              "code": "cy.clearCookies();\ncy.fixture(path_example_dids).its(\"normalDids\").then(list => {\n  Object.keys(list).forEach(key => {\n    const normalDid = list[key];\n    cy.request({\n      method: \"GET\",\n      url: endpoint + normalDid,\n      failOnStatusCode: false\n    }).as(\"request\");\n    cy.get(\"@request\").then(response => {\n      expect(response.status).to.eq(200);\n    });\n    cy.get(\"@request\").then(response => {\n      expect(response.headers[\"content-type\"].replace(/\\s+/g, \"\")).contains('application/ld+json;profile=\"https://w3id.org/did-resolution');\n    });\n    cy.get(\"@request\").then(response => {\n      expect(response).to.be.a(\"object\");\n    });\n    cy.get(\"@request\").then(response => {\n      expect(response.body).to.have.property(\"didDocument\");\n    });\n    cy.get(\"@request\").then(response => {\n      expect(response.body).to.have.property(\"didResolutionMetadata\");\n    });\n    cy.get(\"@request\").then(response => {\n      expect(response.body).to.have.property(\"didDocumentMetadata\");\n    });\n    cy.get(\"@request\").then(response => {\n      expect(response.body.didDocument.id).to.be.a(\"string\").and.satisfy(msg => msg.startsWith(\"did:\"));\n    });\n  });\n});",
              "err": {
                "message": "AssertionError: expected 404 to equal 200",
                "estack": "AssertionError: expected 404 to equal 200\n    at Context.eval (http://localhost:40391/__cypress/tests?p=cypress/integration/uniresolver_spec.js:116:40)",
                "diff": "- 404\n+ 200\n"
              },
              "uuid": "a4e4b9d8-f3ff-4c0f-b576-947b1881f133",
              "parentUUID": "794bf0bc-d7b2-484f-9931-f5ca0a73ad96",
              "isHook": false,
              "skipped": false
            }
          ],
          "suites": [],
          "passes": [],
          "failures": [
            "a4e4b9d8-f3ff-4c0f-b576-947b1881f133"
          ],
          "pending": [],
          "skipped": [],
          "duration": 700,
          "root": false,
          "rootEmpty": false,
          "_timeout": 2000
        },
        {
          "uuid": "adc3674f-94a4-4a5e-af41-f98ca5381fdd",
          "title": "Test Scenario 2: JSON-LD DID document",
          "fullFile": "",
          "file": "",
          "beforeHooks": [],
          "afterHooks": [],
          "tests": [
            {
              "title": "A correct DID can be resolved with header input",
              "fullTitle": "Test Scenario 2: JSON-LD DID document A correct DID can be resolved with header input",
              "timedOut": null,
              "duration": 133,
              "state": "failed",
              "speed": null,
              "pass": false,
              "fail": true,
              "pending": false,
              "context": null,
              "code": "cy.fixture(path_example_dids).its(\"normalDids\").then(list => {\n  Object.keys(list).forEach(key => {\n    const normalDid = list[key];\n    cy.request({\n      method: \"GET\",\n      url: endpoint + normalDid,\n      headers: {\n        Accept: \"application/did+ld+json\"\n      },\n      failOnStatusCode: false\n    }).as(\"request\");\n    cy.get(\"@request\").then(response => {\n      expect(response.status).to.eq(200);\n      expect(response.headers[\"content-type\"]).to.contain(\"application/did+ld+json\");\n      cy.get(\"@request\").then(response => {\n        expect(response).to.be.a(\"object\");\n      });\n      expect(response.body).not.to.have.property(\"didDocument\");\n      expect(response.body[\"id\"]).to.contain(normalDid);\n    });\n  });\n});",
              "err": {
                "message": "AssertionError: expected 404 to equal 200",
                "estack": "AssertionError: expected 404 to equal 200\n    at Context.eval (http://localhost:40391/__cypress/tests?p=cypress/integration/uniresolver_spec.js:157:40)",
                "diff": "- 404\n+ 200\n"
              },
              "uuid": "3197268c-3685-47fa-af7d-a148ba39591b",
              "parentUUID": "adc3674f-94a4-4a5e-af41-f98ca5381fdd",
              "isHook": false,
              "skipped": false
            }
          ],
          "suites": [],
          "passes": [],
          "failures": [
            "3197268c-3685-47fa-af7d-a148ba39591b"
          ],
          "pending": [],
          "skipped": [],
          "duration": 133,
          "root": false,
          "rootEmpty": false,
          "_timeout": 2000
        },
        {
          "uuid": "b9a2f1a8-1357-4d3d-bab0-fa782baf74c1",
          "title": "Test Scenario 3: Representation not supported",
          "fullFile": "",
          "file": "",
          "beforeHooks": [],
          "afterHooks": [],
          "tests": [
            {
              "title": "Shows an error when a representation is prompted",
              "fullTitle": "Test Scenario 3: Representation not supported Shows an error when a representation is prompted",
              "timedOut": null,
              "duration": 138,
              "state": "failed",
              "speed": null,
              "pass": false,
              "fail": true,
              "pending": false,
              "context": null,
              "code": "cy.fixture(path_example_dids).its(\"normalDids\").then(list => {\n  Object.keys(list).forEach(key => {\n    const normalDid = list[key];\n    cy.request({\n      method: \"GET\",\n      url: endpoint + normalDid,\n      headers: {\n        Accept: \"image/png\"\n      },\n      failOnStatusCode: false\n    }).then(response => {\n      expect(response.status).to.eq(406);\n      console.log(response);\n      expect(response.body.dereferencingMetadata.error).to.eq('\"representationNotSupported\"');\n    });\n  });\n});",
              "err": {
                "message": "TypeError: Cannot read properties of undefined (reading 'error')",
                "estack": "TypeError: Cannot read properties of undefined (reading 'error')\n    at Context.eval (http://localhost:40391/__cypress/tests?p=cypress/integration/uniresolver_spec.js:213:56)",
                "diff": null
              },
              "uuid": "101fb619-bd1c-4303-bdbc-350a3a762010",
              "parentUUID": "b9a2f1a8-1357-4d3d-bab0-fa782baf74c1",
              "isHook": false,
              "skipped": false
            }
          ],
          "suites": [],
          "passes": [],
          "failures": [
            "101fb619-bd1c-4303-bdbc-350a3a762010"
          ],
          "pending": [],
          "skipped": [],
          "duration": 138,
          "root": false,
          "rootEmpty": false,
          "_timeout": 2000
        },
        {
          "uuid": "57a911b1-e6b4-4602-b71a-9f07ecc5e573",
          "title": "Test Scenario 4: Deactivated",
          "fullFile": "",
          "file": "",
          "beforeHooks": [],
          "afterHooks": [],
          "tests": [
            {
              "title": "Returns an HTTP code of 410 for deactivated DIDs",
              "fullTitle": "Test Scenario 4: Deactivated Returns an HTTP code of 410 for deactivated DIDs",
              "timedOut": null,
              "duration": 117,
              "state": "failed",
              "speed": null,
              "pass": false,
              "fail": true,
              "pending": false,
              "context": null,
              "code": "cy.fixture(path_example_dids).its(\"deacDids\").then(list => {\n  Object.keys(list).forEach(key => {\n    const deacDid = list[key];\n    cy.request({\n      method: \"GET\",\n      url: endpoint + deacDid,\n      failOnStatusCode: false\n    }).then(response => {\n      expect(response.status).to.eq(410);\n      expect(response).to.be.a(\"object\");\n      expect(response.headers[\"content-type\"]).to.contain('application/ld+json;profile=\"https://w3id.org/did-resolution\"');\n      expect(response.body.didDocumentMetadata.deactivated).to.eq(true);\n    });\n  });\n});",
              "err": {
                "message": "AssertionError: expected 404 to equal 410",
                "estack": "AssertionError: expected 404 to equal 410\n    at Context.eval (http://localhost:40391/__cypress/tests?p=cypress/integration/uniresolver_spec.js:232:40)",
                "diff": "- 404\n+ 410\n"
              },
              "uuid": "b7a63394-7eee-4ec0-8656-8eef6863f9ea",
              "parentUUID": "57a911b1-e6b4-4602-b71a-9f07ecc5e573",
              "isHook": false,
              "skipped": false
            }
          ],
          "suites": [],
          "passes": [],
          "failures": [
            "b7a63394-7eee-4ec0-8656-8eef6863f9ea"
          ],
          "pending": [],
          "skipped": [],
          "duration": 117,
          "root": false,
          "rootEmpty": false,
          "_timeout": 2000
        },
        {
          "uuid": "8ad3467f-4843-4e29-8641-ab85a7d4d23f",
          "title": "Test Scenario 5: Not found",
          "fullFile": "",
          "file": "",
          "beforeHooks": [],
          "afterHooks": [],
          "tests": [
            {
              "title": "Returns an HTTP code of 404 for non-existent DIDs",
              "fullTitle": "Test Scenario 5: Not found Returns an HTTP code of 404 for non-existent DIDs",
              "timedOut": null,
              "duration": 93,
              "state": "failed",
              "speed": null,
              "pass": false,
              "fail": true,
              "pending": false,
              "context": null,
              "code": "cy.fixture(path_example_dids).its(\"nonExisDids\").then(list => {\n  Object.keys(list).forEach(key => {\n    const nonExDid = list[key];\n    cy.request({\n      method: \"GET\",\n      url: endpoint + nonExDid,\n      failOnStatusCode: false\n    }).then(response => {\n      expect(response.status).to.eq(404);\n      expect(response.headers[\"content-type\"]).to.contain('application/ld+json;profile=\"https://w3id.org/did-resolution\"');\n      expect(response).to.be.a(\"object\");\n      expect(response.body.didResolutionMetadata.error).to.eq(\"notFound\");\n    });\n  });\n});",
              "err": {
                "message": "AssertionError: expected 501 to equal 404",
                "estack": "AssertionError: expected 501 to equal 404\n    at Context.eval (http://localhost:40391/__cypress/tests?p=cypress/integration/uniresolver_spec.js:254:40)",
                "diff": "- 501\n+ 404\n"
              },
              "uuid": "b8952aa8-94d4-4fdb-83c9-5768058c5d6f",
              "parentUUID": "8ad3467f-4843-4e29-8641-ab85a7d4d23f",
              "isHook": false,
              "skipped": false
            }
          ],
          "suites": [],
          "passes": [],
          "failures": [
            "b8952aa8-94d4-4fdb-83c9-5768058c5d6f"
          ],
          "pending": [],
          "skipped": [],
          "duration": 93,
          "root": false,
          "rootEmpty": false,
          "_timeout": 2000
        },
        {
          "uuid": "550bbeee-685e-486e-8166-31197059d750",
          "title": "Test Scenario 6A: Invalid DID",
          "fullFile": "",
          "file": "",
          "beforeHooks": [],
          "afterHooks": [],
          "tests": [
            {
              "title": "Returns a HTTP code of 400 for an invalid DID",
              "fullTitle": "Test Scenario 6A: Invalid DID Returns a HTTP code of 400 for an invalid DID",
              "timedOut": null,
              "duration": 160,
              "state": "passed",
              "speed": "fast",
              "pass": true,
              "fail": false,
              "pending": false,
              "context": null,
              "code": "cy.fixture(path_example_dids).its(\"invalidDids\").then(list => {\n  Object.keys(list).forEach(key => {\n    const invalidDid = list[key];\n    cy.request({\n      method: \"GET\",\n      url: endpoint + invalidDid,\n      failOnStatusCode: false\n    }).then(response => {\n      expect(response.status).to.eq(400);\n      expect(response.headers[\"content-type\"]).to.contain('application/ld+json;profile=\"https://w3id.org/did-resolution\"');\n      expect(response).to.be.a(\"object\");\n      expect(response.body.didResolutionMetadata.error).contains(\"invalidDid\");\n    });\n  });\n});",
              "err": {},
              "uuid": "4a2fe59f-08f0-470c-9b56-2db98af8a8cc",
              "parentUUID": "550bbeee-685e-486e-8166-31197059d750",
              "isHook": false,
              "skipped": false
            }
          ],
          "suites": [],
          "passes": [
            "4a2fe59f-08f0-470c-9b56-2db98af8a8cc"
          ],
          "failures": [],
          "pending": [],
          "skipped": [],
          "duration": 160,
          "root": false,
          "rootEmpty": false,
          "_timeout": 2000
        },
        {
          "uuid": "8172bde5-1ef5-436c-986b-fdf5ee8e2482",
          "title": "Test Scenario 6B: method not supported DIDs",
          "fullFile": "",
          "file": "",
          "beforeHooks": [],
          "afterHooks": [],
          "tests": [
            {
              "title": "Raises an error for unsupported DID methods",
              "fullTitle": "Test Scenario 6B: method not supported DIDs Raises an error for unsupported DID methods",
              "timedOut": null,
              "duration": 88,
              "state": "failed",
              "speed": null,
              "pass": false,
              "fail": true,
              "pending": false,
              "context": null,
              "code": "cy.fixture(path_example_dids).its(\"methodNotSupportedDids\").then(list => {\n  Object.keys(list).forEach(key => {\n    const invalidDid = list[key];\n    cy.request({\n      method: \"GET\",\n      url: endpoint + invalidDid,\n      failOnStatusCode: false\n    }).then(response => {\n      expect(response.body.didResolutionMetadata.error).contains(\"methodNotSupported\");\n      expect(response).to.be.a(\"object\"); // todo: should this be 404 or 400?\n      expect(response.status).to.eq(400); // returns 501\n      expect(response.headers[\"content-type\"]).to.contain('application/ld+json;profile=\"https://w3id.org/did-resolution\"');\n    });\n  });\n});",
              "err": {
                "message": "AssertionError: expected 501 to equal 400",
                "estack": "AssertionError: expected 501 to equal 400\n    at Context.eval (http://localhost:40391/__cypress/tests?p=cypress/integration/uniresolver_spec.js:301:40)",
                "diff": "- 501\n+ 400\n"
              },
              "uuid": "99bb9a52-499e-4f33-8491-ad674a89bb23",
              "parentUUID": "8172bde5-1ef5-436c-986b-fdf5ee8e2482",
              "isHook": false,
              "skipped": false
            }
          ],
          "suites": [],
          "passes": [],
          "failures": [
            "99bb9a52-499e-4f33-8491-ad674a89bb23"
          ],
          "pending": [],
          "skipped": [],
          "duration": 88,
          "root": false,
          "rootEmpty": false,
          "_timeout": 2000
        },
        {
          "uuid": "09e18878-fbbb-4978-b09e-9d4a54885fe3",
          "title": "Test Scenario 6C: invalid verificationMethod.id",
          "fullFile": "",
          "file": "",
          "beforeHooks": [],
          "afterHooks": [],
          "tests": [
            {
              "title": "Raises error when verificationMethod.id is invalid",
              "fullTitle": "Test Scenario 6C: invalid verificationMethod.id Raises error when verificationMethod.id is invalid",
              "timedOut": null,
              "duration": 511,
              "state": "failed",
              "speed": null,
              "pass": false,
              "fail": true,
              "pending": false,
              "context": null,
              "code": "cy.fixture(path_example_dids).its(\"invalidVerificationMethodId\").then(list => {\n  Object.keys(list).forEach(key => {\n    const invalidDid = list[key];\n    cy.request({\n      method: \"GET\",\n      url: endpoint + invalidDid,\n      failOnStatusCode: false\n    }).then(response => {\n      expect(response).to.be.a(\"object\");\n      expect(response.headers[\"content-type\"]).to.contain('application/ld+json;profile=\"https://w3id.org/did-resolution\"'); // todo: should this be 404 or 400?\n      expect(response.status).to.eq(400); // return 200\n      expect(response.body.didResolutionMetadata.error).contains(\"invalidDidUrl\"); // doesn't exist\n    });\n  });\n});",
              "err": {
                "message": "AssertionError: expected 200 to equal 400",
                "estack": "AssertionError: expected 200 to equal 400\n    at Context.eval (http://localhost:40391/__cypress/tests?p=cypress/integration/uniresolver_spec.js:326:40)",
                "diff": "- 200\n+ 400\n"
              },
              "uuid": "c7a456ad-b652-4adb-bf6e-9ad9b246a7bb",
              "parentUUID": "09e18878-fbbb-4978-b09e-9d4a54885fe3",
              "isHook": false,
              "skipped": false
            }
          ],
          "suites": [],
          "passes": [],
          "failures": [
            "c7a456ad-b652-4adb-bf6e-9ad9b246a7bb"
          ],
          "pending": [],
          "skipped": [],
          "duration": 511,
          "root": false,
          "rootEmpty": false,
          "_timeout": 2000
        },
        {
          "uuid": "efc18b25-3475-4cff-a5c9-dbf4086d3ae4",
          "title": "Test Scenario 6D: invalid verificationMethod.controller",
          "fullFile": "",
          "file": "",
          "beforeHooks": [],
          "afterHooks": [],
          "tests": [
            {
              "title": "Raises error when verificationMethod.controller is invalid",
              "fullTitle": "Test Scenario 6D: invalid verificationMethod.controller Raises error when verificationMethod.controller is invalid",
              "timedOut": null,
              "duration": 217,
              "state": "failed",
              "speed": null,
              "pass": false,
              "fail": true,
              "pending": false,
              "context": null,
              "code": "cy.fixture(path_example_dids).its(\"invalidVerificationMethodController\").then(list => {\n  Object.keys(list).forEach(key => {\n    const invalidDid = list[key];\n    cy.request({\n      method: \"GET\",\n      url: endpoint + invalidDid,\n      failOnStatusCode: false\n    }).then(response => {\n      expect(response).to.be.a(\"object\");\n      expect(response.headers[\"content-type\"]).to.contain('application/ld+json;profile=\"https://w3id.org/did-resolution\"'); // todo: should this be 404 or 400?\n      expect(response.status).to.eq(400); // returns 200\n      expect(response.body.didResolutionMetadata.error).contains(\"invalidDid\"); // doesn't exist\n    });\n  });\n});",
              "err": {
                "message": "AssertionError: expected 200 to equal 400",
                "estack": "AssertionError: expected 200 to equal 400\n    at Context.eval (http://localhost:40391/__cypress/tests?p=cypress/integration/uniresolver_spec.js:350:40)",
                "diff": "- 200\n+ 400\n"
              },
              "uuid": "ed20234f-af59-41c6-a3a4-2ecb2847fbcd",
              "parentUUID": "efc18b25-3475-4cff-a5c9-dbf4086d3ae4",
              "isHook": false,
              "skipped": false
            }
          ],
          "suites": [],
          "passes": [],
          "failures": [
            "ed20234f-af59-41c6-a3a4-2ecb2847fbcd"
          ],
          "pending": [],
          "skipped": [],
          "duration": 217,
          "root": false,
          "rootEmpty": false,
          "_timeout": 2000
        },
        {
          "uuid": "0331e08f-04d7-4afb-93ac-06b5b11b9fbe",
          "title": "Test Scenario 6E: invalid didDocument.id",
          "fullFile": "",
          "file": "",
          "beforeHooks": [],
          "afterHooks": [],
          "tests": [
            {
              "title": "Raises error when didDocument.id is invalid",
              "fullTitle": "Test Scenario 6E: invalid didDocument.id Raises error when didDocument.id is invalid",
              "timedOut": null,
              "duration": 98,
              "state": "passed",
              "speed": "fast",
              "pass": true,
              "fail": false,
              "pending": false,
              "context": null,
              "code": "cy.fixture(path_example_dids).its(\"invalidDidDocumentId\").then(list => {\n  Object.keys(list).forEach(key => {\n    const invalidDid = list[key];\n    cy.request({\n      method: \"GET\",\n      url: endpoint + invalidDid,\n      failOnStatusCode: false\n    }).then(response => {\n      expect(response).to.be.a(\"object\");\n      expect(response.headers[\"content-type\"]).to.contain('application/ld+json;profile=\"https://w3id.org/did-resolution\"');\n      expect(response.status).to.eq(400);\n      expect(response.body.didResolutionMetadata.error).contains(\"invalidDid\");\n    });\n  });\n});",
              "err": {},
              "uuid": "c59eae8c-7974-4ed2-94e0-10d7b1ce1958",
              "parentUUID": "0331e08f-04d7-4afb-93ac-06b5b11b9fbe",
              "isHook": false,
              "skipped": false
            }
          ],
          "suites": [],
          "passes": [
            "c59eae8c-7974-4ed2-94e0-10d7b1ce1958"
          ],
          "failures": [],
          "pending": [],
          "skipped": [],
          "duration": 98,
          "root": false,
          "rootEmpty": false,
          "_timeout": 2000
        },
        {
          "uuid": "b92602df-9315-449d-9163-a984f2201f55",
          "title": "Test Scenario 6F: Invalid didDocument scheme",
          "fullFile": "",
          "file": "",
          "beforeHooks": [],
          "afterHooks": [],
          "tests": [
            {
              "title": "Raises invalidDid error when if scheme is not did",
              "fullTitle": "Test Scenario 6F: Invalid didDocument scheme Raises invalidDid error when if scheme is not did",
              "timedOut": null,
              "duration": 93,
              "state": "passed",
              "speed": "fast",
              "pass": true,
              "fail": false,
              "pending": false,
              "context": null,
              "code": "cy.fixture(path_example_dids).its(\"invalidDidScheme\").then(list => {\n  Object.keys(list).forEach(key => {\n    const invalidDid = list[key];\n    cy.request({\n      method: \"GET\",\n      url: endpoint + invalidDid,\n      failOnStatusCode: false\n    }).then(response => {\n      expect(response).to.be.a(\"object\");\n      expect(response.headers[\"content-type\"]).to.contain('application/ld+json;profile=\"https://w3id.org/did-resolution\"');\n      expect(response.status).to.eq(400);\n      expect(response.body.didResolutionMetadata.error).contains(\"invalidDid\");\n    });\n  });\n});",
              "err": {},
              "uuid": "d1b4d42a-568a-4ddb-b13c-c67c6351c02e",
              "parentUUID": "b92602df-9315-449d-9163-a984f2201f55",
              "isHook": false,
              "skipped": false
            }
          ],
          "suites": [],
          "passes": [
            "d1b4d42a-568a-4ddb-b13c-c67c6351c02e"
          ],
          "failures": [],
          "pending": [],
          "skipped": [],
          "duration": 93,
          "root": false,
          "rootEmpty": false,
          "_timeout": 2000
        },
        {
          "uuid": "510d6a6a-b37b-401e-afdf-cda5f2132597",
          "title": "Test Scenario 6G: notAllowedLocalDerivedKey error/warning",
          "fullFile": "",
          "file": "",
          "beforeHooks": [],
          "afterHooks": [],
          "tests": [
            {
              "title": "Raises notAllowedLocalDerivedKey error when did is incorrect",
              "fullTitle": "Test Scenario 6G: notAllowedLocalDerivedKey error/warning Raises notAllowedLocalDerivedKey error when did is incorrect",
              "timedOut": null,
              "duration": 589,
              "state": "failed",
              "speed": null,
              "pass": false,
              "fail": true,
              "pending": false,
              "context": null,
              "code": "cy.fixture(path_example_dids).its(\"notAllowedLocalDerivedKey\").then(list => {\n  Object.keys(list).forEach(key => {\n    const invalidDid = list[key];\n    cy.request({\n      method: \"GET\",\n      url: endpoint + invalidDid,\n      failOnStatusCode: false\n    }).then(response => {\n      expect(response).to.be.a(\"object\");\n      expect(response.headers[\"content-type\"]).to.contain('application/ld+json;profile=\"https://w3id.org/did-resolution\"');\n      expect(response.status).to.eq(400);\n      expect(response.body.didResolutionMetadata.error).contains(\"notAllowedLocalDerivedKey\");\n    });\n  });\n});",
              "err": {
                "message": "AssertionError: expected 200 to equal 400",
                "estack": "AssertionError: expected 200 to equal 400\n    at Context.eval (http://localhost:40391/__cypress/tests?p=cypress/integration/uniresolver_spec.js:417:40)",
                "diff": "- 200\n+ 400\n"
              },
              "uuid": "b0f0f38e-3b62-48fd-9ba0-4afb709bf913",
              "parentUUID": "510d6a6a-b37b-401e-afdf-cda5f2132597",
              "isHook": false,
              "skipped": false
            }
          ],
          "suites": [],
          "passes": [],
          "failures": [
            "b0f0f38e-3b62-48fd-9ba0-4afb709bf913"
          ],
          "pending": [],
          "skipped": [],
          "duration": 589,
          "root": false,
          "rootEmpty": false,
          "_timeout": 2000
        },
        {
          "uuid": "d5a69bbc-8268-4b3f-beb7-fde1b4031ce3",
          "title": "Test Scenario 6H: notAllowedLocalDuplicateKey error/warning",
          "fullFile": "",
          "file": "",
          "beforeHooks": [],
          "afterHooks": [],
          "tests": [
            {
              "title": "Raises notAllowedLocalDuplicateKey error when did is incorrect",
              "fullTitle": "Test Scenario 6H: notAllowedLocalDuplicateKey error/warning Raises notAllowedLocalDuplicateKey error when did is incorrect",
              "timedOut": null,
              "duration": 93,
              "state": "failed",
              "speed": null,
              "pass": false,
              "fail": true,
              "pending": false,
              "context": null,
              "code": "cy.fixture(path_example_dids).its(\"invalidDidDocumentId\").then(list => {\n  Object.keys(list).forEach(key => {\n    const invalidDid = list[key];\n    cy.request({\n      method: \"GET\",\n      url: endpoint + invalidDid,\n      failOnStatusCode: false\n    }).then(response => {\n      expect(response).to.be.a(\"object\");\n      expect(response.headers[\"content-type\"]).to.contain('application/ld+json;profile=\"https://w3id.org/did-resolution\"');\n      expect(response.status).to.eq(400);\n      expect(response.body.didResolutionMetadata.error).contains(\"notAllowedLocalDuplicateKey\");\n    });\n  });\n});",
              "err": {
                "message": "AssertionError: expected 'invalidDid' to include 'notAllowedLocalDuplicateKey'",
                "estack": "AssertionError: expected 'invalidDid' to include 'notAllowedLocalDuplicateKey'\n    at Context.eval (http://localhost:40391/__cypress/tests?p=cypress/integration/uniresolver_spec.js:440:63)",
                "diff": null
              },
              "uuid": "04c75584-5aa7-47a3-a766-f673367675fb",
              "parentUUID": "d5a69bbc-8268-4b3f-beb7-fde1b4031ce3",
              "isHook": false,
              "skipped": false
            }
          ],
          "suites": [],
          "passes": [],
          "failures": [
            "04c75584-5aa7-47a3-a766-f673367675fb"
          ],
          "pending": [],
          "skipped": [],
          "duration": 93,
          "root": false,
          "rootEmpty": false,
          "_timeout": 2000
        },
        {
          "uuid": "fa12df31-89bd-4493-9e39-68c38feeea60",
          "title": "Test Scenario 6I: notAllowedKeyType error/warning",
          "fullFile": "",
          "file": "",
          "beforeHooks": [],
          "afterHooks": [],
          "tests": [
            {
              "title": "Raises notAllowedKeyType error when did is incorrect",
              "fullTitle": "Test Scenario 6I: notAllowedKeyType error/warning Raises notAllowedKeyType error when did is incorrect",
              "timedOut": null,
              "duration": 96,
              "state": "failed",
              "speed": null,
              "pass": false,
              "fail": true,
              "pending": false,
              "context": null,
              "code": "cy.fixture(path_example_dids).its(\"invalidDidDocumentId\").then(list => {\n  Object.keys(list).forEach(key => {\n    const invalidDid = list[key];\n    cy.request({\n      method: \"GET\",\n      url: endpoint + invalidDid,\n      failOnStatusCode: false\n    }).then(response => {\n      expect(response).to.be.a(\"object\");\n      expect(response.headers[\"content-type\"]).to.contain('application/ld+json;profile=\"https://w3id.org/did-resolution\"');\n      expect(response.status).to.eq(400);\n      expect(response.body.didResolutionMetadata.error).contains(\"notAllowedKeyType\");\n    });\n  });\n});",
              "err": {
                "message": "AssertionError: expected 'invalidDid' to include 'notAllowedKeyType'",
                "estack": "AssertionError: expected 'invalidDid' to include 'notAllowedKeyType'\n    at Context.eval (http://localhost:40391/__cypress/tests?p=cypress/integration/uniresolver_spec.js:462:63)",
                "diff": null
              },
              "uuid": "0ff2bca5-8db9-434b-bd65-324936ecfd18",
              "parentUUID": "fa12df31-89bd-4493-9e39-68c38feeea60",
              "isHook": false,
              "skipped": false
            }
          ],
          "suites": [],
          "passes": [],
          "failures": [
            "0ff2bca5-8db9-434b-bd65-324936ecfd18"
          ],
          "pending": [],
          "skipped": [],
          "duration": 96,
          "root": false,
          "rootEmpty": false,
          "_timeout": 2000
        },
        {
          "uuid": "0f5bcff9-b218-4d8a-be65-a54f5de7aad6",
          "title": "Test Scenario 6J: notAllowedMethod error/warning",
          "fullFile": "",
          "file": "",
          "beforeHooks": [],
          "afterHooks": [],
          "tests": [
            {
              "title": "Raises notAllowedMethod error when did is incorrect",
              "fullTitle": "Test Scenario 6J: notAllowedMethod error/warning Raises notAllowedMethod error when did is incorrect",
              "timedOut": null,
              "duration": 139,
              "state": "failed",
              "speed": null,
              "pass": false,
              "fail": true,
              "pending": false,
              "context": null,
              "code": "cy.fixture(path_example_dids).its(\"notAllowedMethod\").then(list => {\n  Object.keys(list).forEach(key => {\n    const invalidDid = list[key];\n    cy.request({\n      method: \"GET\",\n      url: endpoint + invalidDid,\n      failOnStatusCode: false\n    }).then(response => {\n      expect(response).to.be.a(\"object\");\n      expect(response.headers[\"content-type\"]).to.contain('application/ld+json;profile=\"https://w3id.org/did-resolution\"');\n      expect(response.status).to.eq(400);\n      expect(response.body.didResolutionMetadata.error).contains(\"notAllowedMethod\");\n    });\n  });\n});",
              "err": {
                "message": "AssertionError: expected 404 to equal 400",
                "estack": "AssertionError: expected 404 to equal 400\n    at Context.eval (http://localhost:40391/__cypress/tests?p=cypress/integration/uniresolver_spec.js:484:40)",
                "diff": "- 404\n+ 400\n"
              },
              "uuid": "131408da-dd8c-49dd-b930-7eb324ad1de1",
              "parentUUID": "0f5bcff9-b218-4d8a-be65-a54f5de7aad6",
              "isHook": false,
              "skipped": false
            }
          ],
          "suites": [],
          "passes": [],
          "failures": [
            "131408da-dd8c-49dd-b930-7eb324ad1de1"
          ],
          "pending": [],
          "skipped": [],
          "duration": 139,
          "root": false,
          "rootEmpty": false,
          "_timeout": 2000
        },
        {
          "uuid": "bccb7d02-1fc6-4581-a29d-1e344421965c",
          "title": "Test Scenario 7: DID URLs with fragments",
          "fullFile": "",
          "file": "",
          "beforeHooks": [],
          "afterHooks": [],
          "tests": [
            {
              "title": "Can resolve a DID with a fragment",
              "fullTitle": "Test Scenario 7: DID URLs with fragments Can resolve a DID with a fragment",
              "timedOut": null,
              "duration": 97,
              "state": "failed",
              "speed": null,
              "pass": false,
              "fail": true,
              "pending": false,
              "context": null,
              "code": "cy.fixture(path_example_dids).its(\"fragmentDids\").then(list => {\n  Object.keys(list).forEach(key => {\n    const fragmentDid = list[key];\n    cy.request({\n      method: \"GET\",\n      url: endpoint + fragmentDid,\n      failOnStatusCode: false,\n      headers: {\n        Accept: \"application/did+ld+json\",\n        Authorization: \"Bearer b082c420-df67-4b06-899c-b7c51d75fba0\"\n      }\n    }).as(\"request\");\n    cy.get(\"@request\").then(response => {\n      expect(response.status).to.eq(200);\n      expect(response.headers[\"content-type\"]).to.contain(\"application/did+ld+json\");\n      expect(response.body).not.to.have.property(\"didDocument\");\n      expect(response.body).to.have.property(\"id\");\n      expect(response.body[\"id\"]).to.contain(decodeURIComponent(fragmentDid.split(\"#\")[0]));\n    });\n  });\n});",
              "err": {
                "message": "AssertionError: expected 400 to equal 200",
                "estack": "AssertionError: expected 400 to equal 200\n    at Context.eval (http://localhost:40391/__cypress/tests?p=cypress/integration/uniresolver_spec.js:509:40)",
                "diff": "- 400\n+ 200\n"
              },
              "uuid": "a26c52e5-5fb3-427f-a01a-337d7e9bb962",
              "parentUUID": "bccb7d02-1fc6-4581-a29d-1e344421965c",
              "isHook": false,
              "skipped": false
            }
          ],
          "suites": [],
          "passes": [],
          "failures": [
            "a26c52e5-5fb3-427f-a01a-337d7e9bb962"
          ],
          "pending": [],
          "skipped": [],
          "duration": 97,
          "root": false,
          "rootEmpty": false,
          "_timeout": 2000
        },
        {
          "uuid": "87bbbdf0-95fc-494a-8126-681b995b0dd4",
          "title": "Test Scenario 8: Service and relativeRef parameters",
          "fullFile": "",
          "file": "",
          "beforeHooks": [],
          "afterHooks": [],
          "tests": [
            {
              "title": "Fetches DID",
              "fullTitle": "Test Scenario 8: Service and relativeRef parameters Fetches DID",
              "timedOut": null,
              "duration": 69,
              "state": "passed",
              "speed": "fast",
              "pass": true,
              "fail": false,
              "pending": false,
              "context": null,
              "code": "cy.fixture(path_example_dids).its(\"relativeParamDids\").then(list => {\n  Object.keys(list).forEach(key => {\n    const fragmentDid = list[key];\n    console.log(\"FRAGMENT DID IS\", fragmentDid);\n    cy.request({\n      method: \"GET\",\n      url: endpoint + fragmentDid,\n      headers: {\n        Accept: \"text/uri-list\"\n      },\n      failOnStatusCode: false\n    }).as(\"response\");\n    it(\"MUST return HTTP response status equals 303\", () => {\n      cy.get(\"@response\").then(response => {\n        expect(response.status).to.eq(303);\n      });\n    });\n  });\n});",
              "err": {},
              "uuid": "9f86a088-0079-47a6-91b5-572ef5d51c18",
              "parentUUID": "87bbbdf0-95fc-494a-8126-681b995b0dd4",
              "isHook": false,
              "skipped": false
            }
          ],
          "suites": [],
          "passes": [
            "9f86a088-0079-47a6-91b5-572ef5d51c18"
          ],
          "failures": [],
          "pending": [],
          "skipped": [],
          "duration": 69,
          "root": false,
          "rootEmpty": false,
          "_timeout": 2000
        },
        {
          "uuid": "dbcce78a-0975-47e7-ba6a-5ff8d8abbf2d",
          "title": "Test Scenario 9: DID URLs with transformKeys",
          "fullFile": "",
          "file": "",
          "beforeHooks": [],
          "afterHooks": [],
          "tests": [
            {
              "title": "MUST return HTTP response status 200",
              "fullTitle": "Test Scenario 9: DID URLs with transformKeys MUST return HTTP response status 200",
              "timedOut": null,
              "duration": 94,
              "state": "failed",
              "speed": null,
              "pass": false,
              "fail": true,
              "pending": false,
              "context": null,
              "code": "cy.fixture(path_example_dids).its(\"transformKeyDids\").then(list => {\n  Object.keys(list).forEach(key => {\n    const transformKeyDid = list[key];\n    cy.request({\n      method: \"GET\",\n      url: endpoint + transformKeyDid,\n      headers: {\n        Accept: \"application/did+ld+json\",\n        Authorization: \"Bearer b082c420-df67-4b06-899c-b7c51d75fba0\"\n      },\n      failOnStatusCode: false\n    }).as(\"request\");\n    cy.get(\"@request\").then(response => {\n      expect(response.status).to.eq(200);\n      expect(response).to.be.a(\"object\");\n      response.body.verificationMethod.forEach(out => {\n        expect(out).has.property(\"type\").to.be.oneOf([\"JsonWebKey2020\", \"Ed25519VerificationKey2018\", \"X25519KeyAgreementKey2019\"]);\n      });\n      expect(response.headers[\"content-type\"]).contains(\"application/did+ld+json\");\n      expect(response.body).has.property(\"id\", decodeURIComponent(transformKeyDid.split(\"?\")[0].split(\"#\")[0]));\n    });\n  });\n});",
              "err": {
                "message": "AssertionError: expected 400 to equal 200",
                "estack": "AssertionError: expected 400 to equal 200\n    at Context.eval (http://localhost:40391/__cypress/tests?p=cypress/integration/uniresolver_spec.js:564:40)",
                "diff": "- 400\n+ 200\n"
              },
              "uuid": "9598b102-f5b5-493a-8768-b2438f2828e9",
              "parentUUID": "dbcce78a-0975-47e7-ba6a-5ff8d8abbf2d",
              "isHook": false,
              "skipped": false
            }
          ],
          "suites": [],
          "passes": [],
          "failures": [
            "9598b102-f5b5-493a-8768-b2438f2828e9"
          ],
          "pending": [],
          "skipped": [],
          "duration": 94,
          "root": false,
          "rootEmpty": false,
          "_timeout": 2000
        },
        {
          "uuid": "d14d0889-255a-4982-b64e-5e882a24922f",
          "title": "Test Scenario 10: DID URLs with versionTime parameter",
          "fullFile": "",
          "file": "",
          "beforeHooks": [],
          "afterHooks": [],
          "tests": [
            {
              "title": "MUST return HTTP response status 200",
              "fullTitle": "Test Scenario 10: DID URLs with versionTime parameter MUST return HTTP response status 200",
              "timedOut": null,
              "duration": 120,
              "state": "failed",
              "speed": null,
              "pass": false,
              "fail": true,
              "pending": false,
              "context": null,
              "code": "cy.fixture(path_example_dids).its(\"versionTimeDids\").then(list => {\n  Object.keys(list).forEach(key => {\n    const versionTimeDid = list[key];\n    cy.request({\n      method: \"GET\",\n      url: endpoint + versionTimeDid,\n      headers: {\n        Accept: \"application/did+ld+json\",\n        Authorization: \"Bearer b082c420-df67-4b06-899c-b7c51d75fba0\"\n      },\n      failOnStatusCode: false\n    }).as(\"request\");\n    cy.get(\"@request\").then(response => {\n      expect(response.status).to.eq(200);\n      expect(response.headers[\"content-type\"]).contains(\"application/did+ld+json\");\n      expect(response).to.be.a(\"object\");\n      expect(response.body).has.property(\"id\").contains(\"did:sov:DjxRxnL4gXsncbH8jM8ySM\");\n    });\n  });\n});",
              "err": {
                "message": "AssertionError: expected 400 to equal 200",
                "estack": "AssertionError: expected 400 to equal 200\n    at Context.eval (http://localhost:40391/__cypress/tests?p=cypress/integration/uniresolver_spec.js:594:40)",
                "diff": "- 400\n+ 200\n"
              },
              "uuid": "527c5abf-1051-4b45-a22c-74fcc1da4344",
              "parentUUID": "d14d0889-255a-4982-b64e-5e882a24922f",
              "isHook": false,
              "skipped": false
            }
          ],
          "suites": [],
          "passes": [],
          "failures": [
            "527c5abf-1051-4b45-a22c-74fcc1da4344"
          ],
          "pending": [],
          "skipped": [],
          "duration": 120,
          "root": false,
          "rootEmpty": false,
          "_timeout": 2000
        },
        {
          "uuid": "26761a9c-2d74-49f9-85b5-8cc7fe77ddbb",
          "title": "Test Scenario 11: DID URLs with versionId parameter",
          "fullFile": "",
          "file": "",
          "beforeHooks": [],
          "afterHooks": [],
          "tests": [
            {
              "title": "MUST return HTTP response status 200",
              "fullTitle": "Test Scenario 11: DID URLs with versionId parameter MUST return HTTP response status 200",
              "timedOut": null,
              "duration": 101,
              "state": "failed",
              "speed": null,
              "pass": false,
              "fail": true,
              "pending": false,
              "context": null,
              "code": "cy.fixture(path_example_dids).its(\"versionIdDids\").then(list => {\n  Object.keys(list).forEach(key => {\n    const versionIdDid = list[key];\n    cy.request({\n      method: \"GET\",\n      url: endpoint + versionIdDid,\n      headers: {\n        Accept: \"application/did+ld+json\",\n        Authorization: \"Bearer b082c420-df67-4b06-899c-b7c51d75fba0\"\n      },\n      failOnStatusCode: false\n    }).as(\"request\");\n    cy.get(\"@request\").then(response => {\n      expect(response.status).to.eq(200);\n      expect(response).to.be.a(\"object\");\n      expect(response.headers[\"content-type\"]).contains(\"application/did+ld+json\");\n      expect(response.body).has.property(\"id\").contains(decodeURIComponent(versionIdDid.split(\"?\")[0]));\n    });\n  });\n});",
              "err": {
                "message": "AssertionError: expected 400 to equal 200",
                "estack": "AssertionError: expected 400 to equal 200\n    at Context.eval (http://localhost:40391/__cypress/tests?p=cypress/integration/uniresolver_spec.js:621:40)",
                "diff": "- 400\n+ 200\n"
              },
              "uuid": "30d5c908-33a7-4a00-bed9-b90ec7b136aa",
              "parentUUID": "26761a9c-2d74-49f9-85b5-8cc7fe77ddbb",
              "isHook": false,
              "skipped": false
            }
          ],
          "suites": [],
          "passes": [],
          "failures": [
            "30d5c908-33a7-4a00-bed9-b90ec7b136aa"
          ],
          "pending": [],
          "skipped": [],
          "duration": 101,
          "root": false,
          "rootEmpty": false,
          "_timeout": 2000
        },
        {
          "uuid": "f5c4e1d9-fd88-4cf5-8594-2e13816bc729",
          "title": "Test Scenario 12: Resolve a DID / dereference a DID URL",
          "fullFile": "",
          "file": "",
          "beforeHooks": [],
          "afterHooks": [],
          "tests": [
            {
              "title": "MUST return HTTP response status 200",
              "fullTitle": "Test Scenario 12: Resolve a DID / dereference a DID URL MUST return HTTP response status 200",
              "timedOut": null,
              "duration": 180,
              "state": "failed",
              "speed": null,
              "pass": false,
              "fail": true,
              "pending": false,
              "context": null,
              "code": "cy.fixture(path_example_dids).its(\"normalDids\").then(list => {\n  Object.keys(list).forEach(key => {\n    const normalDid = list[key];\n    cy.request({\n      method: \"GET\",\n      url: endpoint + normalDid,\n      headers: {\n        Accept: \"application/json\"\n      },\n      failOnStatusCode: false\n    }).as(\"request\");\n    cy.get(\"@request\").then(response => {\n      console.log(\"normal did is:\", normalDid);\n      expect(response.status).to.eq(200);\n      expect(response.headers[\"content-type\"]).contains(\"application/did+json;charset=utf-8\");\n      expect(response.body).has.property(\"id\", normalDid); // expect(response.body[\"keyAgreement\"][0]).to.contain(normalDid);\n    });\n  });\n});",
              "err": {
                "message": "AssertionError: expected 404 to equal 200",
                "estack": "AssertionError: expected 404 to equal 200\n    at Context.eval (http://localhost:40391/__cypress/tests?p=cypress/integration/uniresolver_spec.js:648:40)",
                "diff": "- 404\n+ 200\n"
              },
              "uuid": "7cd4961b-a090-4a75-92b0-d68c58fafacf",
              "parentUUID": "f5c4e1d9-fd88-4cf5-8594-2e13816bc729",
              "isHook": false,
              "skipped": false
            }
          ],
          "suites": [],
          "passes": [],
          "failures": [
            "7cd4961b-a090-4a75-92b0-d68c58fafacf"
          ],
          "pending": [],
          "skipped": [],
          "duration": 180,
          "root": false,
          "rootEmpty": false,
          "_timeout": 2000
        },
        {
          "uuid": "a789eebb-3ba1-4bd9-b346-6563e01a83e3",
          "title": "Test Scenario 12B: Resolve a DID / dereference a DID URL",
          "fullFile": "",
          "file": "",
          "beforeHooks": [],
          "afterHooks": [],
          "tests": [
            {
              "title": "MUST return HTTP response status 200",
              "fullTitle": "Test Scenario 12B: Resolve a DID / dereference a DID URL MUST return HTTP response status 200",
              "timedOut": null,
              "duration": 153,
              "state": "failed",
              "speed": null,
              "pass": false,
              "fail": true,
              "pending": false,
              "context": null,
              "code": "cy.fixture(path_example_dids).its(\"normalDids\").then(list => {\n  Object.keys(list).forEach(key => {\n    const normalDid = list[key];\n    cy.request({\n      method: \"GET\",\n      url: endpoint + normalDid,\n      headers: {\n        Accept: 'application/ld+json;profile=\"https://w3c-ccg.github.io/did-resolution/\"'\n      },\n      failOnStatusCode: false\n    }).as(\"request\");\n    cy.get(\"@request\").then(response => {\n      console.log(\"normal did is:\", normalDid);\n      expect(response.status).to.eq(200);\n      expect(response.headers[\"content-type\"]).contains('application/ld+json; profile=\"https://w3c-ccg.github.io/did-resolution/\"');\n    });\n  });\n});",
              "err": {
                "message": "AssertionError: expected 406 to equal 200",
                "estack": "AssertionError: expected 406 to equal 200\n    at Context.eval (http://localhost:40391/__cypress/tests?p=cypress/integration/uniresolver_spec.js:675:40)",
                "diff": "- 406\n+ 200\n"
              },
              "uuid": "f6e16db6-20cc-4b20-8d57-423f502ba44b",
              "parentUUID": "a789eebb-3ba1-4bd9-b346-6563e01a83e3",
              "isHook": false,
              "skipped": false
            }
          ],
          "suites": [],
          "passes": [],
          "failures": [
            "f6e16db6-20cc-4b20-8d57-423f502ba44b"
          ],
          "pending": [],
          "skipped": [],
          "duration": 153,
          "root": false,
          "rootEmpty": false,
          "_timeout": 2000
        }
      ],
      "passes": [],
      "failures": [],
      "pending": [],
      "skipped": [],
      "duration": 0,
      "root": true,
      "rootEmpty": true,
      "_timeout": 2000
    }
  ],
  "meta": {
    "mocha": {
      "version": "7.0.1"
    },
    "mochawesome": {
      "options": {
        "quiet": false,
        "reportFilename": "mochawesome",
        "saveHtml": false,
        "saveJson": true,
        "consoleReporter": "spec",
        "useInlineDiffs": false,
        "code": true
      },
      "version": "7.1.2"
    },
    "marge": {
      "options": {
        "reportDir": "reports/mocha",
        "configFile": "reporterOpts.json",
        "overwrite": false,
        "html": false,
        "json": true
      },
      "version": "6.1.1"
    }
  }
}